2024-03-25T16:23:59.240+0100 notice   [Polyrecorder] Polyrecorder started. appStart=37808.95402545833 modelIdentifier=MacBookPro18,3 operatingSystem=Version 14.4 (Build 23E214) systemLaunch=2024-03-25 04:53:50 +0000 version=1.6.0
2024-03-25T16:23:59.240+0100 debug    [Polyrecorder] Accessing active displays
2024-03-25T16:23:59.279+0100 notice   [Polyrecorder] Active displays: [polyrecorder.DisplayDiscovery.Display(displayID: 2, bounds: polyrecorder.Bounds(x: 0.0, y: 0.0, width: 3008.0, height: 1692.0), refreshRate: 60.0, isMain: true, isBuiltin: false), polyrecorder.DisplayDiscovery.Display(displayID: 1, bounds: polyrecorder.Bounds(x: 732.0, y: 1692.0, width: 1512.0, height: 982.0), refreshRate: 120.0, isMain: false, isBuiltin: true)]
2024-03-25T16:23:59.279+0100 debug    [Polyrecorder] Validating configuration.
2024-03-25T16:23:59.279+0100 notice   [Polyrecorder] Configuration validated: {
  "logLevel" : "debug",
  "channels" : [
    {
      "type" : "input",
      "captureKeyStrokes" : true
    },
    {
      "excludedWindowIds" : [
        8633,
        6723
      ],
      "excludeFinderDesktopIcons" : false,
      "type" : "display",
      "cropRect" : {
        "height" : 1080,
        "yAxis" : "topBasedIncreasingDownwards",
        "x" : 642,
        "y" : 151,
        "width" : 1920
      },
      "displayId" : 2
    }
  ],
  "outputDirectory" : "\/var\/folders\/bg\/y1jby3sd0kg6rdtnglcr38pc0000gn\/T\/Area 2024-03-25 16:23:59"
}
2024-03-25T16:23:59.279+0100 debug    [Polyrecorder] Creating output directory. url=file:///var/folders/bg/y1jby3sd0kg6rdtnglcr38pc0000gn/T/Area%202024-03-25%2016:23:59
2024-03-25T16:23:59.280+0100 notice   [Polyrecorder] Created output directory. url=file:///var/folders/bg/y1jby3sd0kg6rdtnglcr38pc0000gn/T/Area%202024-03-25%2016:23:59
2024-03-25T16:23:59.280+0100 debug    [Polyrecorder] Redirecting logs to file. url=file:///var/folders/bg/y1jby3sd0kg6rdtnglcr38pc0000gn/T/Area%202024-03-25%2016:23:59/polyrecorder.log
2024-03-25T16:23:59.280+0100 notice   [Polyrecorder] Redirected logs to file. url=file:///var/folders/bg/y1jby3sd0kg6rdtnglcr38pc0000gn/T/Area%202024-03-25%2016:23:59/polyrecorder.log
2024-03-25T16:23:59.280+0100 debug    [Polyrecorder] Attaching uncaught exception handler.
2024-03-25T16:23:59.280+0100 notice   [Polyrecorder] Attached uncaught exception handler.
2024-03-25T16:23:59.280+0100 debug    [Polyrecorder] Enabling DAL devices...
2024-03-25T16:23:59.296+0100 notice   [Polyrecorder] Enabled DAL devices.
2024-03-25T16:23:59.296+0100 debug    [Polyrecorder] Creating conductor with recorders. channels=2
2024-03-25T16:23:59.296+0100 debug    [CursorRecorder] Checking if cursor folder/files don't exist yet.
2024-03-25T16:23:59.296+0100 notice   [CursorRecorder] Checked cursor folder/files don't exist yet.
2024-03-25T16:23:59.296+0100 debug    [CursorRecorder] Creating display link. displayId=2
2024-03-25T16:23:59.298+0100 notice   [CursorRecorder] Created display link. displayId=2
2024-03-25T16:23:59.298+0100 debug    [InputRecorder] Checking input monitoring authorization status. id=channel-0-input
2024-03-25T16:23:59.309+0100 notice   [InputRecorder] Input monitoring is authorized. id=channel-0-input
2024-03-25T16:23:59.325+0100 debug    [DisplayRecorder: channel-1-display] Checking if displayID 2 is in Active Displays list id=channel-1-display
2024-03-25T16:23:59.325+0100 debug    [DisplayRecorder: channel-1-display] Creating DisplayRecorderOutput id=channel-1-display
2024-03-25T16:23:59.330+0100 notice   [DisplayRecorder: channel-1-display] Created DisplayRecorderOutput id=channel-1-display output=DisplayRecorderOutput(cropRect: Optional((642.0, 151.0, 1920.0, 1080.0)), recordBounds: (642.0, 151.0, 1920.0, 1080.0), displayScaleFactor: 2, displayRefreshRate: 60.0, minFrameDuration: CMTime(seconds:0.016666666666666666 timescale:60 value:1 flags:valid), recordingScale: 0.5, assetWriterSettings: polyrecorder.AssetWriterSettings(mediaType: __C.AVMediaType(_rawValue: vide), outputSettings: ["AVVideoCodecKey": avc1, "AVVideoWidthKey": 3840, "AVVideoCompressionPropertiesKey": {
    AllowFrameReordering = 1;
    AverageBitRate = 25000000;
    AverageNonDroppableFrameRate = 30;
    ExpectedFrameRate = 60;
    H264EntropyMode = CABAC;
    MaxKeyFrameInterval = 30;
    ProfileLevel = "H264_High_AutoLevel";
}, "AVVideoHeightKey": 2160, "AVVideoEncoderSpecificationKey": {
    EnableHardwareAcceleratedVideoEncoder = 1;
}, "AVVideoScalingModeKey": AVVideoScalingModeResizeAspect]))
2024-03-25T16:23:59.330+0100 info     [Polyrecorder] Created conductor with recorders. channels=2 recorders=3
2024-03-25T16:23:59.330+0100 debug    [Polyrecorder] Attaching recorder abortion handler.
2024-03-25T16:23:59.330+0100 notice   [Polyrecorder] Attached recorder abortion handler.
2024-03-25T16:23:59.330+0100 debug    [Polyrecorder] Installing signal handlers on process 57443.
2024-03-25T16:23:59.330+0100 notice   [Polyrecorder] Installed signal handlers on process 57443.
2024-03-25T16:23:59.330+0100 notice   [Polyrecorder] Setup finished.
2024-03-25T16:23:59.330+0100 debug    [Conductor] Starting recording.
2024-03-25T16:23:59.330+0100 debug    [Conductor] Starting latency critical activity.
2024-03-25T16:23:59.331+0100 notice   [Conductor] Started latency critical activity.
2024-03-25T16:23:59.331+0100 debug    [Conductor] Setting up all recorders. recorders=3
2024-03-25T16:23:59.331+0100 debug    [CursorRecorder] Creating cursor image directory. id=channel-0-cursor url=file:///var/folders/bg/y1jby3sd0kg6rdtnglcr38pc0000gn/T/Area%202024-03-25%2016:23:59/cursors/
2024-03-25T16:23:59.331+0100 debug    [InputRecorder] Starting event monitor. id=channel-0-input
2024-03-25T16:23:59.331+0100 info     [InputRecorder] Event monitor started. id=channel-0-input
2024-03-25T16:23:59.331+0100 notice   [InputRecorder] Setup complete id=channel-0-input
2024-03-25T16:23:59.331+0100 debug    [DisplayRecorder: channel-1-display] Accessing ShareableContent id=channel-1-display
2024-03-25T16:23:59.331+0100 notice   [CursorRecorder] Created cursor image directory. id=channel-0-cursor url=file:///var/folders/bg/y1jby3sd0kg6rdtnglcr38pc0000gn/T/Area%202024-03-25%2016:23:59/cursors/
2024-03-25T16:23:59.363+0100 debug    [CursorRecorder] Preloading system cursors. cursors=18 id=channel-0-cursor
2024-03-25T16:23:59.363+0100 notice   [CursorRecorder] Preloaded system cursors. cursors=18 id=channel-0-cursor
2024-03-25T16:23:59.363+0100 debug    [CursorRecorder] Configuring display link output handler. errorRateLimit=10.0 id=channel-0-cursor
2024-03-25T16:23:59.363+0100 info     [CursorRecorder] Display link output handler configured. errorRateLimit=10.0 id=channel-0-cursor
2024-03-25T16:23:59.363+0100 debug    [CursorRecorder] Setting current display on display link. displayId=2 id=channel-0-cursor
2024-03-25T16:23:59.363+0100 info     [CursorRecorder] Current display on display link set. displayId=2 id=channel-0-cursor
2024-03-25T16:23:59.363+0100 debug    [CursorRecorder] Starting display link. displayId=2 id=channel-0-cursor
2024-03-25T16:23:59.363+0100 notice   [CursorRecorder] Started display link. displayId=2 id=channel-0-cursor
2024-03-25T16:23:59.363+0100 notice   [CursorRecorder] Setup complete id=channel-0-cursor
2024-03-25T16:23:59.371+0100 notice   [DisplayRecorder: channel-1-display] Received ShareableContent attempt=1 id=channel-1-display
2024-03-25T16:23:59.371+0100 debug    [DisplayRecorder: channel-1-display] Creating SCContentFilter from configuration id=channel-1-display
2024-03-25T16:23:59.372+0100 debug    [DisplayRecorder: channel-1-display] Creating SCStream id=channel-1-display streamConfig=SCStreamConfiguration sourceRect:(642.0, 151.0, 1920.0, 1080.0) width:3840 height:2160 queueDepth:8
2024-03-25T16:23:59.379+0100 notice   [CursorRecorder] Refresh rate of current display changed. currentDisplay=2 id=channel-0-cursor refreshRate=59 FPS
2024-03-25T16:23:59.425+0100 notice   [DisplayRecorder: channel-1-display] Created SCStream id=channel-1-display
2024-03-25T16:23:59.425+0100 debug    [DisplayRecorder: channel-1-display] Add StreamOutput to capture screen content id=channel-1-display
2024-03-25T16:23:59.425+0100 debug    [DisplayRecorder: channel-1-display] Enable verbose SCK logging id=channel-1-display
2024-03-25T16:23:59.425+0100 debug    [DisplayRecorder: channel-1-display] Start stream capture id=channel-1-display
2024-03-25T16:23:59.464+0100 notice   [DisplayRecorder: channel-1-display] Started stream capture id=channel-1-display
2024-03-25T16:23:59.464+0100 debug    [DisplayRecorder: channel-1-display] Waiting for ring buffer to have a frame id=channel-1-display
2024-03-25T16:23:59.490+0100 debug    [StreamCoordinator: channel-1-display] Stream did output sample buffer id=channel-1-display isValid=true
2024-03-25T16:23:59.490+0100 debug    [DisplayRecorder: channel-1-display] Checking delta of presentation time stamp to host time clock. framePTS=37809.204483541 hostTime=37809.209084333 id=channel-1-display
2024-03-25T16:23:59.490+0100 notice   [DisplayRecorder: channel-1-display] Trivial delta between presentation time stamp to host time clock, will trust frame PTS. framePTS=37809.204483541 hostTime=37809.209084333 hostTimeDelta=0.004600792 id=channel-1-display
2024-03-25T16:23:59.490+0100 notice   [DisplayRecorder: channel-1-display] Ring buffer has a frame id=channel-1-display
2024-03-25T16:23:59.490+0100 debug    [DisplayRecorder: channel-1-display] Disable verbose SCK logging id=channel-1-display
2024-03-25T16:23:59.490+0100 notice   [DisplayRecorder: channel-1-display] Setup complete id=channel-1-display
2024-03-25T16:23:59.490+0100 notice   [Conductor] Did setup all recorders. recorders=3
2024-03-25T16:23:59.490+0100 debug    [Conductor] Calling prepare on all recorders for session. recorders=3
2024-03-25T16:23:59.490+0100 notice   [InputRecorder] Preparing session. id=channel-0-input sessions=0
2024-03-25T16:23:59.490+0100 debug    [DisplayRecorder: channel-1-display] Creating SessionWriter id=channel-1-display
2024-03-25T16:23:59.491+0100 debug    [SessionWriter: channel-1-display-0] Creating AVAssetWriter id=channel-1-display
2024-03-25T16:23:59.491+0100 notice   [InputRecorder] Prepared session. id=channel-0-input sessions=1
2024-03-25T16:23:59.491+0100 notice   [SessionWriter: channel-1-display-0] Created AVAssetWriter id=channel-1-display
2024-03-25T16:23:59.491+0100 debug    [SessionWriter: channel-1-display-0] Add AVAssetWriter.error observation id=channel-1-display
2024-03-25T16:23:59.492+0100 notice   [SessionWriter: channel-1-display-0] Added AVAssetWriter.error observation id=channel-1-display
2024-03-25T16:23:59.492+0100 debug    [SessionWriter: channel-1-display-0] Creating AVAssetWriterInput id=channel-1-display mediaType=AVMediaType(_rawValue: vide) outputSettings=["AVVideoCodecKey": avc1, "AVVideoWidthKey": 3840, "AVVideoCompressionPropertiesKey": {
    AllowFrameReordering = 1;
    AverageBitRate = 25000000;
    AverageNonDroppableFrameRate = 30;
    ExpectedFrameRate = 60;
    H264EntropyMode = CABAC;
    MaxKeyFrameInterval = 30;
    ProfileLevel = "H264_High_AutoLevel";
}, "AVVideoHeightKey": 2160, "AVVideoEncoderSpecificationKey": {
    EnableHardwareAcceleratedVideoEncoder = 1;
}, "AVVideoScalingModeKey": AVVideoScalingModeResizeAspect]
2024-03-25T16:23:59.563+0100 debug    [SessionWriter: channel-1-display-0] Adding AVAssetWriterInput to AVAssetWriter. id=channel-1-display
2024-03-25T16:23:59.563+0100 notice   [SessionWriter: channel-1-display-0] Added AVAssetWriterInput to AVAssetWriter id=channel-1-display
2024-03-25T16:23:59.583+0100 debug    [DisplayRecorder: channel-1-display] Processing initial samples from buffer. bufferCount=2 id=channel-1-display
2024-03-25T16:23:59.583+0100 debug    [DisplayRecorder: channel-1-display] Processed initial samples from buffer. bufferCount=2 id=channel-1-display
2024-03-25T16:23:59.583+0100 notice   [DisplayRecorder: channel-1-display] Created SessionWriter id=channel-1-display
2024-03-25T16:23:59.583+0100 notice   [Conductor] Called prepare recorders for session. recorders=3
2024-03-25T16:23:59.583+0100 debug    [Conductor] Broadcasting over stdout that all recorders are prepared. recorders=3
2024-03-25T16:23:59.583+0100 notice   [Conductor] Broadcasted over stdout that all recorders are prepared. recorders=3
2024-03-25T16:23:59.989+0100 notice   [SignalHandler] Received SIGCONT.
2024-03-25T16:23:59.989+0100 debug    [Conductor] Resuming recording.
2024-03-25T16:23:59.989+0100 notice   [Conductor] Recording resumed. recordFrom=37809.70806879167
2024-03-25T16:24:00.103+0100 debug    [SessionWriter: channel-1-display-0] Start session on AVAssetWriter id=channel-1-display sessionStart=CMTime(seconds:37809.708068791 timescale:1000000000 value:37809708068791 flags:valid, hasBeenRounded)
2024-03-25T16:24:00.103+0100 notice   [SessionWriter: channel-1-display-0] Started session on AVAssetWriter id=channel-1-display sessionStart=CMTime(seconds:37809.708068791 timescale:1000000000 value:37809708068791 flags:valid, hasBeenRounded)
2024-03-25T16:24:00.103+0100 notice   [SessionWriter: channel-1-display-0] Appending first sample buffer duration=CMTime(seconds:nan timescale:0 value:0 flags:<empty>) id=channel-1-display newPresentationTime=CMTime(seconds:37809.708068791 timescale:1000000000 value:37809708068791 flags:valid, hasBeenRounded) originalDecodeTime=CMTime(seconds:nan timescale:0 value:0 flags:<empty>) originalPresentationTime=CMTime(seconds:37809.554504833 timescale:1000000000 value:37809554504833 flags:valid)
2024-03-25T16:24:00.109+0100 debug    [InputRecorderSession] Generated mouse move events for cursor changes between mouse moves. after=37809.801588041 generatedEvents=1 id=channel-0-input session=0 untilIncluding=37809.827285041
2024-03-25T16:24:00.109+0100 notice   [SessionWriter: channel-1-display-0] Appending second sample buffer duration=CMTime(seconds:nan timescale:0 value:0 flags:<empty>) id=channel-1-display newPresentationTime=CMTime(seconds:37809.821187708 timescale:1000000000 value:37809821187708 flags:valid) originalDecodeTime=CMTime(seconds:nan timescale:0 value:0 flags:<empty>) originalPresentationTime=CMTime(seconds:37809.821187708 timescale:1000000000 value:37809821187708 flags:valid)
2024-03-25T16:24:00.170+0100 debug    [InputRecorderSession] Generated mouse move events for cursor changes between mouse moves. after=37809.879140458 generatedEvents=1 id=channel-0-input session=0 untilIncluding=37809.883663
2024-03-25T16:24:00.315+0100 debug    [InputRecorderSession] Generated mouse move events for cursor changes between mouse moves. after=37810.003620166 generatedEvents=1 id=channel-0-input session=0 untilIncluding=37810.018940875
2024-03-25T16:24:00.741+0100 debug    [InputRecorderSession] Generated mouse move events for cursor changes between mouse moves. after=37810.446618 generatedEvents=1 id=channel-0-input session=0 untilIncluding=37810.453745375
2024-03-25T16:24:02.674+0100 debug    [InputRecorderSession] Generated mouse move events for cursor changes between mouse moves. after=37812.373594208 generatedEvents=1 id=channel-0-input session=0 untilIncluding=37812.381597375
2024-03-25T16:24:02.798+0100 debug    [InputRecorderSession] Generated mouse move events for cursor changes between mouse moves. after=37812.509181458 generatedEvents=1 id=channel-0-input session=0 untilIncluding=37812.516566
2024-03-25T16:24:04.182+0100 debug    [InputRecorderSession] Generated mouse move events for cursor changes between mouse moves. after=37812.817217125 generatedEvents=1 id=channel-0-input session=0 untilIncluding=37813.897305583
2024-03-25T16:24:04.603+0100 debug    [InputRecorderSession] Generated mouse move events for cursor changes between mouse moves. after=37814.302045416 generatedEvents=1 id=channel-0-input session=0 untilIncluding=37814.317122583
2024-03-25T16:24:06.383+0100 debug    [InputRecorderSession] Generated mouse move events for cursor changes between mouse moves. after=37816.06427225 generatedEvents=1 id=channel-0-input session=0 untilIncluding=37816.101662458
2024-03-25T16:24:14.817+0100 debug    [InputRecorderSession] Generated mouse move events for cursor changes between mouse moves. after=37824.523695125 generatedEvents=1 id=channel-0-input session=0 untilIncluding=37824.531747916
2024-03-25T16:24:16.028+0100 debug    [InputRecorderSession] Generated mouse move events for cursor changes between mouse moves. after=37824.771780625 generatedEvents=1 id=channel-0-input session=0 untilIncluding=37825.74674775
2024-03-25T16:24:16.138+0100 debug    [InputRecorderSession] Generated mouse move events for cursor changes between mouse moves. after=37825.843666583 generatedEvents=1 id=channel-0-input session=0 untilIncluding=37825.851702541
2024-03-25T16:24:16.205+0100 debug    [InputRecorderSession] Generated mouse move events for cursor changes between mouse moves. after=37825.911702875 generatedEvents=1 id=channel-0-input session=0 untilIncluding=37825.918659416
2024-03-25T16:24:16.224+0100 debug    [InputRecorderSession] Generated mouse move events for cursor changes between mouse moves. after=37825.926708666 generatedEvents=1 id=channel-0-input session=0 untilIncluding=37825.933782125
2024-03-25T16:24:16.297+0100 debug    [InputRecorderSession] Generated mouse move events for cursor changes between mouse moves. after=37825.993575916 generatedEvents=1 id=channel-0-input session=0 untilIncluding=37826.00879075
2024-03-25T16:24:16.317+0100 debug    [InputRecorderSession] Generated mouse move events for cursor changes between mouse moves. after=37826.023652416 generatedEvents=1 id=channel-0-input session=0 untilIncluding=37826.031640875
2024-03-25T16:24:17.461+0100 notice   [SignalHandler] Received SIGINT.
2024-03-25T16:24:17.461+0100 warning  [Conductor] Pausing the recording to be able to stop.
2024-03-25T16:24:17.461+0100 debug    [Conductor] Pausing recording.
2024-03-25T16:24:17.461+0100 notice   [Conductor] Recording paused. recordUntil=37827.17996741667
2024-03-25T16:24:17.461+0100 debug    [Conductor] Stopping recording.
2024-03-25T16:24:17.461+0100 debug    [Conductor] Cleaning up recorders. recorders=3
2024-03-25T16:24:17.461+0100 debug    [CursorRecorder] Stopping display link. id=channel-0-cursor
2024-03-25T16:24:17.461+0100 debug    [InputRecorder] Stopping event monitor. id=channel-0-input
2024-03-25T16:24:17.461+0100 debug    [DisplayRecorder: channel-1-display] Completing all session writers id=channel-1-display sessionWriters.count=1
2024-03-25T16:24:17.461+0100 notice   [CursorRecorder] Stopped display link. id=channel-0-cursor
2024-03-25T16:24:17.461+0100 notice   [InputRecorder] Stopped globalMonitorForEvents. id=channel-0-input
2024-03-25T16:24:17.461+0100 debug    [SessionWriter: channel-1-display-0] Completing recording. id=channel-1-display
2024-03-25T16:24:17.461+0100 info     [InputRecorder] Event monitor stopped. id=channel-0-input
2024-03-25T16:24:17.461+0100 debug    [SessionWriter: channel-1-display-0] Waiting for final frames. id=channel-1-display
2024-03-25T16:24:17.461+0100 debug    [InputRecorder] Stopping cursor change monitor. id=channel-0-input
2024-03-25T16:24:17.461+0100 info     [InputRecorder] Cursor change monitor stopped. id=channel-0-input
2024-03-25T16:24:17.461+0100 debug    [InputRecorder] Finishing sessions. id=channel-0-input
2024-03-25T16:24:17.461+0100 debug    [InputRecorderSession] Generating mouse move events for stationary cursor changes at end of session. id=channel-0-input session=0
2024-03-25T16:24:17.461+0100 notice   [SessionWriter: channel-1-display-0] Newer item produced recently, waiting for another second. id=channel-1-display lastItemTime=CMTime(seconds:37825.988838 timescale:1000000000 value:37825988838000 flags:valid) previousLastItemTime=CMTime(seconds:-inf timescale:0 value:0 flags:valid, negativeInfinity)
2024-03-25T16:24:17.461+0100 notice   [InputRecorderSession] Generated mouse move events for stationary cursor changes at end of session. after=37827.021748541 generatedEvents=0 id=channel-0-input session=0 untilIncluding=37827.17996741667
2024-03-25T16:24:17.462+0100 debug    [CursorRecorder] Writing cursor information to disk. count=19 id=channel-0-cursor url=file:///var/folders/bg/y1jby3sd0kg6rdtnglcr38pc0000gn/T/Area%202024-03-25%2016:23:59/cursors.json
2024-03-25T16:24:17.462+0100 notice   [InputRecorder] Finished writers. id=channel-0-input
2024-03-25T16:24:17.463+0100 notice   [CursorRecorder] Cursor information written to disk. count=19 id=channel-0-cursor url=file:///var/folders/bg/y1jby3sd0kg6rdtnglcr38pc0000gn/T/Area%202024-03-25%2016:23:59/cursors.json
2024-03-25T16:24:17.463+0100 debug    [CursorRecorder] Writing cursor images to disk. count=19 id=channel-0-cursor url=file:///var/folders/bg/y1jby3sd0kg6rdtnglcr38pc0000gn/T/Area%202024-03-25%2016:23:59/cursors/
2024-03-25T16:24:17.482+0100 notice   [CursorRecorder] Cursor images are written to disk. count=19 id=channel-0-cursor url=file:///var/folders/bg/y1jby3sd0kg6rdtnglcr38pc0000gn/T/Area%202024-03-25%2016:23:59/cursors/
2024-03-25T16:24:18.529+0100 warning  [SessionWriter: channel-1-display-0] Cancelling wait for final frames, no newer frame produced. id=channel-1-display lastItemTime=CMTime(seconds:37825.988838 timescale:1000000000 value:37825988838000 flags:valid) previousLastItemTime=CMTime(seconds:37825.988838 timescale:1000000000 value:37825988838000 flags:valid)
2024-03-25T16:24:18.529+0100 notice   [SessionWriter: channel-1-display-0] Waiting for final frames timed out. id=channel-1-display systemUptime=37828.24758329167
2024-03-25T16:24:18.529+0100 debug    [SessionWriter: channel-1-display-0] Finishing SessionBuffer. id=channel-1-display
2024-03-25T16:24:18.529+0100 notice   [SessionWriter: channel-1-display-0] Reporting previous times duration=CMTime(seconds:nan timescale:0 value:0 flags:<empty>) id=channel-1-display newPresentationTime=CMTime(seconds:37825.988838 timescale:1000000000 value:37825988838000 flags:valid) originalDecodeTime=CMTime(seconds:nan timescale:0 value:0 flags:<empty>) originalPresentationTime=CMTime(seconds:37825.988838 timescale:1000000000 value:37825988838000 flags:valid)
2024-03-25T16:24:18.529+0100 notice   [SessionWriter: channel-1-display-0] Appending last sample buffer duration=CMTime(seconds:nan timescale:0 value:0 flags:<empty>) id=channel-1-display newPresentationTime=CMTime(seconds:37827.179967416 timescale:1000000000 value:37827179967416 flags:valid, hasBeenRounded) originalDecodeTime=CMTime(seconds:nan timescale:0 value:0 flags:<empty>) originalPresentationTime=CMTime(seconds:37825.988838 timescale:1000000000 value:37825988838000 flags:valid)
2024-03-25T16:24:18.530+0100 notice   [SessionWriter: channel-1-display-0] Finished SessionBuffer. id=channel-1-display
2024-03-25T16:24:18.530+0100 debug    [SessionWriter: channel-1-display-0] Flushing all frames from backpressure buffer. id=channel-1-display itemsInBuffer=0
2024-03-25T16:24:18.530+0100 notice   [SessionWriter: channel-1-display-0] Flushed all frames from backpressure buffer. id=channel-1-display itemsInBuffer=0
2024-03-25T16:24:18.530+0100 debug    [SessionWriter: channel-1-display-0] End session on AVAssetWriter id=channel-1-display sessionEnd=CMTime(seconds:37827.179967416 timescale:1000000000 value:37827179967416 flags:valid, hasBeenRounded)
2024-03-25T16:24:18.593+0100 notice   [SessionWriter: channel-1-display-0] End session on AVAssetWriter id=channel-1-display sessionEnd=CMTime(seconds:37827.179967416 timescale:1000000000 value:37827179967416 flags:valid, hasBeenRounded)
2024-03-25T16:24:18.593+0100 debug    [SessionWriter: channel-1-display-0] Finishing writing to asset writer. id=channel-1-display
2024-03-25T16:24:18.598+0100 notice   [SessionWriter: channel-1-display-0] Finished writing to assset writer. id=channel-1-display
2024-03-25T16:24:18.598+0100 debug    [SessionWriter: channel-1-display-0] Finishing writing to metadata file. id=channel-1-display
2024-03-25T16:24:18.598+0100 notice   [SessionWriter: channel-1-display-0] Finished writing to metadata file. id=channel-1-display
2024-03-25T16:24:18.598+0100 notice   [SessionWriter: channel-1-display-0] Completed recording, returning metadata. framesProcessed (excluding initial Ring buffer)=198 id=channel-1-display
2024-03-25T16:24:18.599+0100 notice   [DisplayRecorder: channel-1-display] Completed all session writers id=channel-1-display sessionWriters.count=1
2024-03-25T16:24:18.599+0100 debug    [DisplayRecorder: channel-1-display] Stopping stream capture. id=channel-1-display
2024-03-25T16:24:18.604+0100 notice   [DisplayRecorder: channel-1-display] Stopped stream capture. id=channel-1-display
2024-03-25T16:24:18.604+0100 debug    [DisplayRecorder: channel-1-display] Clearing frame timeout. id=channel-1-display
2024-03-25T16:24:18.604+0100 notice   [DisplayRecorder: channel-1-display] Cleared frame timeout. id=channel-1-display
2024-03-25T16:24:18.604+0100 debug    [DisplayRecorder: channel-1-display] Returning Metadata from cleanup id=channel-1-display totalFramesProcessed=198
2024-03-25T16:24:18.604+0100 debug    [DisplayRecorder: channel-1-display] Checking if file is undamaged id=channel-1-display url=file:///var/folders/bg/y1jby3sd0kg6rdtnglcr38pc0000gn/T/Area%202024-03-25%2016:23:59/channel-1-display-0.mp4
2024-03-25T16:24:18.606+0100 debug    [DisplayRecorder: channel-1-display] Loaded duration from file duration=CMTime(seconds:17.471666666666668 timescale:600 value:10483 flags:valid) id=channel-1-display url=file:///var/folders/bg/y1jby3sd0kg6rdtnglcr38pc0000gn/T/Area%202024-03-25%2016:23:59/channel-1-display-0.mp4
2024-03-25T16:24:18.606+0100 notice   [Conductor] Finalized recorders. errors=0 metadataCount=3 recorders=3
2024-03-25T16:24:18.606+0100 debug    [Conductor] Writing metadata file. metadataCount=3
2024-03-25T16:24:18.608+0100 notice   [Conductor] Metadata file written. metadataCount=3
2024-03-25T16:24:18.608+0100 debug    [Conductor] Ending latency critical activity.
2024-03-25T16:24:18.608+0100 notice   [Conductor] Ended latency critical activity.
2024-03-25T16:24:18.608+0100 notice   [Conductor] Recording stopped. errorCount=0 metadataCount=3 recorders=3
2024-03-25T16:24:18.609+0100 notice   [Conductor] Stopped recording. sessions=[
from:     37809.708  2024-03-25T16:23:59.989+0100
until:    37827.180  2024-03-25T16:24:17.461+0100
duration: 17.472
]
2024-03-25T16:24:18.609+0100 notice   [Polyrecorder] Nominal recording ended.
