2024-11-04T13:41:51.978+0100 notice   [Polyrecorder] Polyrecorder started. appStart=32272.417926916667 modelIdentifier=Mac14,2 operatingSystem=Version 15.1 (Build 24B83) systemLaunch=2024-11-04 03:43:59 +0000 version=1.10.1
2024-11-04T13:41:51.978+0100 notice   [polyrecorder] Connect RecordKit logger to Polyrecorder logger rkLogLevel=debug
2024-11-04T13:41:51.979+0100 debug    [Polyrecorder] Accessing active displays
2024-11-04T13:41:52.012+0100 notice   [Polyrecorder] Active displays: [polyrecorder.DisplayDiscovery.Display(displayID: 2, bounds: polyrecorder.Bounds(x: 0.0, y: 0.0, width: 3008.0, height: 1692.0), refreshRate: 60.0, isMain: true, isBuiltin: false), polyrecorder.DisplayDiscovery.Display(displayID: 1, bounds: polyrecorder.Bounds(x: 617.0, y: 1692.0, width: 1710.0, height: 1112.0), refreshRate: 60.0, isMain: false, isBuiltin: true)]
2024-11-04T13:41:52.013+0100 debug    [Polyrecorder] Validating configuration.
2024-11-04T13:41:52.013+0100 notice   [Polyrecorder] Configuration validated: {
  "outputDirectory" : "\/var\/folders\/79\/0y_fdswx35xgch3qfgbtjnth0000gn\/T\/Arc 2024-11-04 13:41:51",
  "logLevel" : "debug",
  "channels" : [
    {
      "type" : "input",
      "captureKeyStrokes" : true
    },
    {
      "cropRect" : {
        "x" : 0,
        "y" : 25,
        "yAxis" : "topBasedIncreasingDownwards",
        "width" : 1920,
        "height" : 1080
      },
      "displayId" : 2,
      "excludeFinderDesktopIcons" : false,
      "excludedWindowIds" : [
        3028,
        3027,
        3026,
        2606
      ],
      "type" : "display"
    }
  ]
}
2024-11-04T13:41:52.013+0100 debug    [Polyrecorder] Creating output directory. url=file:///var/folders/79/0y_fdswx35xgch3qfgbtjnth0000gn/T/Arc%202024-11-04%2013:41:51
2024-11-04T13:41:52.013+0100 notice   [Polyrecorder] Created output directory. url=file:///var/folders/79/0y_fdswx35xgch3qfgbtjnth0000gn/T/Arc%202024-11-04%2013:41:51
2024-11-04T13:41:52.013+0100 debug    [Polyrecorder] Redirecting logs to file. url=file:///var/folders/79/0y_fdswx35xgch3qfgbtjnth0000gn/T/Arc%202024-11-04%2013:41:51/polyrecorder.log
2024-11-04T13:41:52.013+0100 notice   [Polyrecorder] Redirected logs to file. url=file:///var/folders/79/0y_fdswx35xgch3qfgbtjnth0000gn/T/Arc%202024-11-04%2013:41:51/polyrecorder.log
2024-11-04T13:41:52.013+0100 debug    [Polyrecorder] Attaching uncaught exception handler.
2024-11-04T13:41:52.013+0100 notice   [Polyrecorder] Attached uncaught exception handler.
2024-11-04T13:41:52.013+0100 debug    [Polyrecorder] Enabling DAL devices...
2024-11-04T13:41:52.036+0100 notice   [Polyrecorder] Enabled DAL devices.
2024-11-04T13:41:52.036+0100 debug    [Polyrecorder] Creating conductor with recorders. channels=2
2024-11-04T13:41:52.037+0100 debug    [CursorRecorder] Checking if cursor folder/files don't exist yet.
2024-11-04T13:41:52.037+0100 notice   [CursorRecorder] Checked cursor folder/files don't exist yet.
2024-11-04T13:41:52.037+0100 debug    [CursorRecorder] Creating display link. displayId=2
2024-11-04T13:41:52.039+0100 notice   [CursorRecorder] Created display link. displayId=2
2024-11-04T13:41:52.039+0100 debug    [InputRecorder] Checking input monitoring authorization status. id=channel-0-input
2024-11-04T13:41:52.049+0100 notice   [InputRecorder] Input monitoring is authorized. id=channel-0-input
2024-11-04T13:41:52.063+0100 debug    [DisplayRecorder: channel-1-display] Checking if displayID 2 is in Active Displays list id=channel-1-display
2024-11-04T13:41:52.063+0100 debug    [DisplayRecorder: channel-1-display] Creating DisplayRecorderOutput id=channel-1-display
2024-11-04T13:41:52.065+0100 notice   [DisplayRecorder: channel-1-display] Created DisplayRecorderOutput id=channel-1-display output=DisplayRecorderOutput(cropRect: Optional((0.0, 25.0, 1920.0, 1080.0)), recordBounds: (0.0, 25.0, 1920.0, 1080.0), displayScaleFactor: 2, displayRefreshRate: 60.0, minFrameDuration: CMTime(seconds:0.016666666666666666 timescale:60 value:1 flags:valid), recordingScale: 0.5, assetWriterSettings: polyrecorder.AssetWriterSettings(mediaType: __C.AVMediaType(_rawValue: vide), outputSettings: ["AVVideoScalingModeKey": AVVideoScalingModeResizeAspect, "AVVideoCodecKey": avc1, "AVVideoCompressionPropertiesKey": {
    AllowFrameReordering = 1;
    AverageBitRate = 25000000;
    AverageNonDroppableFrameRate = 30;
    ExpectedFrameRate = 60;
    H264EntropyMode = CABAC;
    MaxKeyFrameInterval = 30;
    ProfileLevel = "H264_High_AutoLevel";
}, "AVVideoEncoderSpecificationKey": {
    EnableHardwareAcceleratedVideoEncoder = 1;
}, "AVVideoHeightKey": 2160, "AVVideoWidthKey": 3840]))
2024-11-04T13:41:52.066+0100 info     [Polyrecorder] Created conductor with recorders. channels=2 recorders=3
2024-11-04T13:41:52.066+0100 debug    [Polyrecorder] Attaching recorder abortion handler.
2024-11-04T13:41:52.066+0100 notice   [Polyrecorder] Attached recorder abortion handler.
2024-11-04T13:41:52.066+0100 debug    [Polyrecorder] Installing signal handlers on process 15813.
2024-11-04T13:41:52.066+0100 notice   [Polyrecorder] Installed signal handlers on process 15813.
2024-11-04T13:41:52.066+0100 notice   [Polyrecorder] Setup finished.
2024-11-04T13:41:52.066+0100 debug    [Conductor] Starting recording.
2024-11-04T13:41:52.066+0100 debug    [Conductor] Starting latency critical activity.
2024-11-04T13:41:52.067+0100 notice   [Conductor] Started latency critical activity.
2024-11-04T13:41:52.067+0100 debug    [Conductor] Setting up all recorders. recorders=3
2024-11-04T13:41:52.067+0100 debug    [CursorRecorder] Creating cursor image directory. id=channel-0-cursor url=file:///var/folders/79/0y_fdswx35xgch3qfgbtjnth0000gn/T/Arc%202024-11-04%2013:41:51/cursors/
2024-11-04T13:41:52.067+0100 debug    [InputRecorder] Starting event monitor. id=channel-0-input
2024-11-04T13:41:52.067+0100 debug    [DisplayRecorder: channel-1-display] Accessing ShareableContent id=channel-1-display
2024-11-04T13:41:52.067+0100 info     [InputRecorder] Event monitor started. id=channel-0-input
2024-11-04T13:41:52.067+0100 notice   [InputRecorder] Setup complete id=channel-0-input
2024-11-04T13:41:52.067+0100 notice   [CursorRecorder] Created cursor image directory. id=channel-0-cursor url=file:///var/folders/79/0y_fdswx35xgch3qfgbtjnth0000gn/T/Arc%202024-11-04%2013:41:51/cursors/
2024-11-04T13:41:52.107+0100 debug    [CursorRecorder] Preloading system cursors. cursors=18 id=channel-0-cursor
2024-11-04T13:41:52.107+0100 notice   [CursorRecorder] Preloaded system cursors. cursors=18 id=channel-0-cursor
2024-11-04T13:41:52.108+0100 debug    [CursorRecorder] Configuring display link output handler. errorRateLimit=10.0 id=channel-0-cursor
2024-11-04T13:41:52.108+0100 info     [CursorRecorder] Display link output handler configured. errorRateLimit=10.0 id=channel-0-cursor
2024-11-04T13:41:52.108+0100 debug    [CursorRecorder] Setting current display on display link. displayId=2 id=channel-0-cursor
2024-11-04T13:41:52.108+0100 info     [CursorRecorder] Current display on display link set. displayId=2 id=channel-0-cursor
2024-11-04T13:41:52.108+0100 debug    [CursorRecorder] Starting display link. displayId=2 id=channel-0-cursor
2024-11-04T13:41:52.108+0100 notice   [CursorRecorder] Started display link. displayId=2 id=channel-0-cursor
2024-11-04T13:41:52.108+0100 notice   [CursorRecorder] Setup complete id=channel-0-cursor
2024-11-04T13:41:52.111+0100 notice   [DisplayRecorder: channel-1-display] Received ShareableContent attempt=1 id=channel-1-display restarted=false
2024-11-04T13:41:52.111+0100 debug    [DisplayRecorder: channel-1-display] Creating SCContentFilter from configuration id=channel-1-display
2024-11-04T13:41:52.111+0100 debug    [DisplayRecorder: channel-1-display] Creating SCStream id=channel-1-display streamConfig=SCStreamConfiguration sourceRect:(0.0, 25.0, 1920.0, 1080.0) width:3840 height:2160 queueDepth:8
2024-11-04T13:41:52.127+0100 notice   [CursorRecorder] Refresh rate of current display changed. currentDisplay=2 id=channel-0-cursor refreshRate=59 FPS
2024-11-04T13:41:52.160+0100 notice   [DisplayRecorder: channel-1-display] Created SCStream id=channel-1-display
2024-11-04T13:41:52.160+0100 debug    [DisplayRecorder: channel-1-display] Add StreamOutput to capture screen content id=channel-1-display
2024-11-04T13:41:52.160+0100 debug    [DisplayRecorder: channel-1-display] Enable verbose SCK logging id=channel-1-display
2024-11-04T13:41:52.160+0100 debug    [DisplayRecorder: channel-1-display] Start stream capture id=channel-1-display
2024-11-04T13:41:52.213+0100 notice   [DisplayRecorder: channel-1-display] Started stream capture id=channel-1-display
2024-11-04T13:41:52.213+0100 debug    [DisplayRecorder: channel-1-display] Waiting for ring buffer to have a frame id=channel-1-display
2024-11-04T13:41:52.233+0100 debug    [StreamCoordinator: channel-1-display] Stream did output sample buffer id=channel-1-display isValid=true
2024-11-04T13:41:52.233+0100 debug    [DisplayRecorder: channel-1-display] Checking delta of presentation time stamp to host time clock. framePTS=32272.679216833 hostTime=32272.678626666 id=channel-1-display
2024-11-04T13:41:52.233+0100 notice   [DisplayRecorder: channel-1-display] Trivial delta between presentation time stamp to host time clock, will trust frame PTS. framePTS=32272.679216833 hostTime=32272.678626666 hostTimeDelta=-0.000590167 id=channel-1-display
2024-11-04T13:41:52.233+0100 notice   [DisplayRecorder: channel-1-display] Ring buffer has a frame id=channel-1-display
2024-11-04T13:41:52.233+0100 debug    [DisplayRecorder: channel-1-display] Disable verbose SCK logging id=channel-1-display
2024-11-04T13:41:52.233+0100 notice   [DisplayRecorder: channel-1-display] Setup complete id=channel-1-display
2024-11-04T13:41:52.235+0100 notice   [Conductor] Did setup all recorders. recorders=3
2024-11-04T13:41:52.235+0100 debug    [Conductor] Calling prepare on all recorders for session. recorders=3
2024-11-04T13:41:52.235+0100 debug    [DisplayRecorder: channel-1-display] Creating SessionWriter id=channel-1-display
2024-11-04T13:41:52.235+0100 notice   [InputRecorder] Preparing session. id=channel-0-input sessions=0
2024-11-04T13:41:52.235+0100 debug    [SessionWriter: channel-1-display-0] Creating AVAssetWriter id=channel-1-display
2024-11-04T13:41:52.236+0100 notice   [SessionWriter: channel-1-display-0] Created AVAssetWriter id=channel-1-display
2024-11-04T13:41:52.236+0100 debug    [SessionWriter: channel-1-display-0] Add AVAssetWriter.error observation id=channel-1-display
2024-11-04T13:41:52.237+0100 notice   [SessionWriter: channel-1-display-0] Added AVAssetWriter.error observation id=channel-1-display
2024-11-04T13:41:52.237+0100 debug    [SessionWriter: channel-1-display-0] Creating AVAssetWriterInput id=channel-1-display mediaType=AVMediaType(_rawValue: vide) outputSettings=["AVVideoScalingModeKey": AVVideoScalingModeResizeAspect, "AVVideoCodecKey": avc1, "AVVideoCompressionPropertiesKey": {
    AllowFrameReordering = 1;
    AverageBitRate = 25000000;
    AverageNonDroppableFrameRate = 30;
    ExpectedFrameRate = 60;
    H264EntropyMode = CABAC;
    MaxKeyFrameInterval = 30;
    ProfileLevel = "H264_High_AutoLevel";
}, "AVVideoEncoderSpecificationKey": {
    EnableHardwareAcceleratedVideoEncoder = 1;
}, "AVVideoHeightKey": 2160, "AVVideoWidthKey": 3840]
2024-11-04T13:41:52.237+0100 notice   [InputRecorder] Prepared session. id=channel-0-input sessions=1
2024-11-04T13:41:52.325+0100 debug    [SessionWriter: channel-1-display-0] Adding AVAssetWriterInput to AVAssetWriter. id=channel-1-display
2024-11-04T13:41:52.325+0100 notice   [SessionWriter: channel-1-display-0] Added AVAssetWriterInput to AVAssetWriter id=channel-1-display
2024-11-04T13:41:52.350+0100 debug    [DisplayRecorder: channel-1-display] Processing initial samples from buffer. bufferCount=3 id=channel-1-display
2024-11-04T13:41:52.350+0100 notice   [DisplayRecorder: channel-1-display] Processed initial samples from buffer. bufferCount=3 id=channel-1-display
2024-11-04T13:41:52.350+0100 notice   [DisplayRecorder: channel-1-display] Created SessionWriter id=channel-1-display
2024-11-04T13:41:52.350+0100 notice   [Conductor] Called prepare recorders for session. recorders=3
2024-11-04T13:41:52.350+0100 debug    [Conductor] Broadcasting over stdout that all recorders are prepared. recorders=3
2024-11-04T13:41:52.350+0100 notice   [Conductor] Broadcasted over stdout that all recorders are prepared. recorders=3
2024-11-04T13:41:52.754+0100 notice   [SignalHandler] Received SIGCONT.
2024-11-04T13:41:52.754+0100 debug    [Conductor] Resuming recording.
2024-11-04T13:41:52.754+0100 notice   [Conductor] Recording resumed. recordFrom=32273.199285833336
2024-11-04T13:41:52.757+0100 debug    [SessionWriter: channel-1-display-0] Start session on AVAssetWriter id=channel-1-display sessionStart=CMTime(seconds:32273.199285833 timescale:1000000000 value:32273199285833 flags:valid, hasBeenRounded)
2024-11-04T13:41:52.757+0100 notice   [SessionWriter: channel-1-display-0] Started session on AVAssetWriter id=channel-1-display sessionStart=CMTime(seconds:32273.199285833 timescale:1000000000 value:32273199285833 flags:valid, hasBeenRounded)
2024-11-04T13:41:52.757+0100 notice   [SessionWriter: channel-1-display-0] Appending first sample buffer duration=CMTime(seconds:nan timescale:0 value:0 flags:<empty>) id=channel-1-display newPresentationTime=CMTime(seconds:32273.199285833 timescale:1000000000 value:32273199285833 flags:valid, hasBeenRounded) originalDecodeTime=CMTime(seconds:nan timescale:0 value:0 flags:<empty>) originalPresentationTime=CMTime(seconds:32273.179244208 timescale:1000000000 value:32273179244208 flags:valid)
2024-11-04T13:41:52.762+0100 notice   [SessionWriter: channel-1-display-0] Appending second sample buffer duration=CMTime(seconds:nan timescale:0 value:0 flags:<empty>) id=channel-1-display newPresentationTime=CMTime(seconds:32273.212579416 timescale:1000000000 value:32273212579416 flags:valid) originalDecodeTime=CMTime(seconds:nan timescale:0 value:0 flags:<empty>) originalPresentationTime=CMTime(seconds:32273.212579416 timescale:1000000000 value:32273212579416 flags:valid)
2024-11-04T13:41:53.377+0100 debug    [InputRecorderSession] Generated mouse move events for cursor changes between mouse moves. after=32273.802596125 generatedEvents=1 id=channel-0-input session=0 untilIncluding=32273.810610333
2024-11-04T13:41:53.401+0100 debug    [InputRecorderSession] Generated mouse move events for cursor changes between mouse moves. after=32273.834807541 generatedEvents=1 id=channel-0-input session=0 untilIncluding=32273.842949666
2024-11-04T13:41:53.421+0100 debug    [InputRecorderSession] Generated mouse move events for cursor changes between mouse moves. after=32273.85100575 generatedEvents=1 id=channel-0-input session=0 untilIncluding=32273.859024541
2024-11-04T13:41:53.461+0100 debug    [InputRecorderSession] Generated mouse move events for cursor changes between mouse moves. after=32273.88326025 generatedEvents=1 id=channel-0-input session=0 untilIncluding=32273.891366458
2024-11-04T13:41:53.843+0100 debug    [InputRecorderSession] Generated mouse move events for cursor changes between mouse moves. after=32274.254799458 generatedEvents=1 id=channel-0-input session=0 untilIncluding=32274.271031625
2024-11-04T13:41:54.911+0100 debug    [InputRecorderSession] Generated mouse move events for cursor changes between mouse moves. after=32275.33629975 generatedEvents=1 id=channel-0-input session=0 untilIncluding=32275.344637541
2024-11-04T13:41:54.915+0100 debug    [InputRecorderSession] Generated mouse move events for cursor changes between mouse moves. after=32275.354694291 generatedEvents=1 id=channel-0-input session=0 untilIncluding=32275.360593041
2024-11-04T13:41:54.934+0100 debug    [InputRecorderSession] Generated mouse move events for cursor changes between mouse moves. after=32275.369281541 generatedEvents=1 id=channel-0-input session=0 untilIncluding=32275.376693875
2024-11-04T13:41:54.996+0100 debug    [InputRecorderSession] Generated mouse move events for cursor changes between mouse moves. after=32275.4332165 generatedEvents=1 id=channel-0-input session=0 untilIncluding=32275.441138916
2024-11-04T13:41:55.159+0100 debug    [InputRecorderSession] Generated mouse move events for cursor changes between mouse moves. after=32275.586576208 generatedEvents=1 id=channel-0-input session=0 untilIncluding=32275.594535
2024-11-04T13:41:55.179+0100 debug    [InputRecorderSession] Generated mouse move events for cursor changes between mouse moves. after=32275.602615458 generatedEvents=1 id=channel-0-input session=0 untilIncluding=32275.610666958
2024-11-04T13:41:56.477+0100 debug    [InputRecorderSession] Generated mouse move events for cursor changes between mouse moves. after=32276.902795416 generatedEvents=1 id=channel-0-input session=0 untilIncluding=32276.910665
2024-11-04T13:41:56.496+0100 debug    [InputRecorderSession] Generated mouse move events for cursor changes between mouse moves. after=32276.910665 generatedEvents=1 id=channel-0-input session=0 untilIncluding=32276.92582325
2024-11-04T13:41:56.598+0100 debug    [InputRecorderSession] Generated mouse move events for cursor changes between mouse moves. after=32277.031379 generatedEvents=1 id=channel-0-input session=0 untilIncluding=32277.03943575
2024-11-04T13:41:57.052+0100 debug    [StreamCoordinator: channel-1-display] SCFrameStatus summary for last 5 seconds id=channel-1-display summary=[("complete", 102), ("idle", 127)] total=229
2024-11-04T13:41:57.450+0100 debug    [InputRecorderSession] Generated mouse move events for cursor changes between mouse moves. after=32277.887216375 generatedEvents=1 id=channel-0-input session=0 untilIncluding=32277.895328166
2024-11-04T13:41:57.632+0100 debug    [InputRecorderSession] Generated mouse move events for cursor changes between mouse moves. after=32278.064580791 generatedEvents=1 id=channel-0-input session=0 untilIncluding=32278.072593041
2024-11-04T13:41:59.000+0100 debug    [InputRecorderSession] Generated mouse move events for cursor changes between mouse moves. after=32278.201713375 generatedEvents=1 id=channel-0-input session=0 untilIncluding=32279.444979083
2024-11-04T13:41:59.081+0100 debug    [InputRecorderSession] Generated mouse move events for cursor changes between mouse moves. after=32279.520328291 generatedEvents=1 id=channel-0-input session=0 untilIncluding=32279.5258515
2024-11-04T13:42:00.729+0100 debug    [InputRecorderSession] Generated mouse move events for cursor changes between mouse moves. after=32281.150883541 generatedEvents=1 id=channel-0-input session=0 untilIncluding=32281.156291041
2024-11-04T13:42:00.747+0100 debug    [InputRecorderSession] Generated mouse move events for cursor changes between mouse moves. after=32281.17248525 generatedEvents=1 id=channel-0-input session=0 untilIncluding=32281.188768791
2024-11-04T13:42:00.809+0100 debug    [InputRecorderSession] Generated mouse move events for cursor changes between mouse moves. after=32281.237064583 generatedEvents=1 id=channel-0-input session=0 untilIncluding=32281.245149625
2024-11-04T13:42:00.847+0100 debug    [InputRecorderSession] Generated mouse move events for cursor changes between mouse moves. after=32281.269345125 generatedEvents=1 id=channel-0-input session=0 untilIncluding=32281.277376333
2024-11-04T13:42:02.053+0100 debug    [StreamCoordinator: channel-1-display] SCFrameStatus summary for last 5 seconds id=channel-1-display summary=[("complete", 205), ("idle", 56)] total=261
2024-11-04T13:42:03.141+0100 debug    [InputRecorderSession] Generated mouse move events for cursor changes between mouse moves. after=32281.350102833 generatedEvents=1 id=channel-0-input session=0 untilIncluding=32283.586246125
2024-11-04T13:42:03.260+0100 debug    [InputRecorderSession] Generated mouse move events for cursor changes between mouse moves. after=32283.6872325 generatedEvents=1 id=channel-0-input session=0 untilIncluding=32283.691293958
2024-11-04T13:42:03.545+0100 debug    [InputRecorderSession] Generated mouse move events for cursor changes between mouse moves. after=32283.736214625 generatedEvents=1 id=channel-0-input session=0 untilIncluding=32283.989919125
2024-11-04T13:42:03.994+0100 debug    [InputRecorderSession] Generated mouse move events for cursor changes between mouse moves. after=32284.417806875 generatedEvents=1 id=channel-0-input session=0 untilIncluding=32284.425879416
2024-11-04T13:42:06.144+0100 debug    [InputRecorderSession] Generated mouse move events for cursor changes between mouse moves. after=32284.520469375 generatedEvents=2 id=channel-0-input session=0 untilIncluding=32286.589293708
2024-11-04T13:42:06.285+0100 debug    [InputRecorderSession] Generated mouse move events for cursor changes between mouse moves. after=32286.718549875 generatedEvents=1 id=channel-0-input session=0 untilIncluding=32286.726484708
2024-11-04T13:42:07.054+0100 debug    [StreamCoordinator: channel-1-display] SCFrameStatus summary for last 5 seconds id=channel-1-display summary=[("complete", 211), ("idle", 54)] total=265
2024-11-04T13:42:07.194+0100 debug    [InputRecorderSession] Generated mouse move events for cursor changes between mouse moves. after=32287.617715916 generatedEvents=1 id=channel-0-input session=0 untilIncluding=32287.622515375
2024-11-04T13:42:08.718+0100 debug    [InputRecorderSession] Generated mouse move events for cursor changes between mouse moves. after=32289.148334791 generatedEvents=1 id=channel-0-input session=0 untilIncluding=32289.1563835
2024-11-04T13:42:10.779+0100 debug    [InputRecorderSession] Generated mouse move events for cursor changes between mouse moves. after=32291.199244791 generatedEvents=1 id=channel-0-input session=0 untilIncluding=32291.207266916
2024-11-04T13:42:12.054+0100 debug    [StreamCoordinator: channel-1-display] SCFrameStatus summary for last 5 seconds id=channel-1-display summary=[("complete", 82), ("idle", 138)] total=220
2024-11-04T13:42:15.260+0100 debug    [InputRecorderSession] Generated mouse move events for cursor changes between mouse moves. after=32295.687988541 generatedEvents=1 id=channel-0-input session=0 untilIncluding=32295.695870041
2024-11-04T13:42:16.506+0100 notice   [SignalHandler] Received SIGINT.
2024-11-04T13:42:16.506+0100 warning  [Conductor] Pausing the recording to be able to stop.
2024-11-04T13:42:16.506+0100 debug    [Conductor] Pausing recording.
2024-11-04T13:42:16.506+0100 notice   [Conductor] Recording paused. recordUntil=32296.951634708334
2024-11-04T13:42:16.506+0100 debug    [Conductor] Stopping recording.
2024-11-04T13:42:16.506+0100 debug    [Conductor] Cleaning up recorders. recorders=3
2024-11-04T13:42:16.506+0100 debug    [CursorRecorder] Stopping display link. id=channel-0-cursor
2024-11-04T13:42:16.506+0100 debug    [InputRecorder] Stopping event monitor. id=channel-0-input
2024-11-04T13:42:16.506+0100 debug    [DisplayRecorder: channel-1-display] Completing all session writers id=channel-1-display sessionWriters.count=1
2024-11-04T13:42:16.506+0100 notice   [CursorRecorder] Stopped display link. id=channel-0-cursor
2024-11-04T13:42:16.506+0100 debug    [SessionWriter: channel-1-display-0] Completing recording. id=channel-1-display
2024-11-04T13:42:16.506+0100 debug    [SessionWriter: channel-1-display-0] Waiting for final frames. id=channel-1-display
2024-11-04T13:42:16.506+0100 notice   [SessionWriter: channel-1-display-0] Newer item produced recently, waiting for another second. id=channel-1-display lastItemTime=CMTime(seconds:32296.947217416 timescale:1000000000 value:32296947217416 flags:valid) previousLastItemTime=CMTime(seconds:-inf timescale:0 value:0 flags:valid, negativeInfinity)
2024-11-04T13:42:16.506+0100 notice   [InputRecorder] Stopped eventTapForEvents. id=channel-0-input
2024-11-04T13:42:16.506+0100 info     [InputRecorder] Event monitor stopped. id=channel-0-input
2024-11-04T13:42:16.506+0100 debug    [InputRecorder] Finishing sessions. id=channel-0-input
2024-11-04T13:42:16.506+0100 debug    [InputRecorderSession] Generating mouse move events for stationary cursor changes at end of session. id=channel-0-input session=0
2024-11-04T13:42:16.506+0100 debug    [CursorRecorder] Writing cursor information to disk. count=18 id=channel-0-cursor url=file:///var/folders/79/0y_fdswx35xgch3qfgbtjnth0000gn/T/Arc%202024-11-04%2013:41:51/cursors.json
2024-11-04T13:42:16.506+0100 notice   [InputRecorderSession] Generated mouse move events for stationary cursor changes at end of session. after=32296.841739041 generatedEvents=0 id=channel-0-input session=0 untilIncluding=32296.951634708334
2024-11-04T13:42:16.507+0100 notice   [InputRecorder] Finished writers. id=channel-0-input
2024-11-04T13:42:16.507+0100 notice   [CursorRecorder] Cursor information written to disk. count=18 id=channel-0-cursor url=file:///var/folders/79/0y_fdswx35xgch3qfgbtjnth0000gn/T/Arc%202024-11-04%2013:41:51/cursors.json
2024-11-04T13:42:16.507+0100 debug    [CursorRecorder] Writing cursor images to disk. count=18 id=channel-0-cursor url=file:///var/folders/79/0y_fdswx35xgch3qfgbtjnth0000gn/T/Arc%202024-11-04%2013:41:51/cursors/
2024-11-04T13:42:16.521+0100 notice   [CursorRecorder] Cursor images are written to disk. count=18 id=channel-0-cursor url=file:///var/folders/79/0y_fdswx35xgch3qfgbtjnth0000gn/T/Arc%202024-11-04%2013:41:51/cursors/
2024-11-04T13:42:17.052+0100 debug    [StreamCoordinator: channel-1-display] SCFrameStatus summary for last 5 seconds id=channel-1-display summary=[("complete", 59), ("idle", 168)] total=227
2024-11-04T13:42:17.573+0100 notice   [SessionWriter: channel-1-display-0] Waiting for final frames completed. id=channel-1-display systemUptime=32298.018792583334
2024-11-04T13:42:17.573+0100 debug    [SessionWriter: channel-1-display-0] Finishing SessionBoundedRetimer. id=channel-1-display
2024-11-04T13:42:17.574+0100 notice   [SessionWriter: channel-1-display-0] Finished SessionBoundedRetimer. id=channel-1-display
2024-11-04T13:42:17.574+0100 debug    [SessionWriter: channel-1-display-0] Flushing all frames from backpressure buffer. id=channel-1-display itemsInBuffer=0
2024-11-04T13:42:17.574+0100 notice   [SessionWriter: channel-1-display-0] Flushed all frames from backpressure buffer. id=channel-1-display itemsInBuffer=0
2024-11-04T13:42:17.574+0100 debug    [SessionWriter: channel-1-display-0] End session on AVAssetWriter id=channel-1-display sessionEnd=CMTime(seconds:32296.951634708 timescale:1000000000 value:32296951634708 flags:valid, hasBeenRounded)
2024-11-04T13:42:17.575+0100 notice   [SessionWriter: channel-1-display-0] End session on AVAssetWriter id=channel-1-display sessionEnd=CMTime(seconds:32296.951634708 timescale:1000000000 value:32296951634708 flags:valid, hasBeenRounded)
2024-11-04T13:42:17.575+0100 debug    [SessionWriter: channel-1-display-0] Finishing writing to asset writer. id=channel-1-display
2024-11-04T13:42:17.584+0100 notice   [SessionWriter: channel-1-display-0] Finished writing to assset writer. id=channel-1-display
2024-11-04T13:42:17.584+0100 debug    [SessionWriter: channel-1-display-0] Finishing writing to metadata file. id=channel-1-display
2024-11-04T13:42:17.584+0100 notice   [SessionWriter: channel-1-display-0] Finished writing to metadata file. id=channel-1-display
2024-11-04T13:42:17.584+0100 notice   [SessionWriter: channel-1-display-0] Completed recording, returning metadata. framesProcessed (excluding initial Ring buffer)=669 id=channel-1-display
2024-11-04T13:42:17.584+0100 notice   [DisplayRecorder: channel-1-display] Completed all session writers id=channel-1-display sessionWriters.count=1
2024-11-04T13:42:17.584+0100 debug    [DisplayRecorder: channel-1-display] Stopping stream capture. id=channel-1-display
2024-11-04T13:42:17.594+0100 notice   [DisplayRecorder: channel-1-display] Stopped stream capture. id=channel-1-display
2024-11-04T13:42:17.594+0100 debug    [DisplayRecorder: channel-1-display] Clearing frame timeout. id=channel-1-display
2024-11-04T13:42:17.594+0100 notice   [DisplayRecorder: channel-1-display] Cleared frame timeout. id=channel-1-display
2024-11-04T13:42:17.595+0100 debug    [DisplayRecorder: channel-1-display] Returning Metadata from cleanup id=channel-1-display totalFramesProcessed=673
2024-11-04T13:42:17.595+0100 debug    [DisplayRecorder: channel-1-display] Checking if file is undamaged id=channel-1-display url=file:///var/folders/79/0y_fdswx35xgch3qfgbtjnth0000gn/T/Arc%202024-11-04%2013:41:51/channel-1-display-0.mp4
2024-11-04T13:42:17.597+0100 debug    [DisplayRecorder: channel-1-display] Loaded duration from file duration=CMTime(seconds:23.751666666666665 timescale:600 value:14251 flags:valid) id=channel-1-display url=file:///var/folders/79/0y_fdswx35xgch3qfgbtjnth0000gn/T/Arc%202024-11-04%2013:41:51/channel-1-display-0.mp4
2024-11-04T13:42:17.597+0100 notice   [Conductor] Finalized recorders. errors=0 metadataCount=3 recorders=3
2024-11-04T13:42:17.597+0100 debug    [Conductor] Writing metadata file. metadataCount=3
2024-11-04T13:42:17.598+0100 notice   [Conductor] Metadata file written. metadataCount=3
2024-11-04T13:42:17.598+0100 debug    [Conductor] Ending latency critical activity.
2024-11-04T13:42:17.599+0100 notice   [Conductor] Ended latency critical activity.
2024-11-04T13:42:17.599+0100 notice   [Conductor] Recording stopped. errorCount=0 metadataCount=3 recorders=3
2024-11-04T13:42:17.599+0100 notice   [Conductor] Stopped recording. sessions=[
from:     32273.199  2024-11-04T13:41:52.754+0100
until:    32296.952  2024-11-04T13:42:16.506+0100
duration: 23.752
]
2024-11-04T13:42:17.599+0100 notice   [Polyrecorder] Nominal recording ended.
