2024-03-25T17:06:46.421+0100 notice   [Polyrecorder] Polyrecorder started. appStart=40376.150360708336 modelIdentifier=MacBookPro18,3 operatingSystem=Version 14.4 (Build 23E214) systemLaunch=2024-03-25 04:53:50 +0000 version=1.6.0
2024-03-25T17:06:46.421+0100 debug    [Polyrecorder] Accessing active displays
2024-03-25T17:06:46.459+0100 notice   [Polyrecorder] Active displays: [polyrecorder.DisplayDiscovery.Display(displayID: 2, bounds: polyrecorder.Bounds(x: 0.0, y: 0.0, width: 3008.0, height: 1692.0), refreshRate: 60.0, isMain: true, isBuiltin: false), polyrecorder.DisplayDiscovery.Display(displayID: 1, bounds: polyrecorder.Bounds(x: 732.0, y: 1692.0, width: 1512.0, height: 982.0), refreshRate: 120.0, isMain: false, isBuiltin: true)]
2024-03-25T17:06:46.459+0100 debug    [Polyrecorder] Validating configuration.
2024-03-25T17:06:46.459+0100 notice   [Polyrecorder] Configuration validated: {
  "logLevel" : "debug",
  "channels" : [
    {
      "captureKeyStrokes" : true,
      "type" : "input"
    },
    {
      "excludedWindowIds" : [
        647,
        136
      ],
      "cropRect" : {
        "height" : 1080,
        "x" : 643,
        "width" : 1920,
        "yAxis" : "topBasedIncreasingDownwards",
        "y" : 149
      },
      "displayId" : 2,
      "excludeFinderDesktopIcons" : false,
      "type" : "display"
    }
  ],
  "outputDirectory" : "\/var\/folders\/bg\/y1jby3sd0kg6rdtnglcr38pc0000gn\/T\/Area 2024-03-25 17:06:46"
}
2024-03-25T17:06:46.459+0100 debug    [Polyrecorder] Creating output directory. url=file:///var/folders/bg/y1jby3sd0kg6rdtnglcr38pc0000gn/T/Area%202024-03-25%2017:06:46
2024-03-25T17:06:46.460+0100 notice   [Polyrecorder] Created output directory. url=file:///var/folders/bg/y1jby3sd0kg6rdtnglcr38pc0000gn/T/Area%202024-03-25%2017:06:46
2024-03-25T17:06:46.460+0100 debug    [Polyrecorder] Redirecting logs to file. url=file:///var/folders/bg/y1jby3sd0kg6rdtnglcr38pc0000gn/T/Area%202024-03-25%2017:06:46/polyrecorder.log
2024-03-25T17:06:46.460+0100 notice   [Polyrecorder] Redirected logs to file. url=file:///var/folders/bg/y1jby3sd0kg6rdtnglcr38pc0000gn/T/Area%202024-03-25%2017:06:46/polyrecorder.log
2024-03-25T17:06:46.460+0100 debug    [Polyrecorder] Attaching uncaught exception handler.
2024-03-25T17:06:46.460+0100 notice   [Polyrecorder] Attached uncaught exception handler.
2024-03-25T17:06:46.460+0100 debug    [Polyrecorder] Enabling DAL devices...
2024-03-25T17:06:46.474+0100 notice   [Polyrecorder] Enabled DAL devices.
2024-03-25T17:06:46.475+0100 debug    [Polyrecorder] Creating conductor with recorders. channels=2
2024-03-25T17:06:46.475+0100 debug    [CursorRecorder] Checking if cursor folder/files don't exist yet.
2024-03-25T17:06:46.475+0100 notice   [CursorRecorder] Checked cursor folder/files don't exist yet.
2024-03-25T17:06:46.475+0100 debug    [CursorRecorder] Creating display link. displayId=2
2024-03-25T17:06:46.477+0100 notice   [CursorRecorder] Created display link. displayId=2
2024-03-25T17:06:46.477+0100 debug    [InputRecorder] Checking input monitoring authorization status. id=channel-0-input
2024-03-25T17:06:46.488+0100 notice   [InputRecorder] Input monitoring is authorized. id=channel-0-input
2024-03-25T17:06:46.504+0100 debug    [DisplayRecorder: channel-1-display] Checking if displayID 2 is in Active Displays list id=channel-1-display
2024-03-25T17:06:46.504+0100 debug    [DisplayRecorder: channel-1-display] Creating DisplayRecorderOutput id=channel-1-display
2024-03-25T17:06:46.506+0100 notice   [DisplayRecorder: channel-1-display] Created DisplayRecorderOutput id=channel-1-display output=DisplayRecorderOutput(cropRect: Optional((643.0, 149.0, 1920.0, 1080.0)), recordBounds: (643.0, 149.0, 1920.0, 1080.0), displayScaleFactor: 2, displayRefreshRate: 60.0, minFrameDuration: CMTime(seconds:0.016666666666666666 timescale:60 value:1 flags:valid), recordingScale: 0.5, assetWriterSettings: polyrecorder.AssetWriterSettings(mediaType: __C.AVMediaType(_rawValue: vide), outputSettings: ["AVVideoCodecKey": avc1, "AVVideoWidthKey": 3840, "AVVideoEncoderSpecificationKey": {
    EnableHardwareAcceleratedVideoEncoder = 1;
}, "AVVideoHeightKey": 2160, "AVVideoCompressionPropertiesKey": {
    AllowFrameReordering = 1;
    AverageBitRate = 25000000;
    AverageNonDroppableFrameRate = 30;
    ExpectedFrameRate = 60;
    H264EntropyMode = CABAC;
    MaxKeyFrameInterval = 30;
    ProfileLevel = "H264_High_AutoLevel";
}, "AVVideoScalingModeKey": AVVideoScalingModeResizeAspect]))
2024-03-25T17:06:46.506+0100 info     [Polyrecorder] Created conductor with recorders. channels=2 recorders=3
2024-03-25T17:06:46.506+0100 debug    [Polyrecorder] Attaching recorder abortion handler.
2024-03-25T17:06:46.506+0100 notice   [Polyrecorder] Attached recorder abortion handler.
2024-03-25T17:06:46.506+0100 debug    [Polyrecorder] Installing signal handlers on process 77685.
2024-03-25T17:06:46.506+0100 notice   [Polyrecorder] Installed signal handlers on process 77685.
2024-03-25T17:06:46.506+0100 notice   [Polyrecorder] Setup finished.
2024-03-25T17:06:46.506+0100 debug    [Conductor] Starting recording.
2024-03-25T17:06:46.506+0100 debug    [Conductor] Starting latency critical activity.
2024-03-25T17:06:46.507+0100 notice   [Conductor] Started latency critical activity.
2024-03-25T17:06:46.507+0100 debug    [Conductor] Setting up all recorders. recorders=3
2024-03-25T17:06:46.507+0100 debug    [CursorRecorder] Creating cursor image directory. id=channel-0-cursor url=file:///var/folders/bg/y1jby3sd0kg6rdtnglcr38pc0000gn/T/Area%202024-03-25%2017:06:46/cursors/
2024-03-25T17:06:46.507+0100 debug    [InputRecorder] Starting event monitor. id=channel-0-input
2024-03-25T17:06:46.507+0100 debug    [DisplayRecorder: channel-1-display] Accessing ShareableContent id=channel-1-display
2024-03-25T17:06:46.507+0100 info     [InputRecorder] Event monitor started. id=channel-0-input
2024-03-25T17:06:46.507+0100 notice   [InputRecorder] Setup complete id=channel-0-input
2024-03-25T17:06:46.507+0100 notice   [CursorRecorder] Created cursor image directory. id=channel-0-cursor url=file:///var/folders/bg/y1jby3sd0kg6rdtnglcr38pc0000gn/T/Area%202024-03-25%2017:06:46/cursors/
2024-03-25T17:06:46.537+0100 debug    [CursorRecorder] Preloading system cursors. cursors=18 id=channel-0-cursor
2024-03-25T17:06:46.537+0100 notice   [CursorRecorder] Preloaded system cursors. cursors=18 id=channel-0-cursor
2024-03-25T17:06:46.537+0100 debug    [CursorRecorder] Configuring display link output handler. errorRateLimit=10.0 id=channel-0-cursor
2024-03-25T17:06:46.537+0100 info     [CursorRecorder] Display link output handler configured. errorRateLimit=10.0 id=channel-0-cursor
2024-03-25T17:06:46.537+0100 debug    [CursorRecorder] Setting current display on display link. displayId=2 id=channel-0-cursor
2024-03-25T17:06:46.537+0100 info     [CursorRecorder] Current display on display link set. displayId=2 id=channel-0-cursor
2024-03-25T17:06:46.537+0100 debug    [CursorRecorder] Starting display link. displayId=2 id=channel-0-cursor
2024-03-25T17:06:46.537+0100 notice   [CursorRecorder] Started display link. displayId=2 id=channel-0-cursor
2024-03-25T17:06:46.537+0100 notice   [CursorRecorder] Setup complete id=channel-0-cursor
2024-03-25T17:06:46.543+0100 notice   [DisplayRecorder: channel-1-display] Received ShareableContent attempt=1 id=channel-1-display
2024-03-25T17:06:46.543+0100 debug    [DisplayRecorder: channel-1-display] Creating SCContentFilter from configuration id=channel-1-display
2024-03-25T17:06:46.543+0100 debug    [DisplayRecorder: channel-1-display] Creating SCStream id=channel-1-display streamConfig=SCStreamConfiguration sourceRect:(643.0, 149.0, 1920.0, 1080.0) width:3840 height:2160 queueDepth:8
2024-03-25T17:06:46.554+0100 notice   [CursorRecorder] Refresh rate of current display changed. currentDisplay=2 id=channel-0-cursor refreshRate=59 FPS
2024-03-25T17:06:46.597+0100 notice   [DisplayRecorder: channel-1-display] Created SCStream id=channel-1-display
2024-03-25T17:06:46.597+0100 debug    [DisplayRecorder: channel-1-display] Add StreamOutput to capture screen content id=channel-1-display
2024-03-25T17:06:46.597+0100 debug    [DisplayRecorder: channel-1-display] Enable verbose SCK logging id=channel-1-display
2024-03-25T17:06:46.597+0100 debug    [DisplayRecorder: channel-1-display] Start stream capture id=channel-1-display
2024-03-25T17:06:46.630+0100 notice   [DisplayRecorder: channel-1-display] Started stream capture id=channel-1-display
2024-03-25T17:06:46.630+0100 debug    [DisplayRecorder: channel-1-display] Waiting for ring buffer to have a frame id=channel-1-display
2024-03-25T17:06:46.648+0100 debug    [StreamCoordinator: channel-1-display] Stream did output sample buffer id=channel-1-display isValid=true
2024-03-25T17:06:46.648+0100 debug    [DisplayRecorder: channel-1-display] Checking delta of presentation time stamp to host time clock. framePTS=40376.377872666 hostTime=40376.382004958 id=channel-1-display
2024-03-25T17:06:46.648+0100 notice   [DisplayRecorder: channel-1-display] Trivial delta between presentation time stamp to host time clock, will trust frame PTS. framePTS=40376.377872666 hostTime=40376.382004958 hostTimeDelta=0.004132292 id=channel-1-display
2024-03-25T17:06:46.648+0100 notice   [DisplayRecorder: channel-1-display] Ring buffer has a frame id=channel-1-display
2024-03-25T17:06:46.648+0100 debug    [DisplayRecorder: channel-1-display] Disable verbose SCK logging id=channel-1-display
2024-03-25T17:06:46.648+0100 notice   [DisplayRecorder: channel-1-display] Setup complete id=channel-1-display
2024-03-25T17:06:46.648+0100 notice   [Conductor] Did setup all recorders. recorders=3
2024-03-25T17:06:46.648+0100 debug    [Conductor] Calling prepare on all recorders for session. recorders=3
2024-03-25T17:06:46.648+0100 notice   [InputRecorder] Preparing session. id=channel-0-input sessions=0
2024-03-25T17:06:46.648+0100 debug    [DisplayRecorder: channel-1-display] Creating SessionWriter id=channel-1-display
2024-03-25T17:06:46.648+0100 debug    [SessionWriter: channel-1-display-0] Creating AVAssetWriter id=channel-1-display
2024-03-25T17:06:46.649+0100 notice   [SessionWriter: channel-1-display-0] Created AVAssetWriter id=channel-1-display
2024-03-25T17:06:46.649+0100 debug    [SessionWriter: channel-1-display-0] Add AVAssetWriter.error observation id=channel-1-display
2024-03-25T17:06:46.649+0100 notice   [InputRecorder] Prepared session. id=channel-0-input sessions=1
2024-03-25T17:06:46.649+0100 notice   [SessionWriter: channel-1-display-0] Added AVAssetWriter.error observation id=channel-1-display
2024-03-25T17:06:46.649+0100 debug    [SessionWriter: channel-1-display-0] Creating AVAssetWriterInput id=channel-1-display mediaType=AVMediaType(_rawValue: vide) outputSettings=["AVVideoCodecKey": avc1, "AVVideoWidthKey": 3840, "AVVideoEncoderSpecificationKey": {
    EnableHardwareAcceleratedVideoEncoder = 1;
}, "AVVideoHeightKey": 2160, "AVVideoCompressionPropertiesKey": {
    AllowFrameReordering = 1;
    AverageBitRate = 25000000;
    AverageNonDroppableFrameRate = 30;
    ExpectedFrameRate = 60;
    H264EntropyMode = CABAC;
    MaxKeyFrameInterval = 30;
    ProfileLevel = "H264_High_AutoLevel";
}, "AVVideoScalingModeKey": AVVideoScalingModeResizeAspect]
2024-03-25T17:06:46.715+0100 debug    [SessionWriter: channel-1-display-0] Adding AVAssetWriterInput to AVAssetWriter. id=channel-1-display
2024-03-25T17:06:46.716+0100 notice   [SessionWriter: channel-1-display-0] Added AVAssetWriterInput to AVAssetWriter id=channel-1-display
2024-03-25T17:06:46.736+0100 debug    [DisplayRecorder: channel-1-display] Processing initial samples from buffer. bufferCount=2 id=channel-1-display
2024-03-25T17:06:46.736+0100 debug    [DisplayRecorder: channel-1-display] Processed initial samples from buffer. bufferCount=2 id=channel-1-display
2024-03-25T17:06:46.736+0100 notice   [DisplayRecorder: channel-1-display] Created SessionWriter id=channel-1-display
2024-03-25T17:06:46.736+0100 notice   [Conductor] Called prepare recorders for session. recorders=3
2024-03-25T17:06:46.736+0100 debug    [Conductor] Broadcasting over stdout that all recorders are prepared. recorders=3
2024-03-25T17:06:46.736+0100 notice   [Conductor] Broadcasted over stdout that all recorders are prepared. recorders=3
2024-03-25T17:06:47.140+0100 notice   [SignalHandler] Received SIGCONT.
2024-03-25T17:06:47.141+0100 debug    [Conductor] Resuming recording.
2024-03-25T17:06:47.141+0100 notice   [Conductor] Recording resumed. recordFrom=40376.874689375
2024-03-25T17:06:47.258+0100 debug    [SessionWriter: channel-1-display-0] Start session on AVAssetWriter id=channel-1-display sessionStart=CMTime(seconds:40376.874689375 timescale:1000000000 value:40376874689375 flags:valid)
2024-03-25T17:06:47.258+0100 notice   [SessionWriter: channel-1-display-0] Started session on AVAssetWriter id=channel-1-display sessionStart=CMTime(seconds:40376.874689375 timescale:1000000000 value:40376874689375 flags:valid)
2024-03-25T17:06:47.258+0100 notice   [SessionWriter: channel-1-display-0] Appending first sample buffer duration=CMTime(seconds:nan timescale:0 value:0 flags:<empty>) id=channel-1-display newPresentationTime=CMTime(seconds:40376.874689375 timescale:1000000000 value:40376874689375 flags:valid) originalDecodeTime=CMTime(seconds:nan timescale:0 value:0 flags:<empty>) originalPresentationTime=CMTime(seconds:40376.411208 timescale:1000000000 value:40376411208000 flags:valid)
2024-03-25T17:06:47.264+0100 notice   [SessionWriter: channel-1-display-0] Appending second sample buffer duration=CMTime(seconds:nan timescale:0 value:0 flags:<empty>) id=channel-1-display newPresentationTime=CMTime(seconds:40376.994577 timescale:1000000000 value:40376994577000 flags:valid) originalDecodeTime=CMTime(seconds:nan timescale:0 value:0 flags:<empty>) originalPresentationTime=CMTime(seconds:40376.994577 timescale:1000000000 value:40376994577000 flags:valid)
2024-03-25T17:06:48.327+0100 debug    [InputRecorderSession] Generated mouse move events for cursor changes between mouse moves. after=40378.053966958 generatedEvents=1 id=channel-0-input session=0 untilIncluding=40378.060763666
2024-03-25T17:06:48.390+0100 debug    [InputRecorderSession] Generated mouse move events for cursor changes between mouse moves. after=40378.116739541 generatedEvents=1 id=channel-0-input session=0 untilIncluding=40378.120838791
2024-03-25T17:06:48.656+0100 debug    [InputRecorderSession] Generated mouse move events for cursor changes between mouse moves. after=40378.36880575 generatedEvents=1 id=channel-0-input session=0 untilIncluding=40378.375920333
2024-03-25T17:06:48.719+0100 debug    [InputRecorderSession] Generated mouse move events for cursor changes between mouse moves. after=40378.435880916 generatedEvents=1 id=channel-0-input session=0 untilIncluding=40378.443925875
2024-03-25T17:06:48.823+0100 debug    [InputRecorderSession] Generated mouse move events for cursor changes between mouse moves. after=40378.533937208 generatedEvents=1 id=channel-0-input session=0 untilIncluding=40378.540965166
2024-03-25T17:06:50.594+0100 debug    [InputRecorderSession] Generated mouse move events for cursor changes between mouse moves. after=40380.318884666 generatedEvents=1 id=channel-0-input session=0 untilIncluding=40380.325872375
2024-03-25T17:06:50.681+0100 debug    [InputRecorderSession] Generated mouse move events for cursor changes between mouse moves. after=40380.402232375 generatedEvents=1 id=channel-0-input session=0 untilIncluding=40380.409090708
2024-03-25T17:06:50.806+0100 debug    [InputRecorderSession] Generated mouse move events for cursor changes between mouse moves. after=40380.515604583 generatedEvents=1 id=channel-0-input session=0 untilIncluding=40380.520890458
2024-03-25T17:06:51.107+0100 debug    [InputRecorderSession] Generated mouse move events for cursor changes between mouse moves. after=40380.815986791 generatedEvents=1 id=channel-0-input session=0 untilIncluding=40380.820932083
2024-03-25T17:06:51.110+0100 debug    [InputRecorderSession] Generated mouse move events for cursor changes between mouse moves. after=40380.835864791 generatedEvents=1 id=channel-0-input session=0 untilIncluding=40380.843900625
2024-03-25T17:06:51.258+0100 debug    [InputRecorderSession] Generated mouse move events for cursor changes between mouse moves. after=40380.966494041 generatedEvents=1 id=channel-0-input session=0 untilIncluding=40380.970922166
2024-03-25T17:06:52.698+0100 debug    [InputRecorderSession] Generated mouse move events for cursor changes between mouse moves. after=40382.418874833 generatedEvents=1 id=channel-0-input session=0 untilIncluding=40382.425849208
2024-03-25T17:06:52.869+0100 debug    [InputRecorderSession] Generated mouse move events for cursor changes between mouse moves. after=40382.58398975 generatedEvents=1 id=channel-0-input session=0 untilIncluding=40382.590836666
2024-03-25T17:06:52.892+0100 debug    [InputRecorderSession] Generated mouse move events for cursor changes between mouse moves. after=40382.613816125 generatedEvents=1 id=channel-0-input session=0 untilIncluding=40382.620805708
2024-03-25T17:06:52.931+0100 debug    [InputRecorderSession] Generated mouse move events for cursor changes between mouse moves. after=40382.650962458 generatedEvents=1 id=channel-0-input session=0 untilIncluding=40382.65898025
2024-03-25T17:06:53.025+0100 debug    [InputRecorderSession] Generated mouse move events for cursor changes between mouse moves. after=40382.733891625 generatedEvents=1 id=channel-0-input session=0 untilIncluding=40382.740834416
2024-03-25T17:06:57.906+0100 debug    [InputRecorderSession] Generated mouse move events for cursor changes between mouse moves. after=40387.635604916 generatedEvents=1 id=channel-0-input session=0 untilIncluding=40387.638891416
2024-03-25T17:06:57.948+0100 debug    [InputRecorderSession] Generated mouse move events for cursor changes between mouse moves. after=40387.66885375 generatedEvents=1 id=channel-0-input session=0 untilIncluding=40387.675806708
2024-03-25T17:06:58.011+0100 debug    [InputRecorderSession] Generated mouse move events for cursor changes between mouse moves. after=40387.736073666 generatedEvents=1 id=channel-0-input session=0 untilIncluding=40387.7439435
2024-03-25T17:06:58.053+0100 debug    [InputRecorderSession] Generated mouse move events for cursor changes between mouse moves. after=40387.765928416 generatedEvents=1 id=channel-0-input session=0 untilIncluding=40387.773944833
2024-03-25T17:06:58.075+0100 debug    [InputRecorderSession] Generated mouse move events for cursor changes between mouse moves. after=40387.773944833 generatedEvents=1 id=channel-0-input session=0 untilIncluding=40387.795889958
2024-03-25T17:06:58.126+0100 debug    [InputRecorderSession] Generated mouse move events for cursor changes between mouse moves. after=40387.833993791 generatedEvents=1 id=channel-0-input session=0 untilIncluding=40387.856393166
2024-03-25T17:06:59.148+0100 debug    [InputRecorderSession] Generated mouse move events for cursor changes between mouse moves. after=40388.869286916 generatedEvents=1 id=channel-0-input session=0 untilIncluding=40388.878620083
2024-03-25T17:06:59.315+0100 debug    [InputRecorderSession] Generated mouse move events for cursor changes between mouse moves. after=40389.034266166 generatedEvents=1 id=channel-0-input session=0 untilIncluding=40389.041349583
2024-03-25T17:06:59.340+0100 debug    [InputRecorderSession] Generated mouse move events for cursor changes between mouse moves. after=40389.051504875 generatedEvents=1 id=channel-0-input session=0 untilIncluding=40389.055957
2024-03-25T17:07:01.057+0100 debug    [InputRecorderSession] Generated mouse move events for cursor changes between mouse moves. after=40390.782333291 generatedEvents=1 id=channel-0-input session=0 untilIncluding=40390.788922666
2024-03-25T17:07:01.099+0100 debug    [InputRecorderSession] Generated mouse move events for cursor changes between mouse moves. after=40390.819033833 generatedEvents=1 id=channel-0-input session=0 untilIncluding=40390.826035375
2024-03-25T17:07:01.119+0100 debug    [InputRecorderSession] Generated mouse move events for cursor changes between mouse moves. after=40390.833869375 generatedEvents=1 id=channel-0-input session=0 untilIncluding=40390.84085125
2024-03-25T17:07:05.514+0100 notice   [SignalHandler] Received SIGINT.
2024-03-25T17:07:05.514+0100 warning  [Conductor] Pausing the recording to be able to stop.
2024-03-25T17:07:05.514+0100 debug    [Conductor] Pausing recording.
2024-03-25T17:07:05.514+0100 notice   [Conductor] Recording paused. recordUntil=40395.24809116667
2024-03-25T17:07:05.514+0100 debug    [Conductor] Stopping recording.
2024-03-25T17:07:05.514+0100 debug    [Conductor] Cleaning up recorders. recorders=3
2024-03-25T17:07:05.514+0100 debug    [CursorRecorder] Stopping display link. id=channel-0-cursor
2024-03-25T17:07:05.514+0100 debug    [InputRecorder] Stopping event monitor. id=channel-0-input
2024-03-25T17:07:05.514+0100 notice   [CursorRecorder] Stopped display link. id=channel-0-cursor
2024-03-25T17:07:05.514+0100 debug    [DisplayRecorder: channel-1-display] Completing all session writers id=channel-1-display sessionWriters.count=1
2024-03-25T17:07:05.514+0100 debug    [SessionWriter: channel-1-display-0] Completing recording. id=channel-1-display
2024-03-25T17:07:05.514+0100 debug    [SessionWriter: channel-1-display-0] Waiting for final frames. id=channel-1-display
2024-03-25T17:07:05.514+0100 notice   [InputRecorder] Stopped globalMonitorForEvents. id=channel-0-input
2024-03-25T17:07:05.514+0100 notice   [SessionWriter: channel-1-display-0] Newer item produced recently, waiting for another second. id=channel-1-display lastItemTime=CMTime(seconds:40394.3623035 timescale:1000000000 value:40394362303500 flags:valid) previousLastItemTime=CMTime(seconds:-inf timescale:0 value:0 flags:valid, negativeInfinity)
2024-03-25T17:07:05.515+0100 info     [InputRecorder] Event monitor stopped. id=channel-0-input
2024-03-25T17:07:05.515+0100 debug    [InputRecorder] Stopping cursor change monitor. id=channel-0-input
2024-03-25T17:07:05.515+0100 info     [InputRecorder] Cursor change monitor stopped. id=channel-0-input
2024-03-25T17:07:05.515+0100 debug    [InputRecorder] Finishing sessions. id=channel-0-input
2024-03-25T17:07:05.515+0100 debug    [InputRecorderSession] Generating mouse move events for stationary cursor changes at end of session. id=channel-0-input session=0
2024-03-25T17:07:05.515+0100 debug    [CursorRecorder] Writing cursor information to disk. count=18 id=channel-0-cursor url=file:///var/folders/bg/y1jby3sd0kg6rdtnglcr38pc0000gn/T/Area%202024-03-25%2017:06:46/cursors.json
2024-03-25T17:07:05.515+0100 notice   [InputRecorderSession] Generated mouse move events for stationary cursor changes at end of session. after=40395.066738708 generatedEvents=0 id=channel-0-input session=0 untilIncluding=40395.24809116667
2024-03-25T17:07:05.515+0100 notice   [InputRecorder] Finished writers. id=channel-0-input
2024-03-25T17:07:05.516+0100 notice   [CursorRecorder] Cursor information written to disk. count=18 id=channel-0-cursor url=file:///var/folders/bg/y1jby3sd0kg6rdtnglcr38pc0000gn/T/Area%202024-03-25%2017:06:46/cursors.json
2024-03-25T17:07:05.516+0100 debug    [CursorRecorder] Writing cursor images to disk. count=18 id=channel-0-cursor url=file:///var/folders/bg/y1jby3sd0kg6rdtnglcr38pc0000gn/T/Area%202024-03-25%2017:06:46/cursors/
2024-03-25T17:07:05.534+0100 notice   [CursorRecorder] Cursor images are written to disk. count=18 id=channel-0-cursor url=file:///var/folders/bg/y1jby3sd0kg6rdtnglcr38pc0000gn/T/Area%202024-03-25%2017:06:46/cursors/
2024-03-25T17:07:05.844+0100 notice   [SessionWriter: channel-1-display-0] Reporting previous times duration=CMTime(seconds:nan timescale:0 value:0 flags:<empty>) id=channel-1-display newPresentationTime=CMTime(seconds:40394.3623035 timescale:1000000000 value:40394362303500 flags:valid) originalDecodeTime=CMTime(seconds:nan timescale:0 value:0 flags:<empty>) originalPresentationTime=CMTime(seconds:40394.3623035 timescale:1000000000 value:40394362303500 flags:valid)
2024-03-25T17:07:05.844+0100 notice   [SessionWriter: channel-1-display-0] Appending last sample buffer duration=CMTime(seconds:nan timescale:0 value:0 flags:<empty>) id=channel-1-display newPresentationTime=CMTime(seconds:40395.248091166 timescale:1000000000 value:40395248091166 flags:valid, hasBeenRounded) originalDecodeTime=CMTime(seconds:nan timescale:0 value:0 flags:<empty>) originalPresentationTime=CMTime(seconds:40394.3623035 timescale:1000000000 value:40394362303500 flags:valid)
2024-03-25T17:07:06.581+0100 notice   [SessionWriter: channel-1-display-0] Waiting for final frames completed. id=channel-1-display systemUptime=40396.31505916667
2024-03-25T17:07:06.581+0100 debug    [SessionWriter: channel-1-display-0] Finishing SessionBuffer. id=channel-1-display
2024-03-25T17:07:06.581+0100 notice   [SessionWriter: channel-1-display-0] Finished SessionBuffer. id=channel-1-display
2024-03-25T17:07:06.581+0100 debug    [SessionWriter: channel-1-display-0] Flushing all frames from backpressure buffer. id=channel-1-display itemsInBuffer=0
2024-03-25T17:07:06.581+0100 notice   [SessionWriter: channel-1-display-0] Flushed all frames from backpressure buffer. id=channel-1-display itemsInBuffer=0
2024-03-25T17:07:06.581+0100 debug    [SessionWriter: channel-1-display-0] End session on AVAssetWriter id=channel-1-display sessionEnd=CMTime(seconds:40395.248091166 timescale:1000000000 value:40395248091166 flags:valid, hasBeenRounded)
2024-03-25T17:07:06.583+0100 notice   [SessionWriter: channel-1-display-0] End session on AVAssetWriter id=channel-1-display sessionEnd=CMTime(seconds:40395.248091166 timescale:1000000000 value:40395248091166 flags:valid, hasBeenRounded)
2024-03-25T17:07:06.583+0100 debug    [SessionWriter: channel-1-display-0] Finishing writing to asset writer. id=channel-1-display
2024-03-25T17:07:06.588+0100 notice   [SessionWriter: channel-1-display-0] Finished writing to assset writer. id=channel-1-display
2024-03-25T17:07:06.588+0100 debug    [SessionWriter: channel-1-display-0] Finishing writing to metadata file. id=channel-1-display
2024-03-25T17:07:06.588+0100 notice   [SessionWriter: channel-1-display-0] Finished writing to metadata file. id=channel-1-display
2024-03-25T17:07:06.588+0100 notice   [SessionWriter: channel-1-display-0] Completed recording, returning metadata. framesProcessed (excluding initial Ring buffer)=166 id=channel-1-display
2024-03-25T17:07:06.588+0100 notice   [DisplayRecorder: channel-1-display] Completed all session writers id=channel-1-display sessionWriters.count=1
2024-03-25T17:07:06.588+0100 debug    [DisplayRecorder: channel-1-display] Stopping stream capture. id=channel-1-display
2024-03-25T17:07:06.595+0100 notice   [DisplayRecorder: channel-1-display] Stopped stream capture. id=channel-1-display
2024-03-25T17:07:06.595+0100 debug    [DisplayRecorder: channel-1-display] Clearing frame timeout. id=channel-1-display
2024-03-25T17:07:06.595+0100 notice   [DisplayRecorder: channel-1-display] Cleared frame timeout. id=channel-1-display
2024-03-25T17:07:06.595+0100 debug    [DisplayRecorder: channel-1-display] Returning Metadata from cleanup id=channel-1-display totalFramesProcessed=166
2024-03-25T17:07:06.595+0100 debug    [DisplayRecorder: channel-1-display] Checking if file is undamaged id=channel-1-display url=file:///var/folders/bg/y1jby3sd0kg6rdtnglcr38pc0000gn/T/Area%202024-03-25%2017:06:46/channel-1-display-0.mp4
2024-03-25T17:07:06.597+0100 debug    [DisplayRecorder: channel-1-display] Loaded duration from file duration=CMTime(seconds:18.373333333333335 timescale:600 value:11024 flags:valid) id=channel-1-display url=file:///var/folders/bg/y1jby3sd0kg6rdtnglcr38pc0000gn/T/Area%202024-03-25%2017:06:46/channel-1-display-0.mp4
2024-03-25T17:07:06.597+0100 notice   [Conductor] Finalized recorders. errors=0 metadataCount=3 recorders=3
2024-03-25T17:07:06.597+0100 debug    [Conductor] Writing metadata file. metadataCount=3
2024-03-25T17:07:06.598+0100 notice   [Conductor] Metadata file written. metadataCount=3
2024-03-25T17:07:06.598+0100 debug    [Conductor] Ending latency critical activity.
2024-03-25T17:07:06.598+0100 notice   [Conductor] Ended latency critical activity.
2024-03-25T17:07:06.598+0100 notice   [Conductor] Recording stopped. errorCount=0 metadataCount=3 recorders=3
2024-03-25T17:07:06.598+0100 notice   [Conductor] Stopped recording. sessions=[
from:     40376.875  2024-03-25T17:06:47.141+0100
until:    40395.248  2024-03-25T17:07:05.514+0100
duration: 18.373
]
2024-03-25T17:07:06.598+0100 notice   [Polyrecorder] Nominal recording ended.
