2024-11-04T13:43:54.454+0100 notice   [Polyrecorder] Polyrecorder started. appStart=32394.894023750003 modelIdentifier=Mac14,2 operatingSystem=Version 15.1 (Build 24B83) systemLaunch=2024-11-04 03:43:59 +0000 version=1.10.1
2024-11-04T13:43:54.454+0100 notice   [polyrecorder] Connect RecordKit logger to Polyrecorder logger rkLogLevel=debug
2024-11-04T13:43:54.455+0100 debug    [Polyrecorder] Accessing active displays
2024-11-04T13:43:54.500+0100 notice   [Polyrecorder] Active displays: [polyrecorder.DisplayDiscovery.Display(displayID: 2, bounds: polyrecorder.Bounds(x: 0.0, y: 0.0, width: 3008.0, height: 1692.0), refreshRate: 60.0, isMain: true, isBuiltin: false), polyrecorder.DisplayDiscovery.Display(displayID: 1, bounds: polyrecorder.Bounds(x: 617.0, y: 1692.0, width: 1710.0, height: 1112.0), refreshRate: 60.0, isMain: false, isBuiltin: true)]
2024-11-04T13:43:54.500+0100 debug    [Polyrecorder] Validating configuration.
2024-11-04T13:43:54.501+0100 notice   [Polyrecorder] Configuration validated: {
  "channels" : [
    {
      "captureKeyStrokes" : true,
      "type" : "input"
    },
    {
      "excludedWindowIds" : [
        3045,
        3046,
        2606,
        3043
      ],
      "excludeFinderDesktopIcons" : false,
      "type" : "display",
      "cropRect" : {
        "x" : 0,
        "yAxis" : "topBasedIncreasingDownwards",
        "height" : 1080,
        "y" : 25,
        "width" : 1920
      },
      "displayId" : 2
    }
  ],
  "outputDirectory" : "\/var\/folders\/79\/0y_fdswx35xgch3qfgbtjnth0000gn\/T\/Arc 2024-11-04 13:43:54",
  "logLevel" : "debug"
}
2024-11-04T13:43:54.501+0100 debug    [Polyrecorder] Creating output directory. url=file:///var/folders/79/0y_fdswx35xgch3qfgbtjnth0000gn/T/Arc%202024-11-04%2013:43:54
2024-11-04T13:43:54.501+0100 notice   [Polyrecorder] Created output directory. url=file:///var/folders/79/0y_fdswx35xgch3qfgbtjnth0000gn/T/Arc%202024-11-04%2013:43:54
2024-11-04T13:43:54.501+0100 debug    [Polyrecorder] Redirecting logs to file. url=file:///var/folders/79/0y_fdswx35xgch3qfgbtjnth0000gn/T/Arc%202024-11-04%2013:43:54/polyrecorder.log
2024-11-04T13:43:54.502+0100 notice   [Polyrecorder] Redirected logs to file. url=file:///var/folders/79/0y_fdswx35xgch3qfgbtjnth0000gn/T/Arc%202024-11-04%2013:43:54/polyrecorder.log
2024-11-04T13:43:54.502+0100 debug    [Polyrecorder] Attaching uncaught exception handler.
2024-11-04T13:43:54.502+0100 notice   [Polyrecorder] Attached uncaught exception handler.
2024-11-04T13:43:54.502+0100 debug    [Polyrecorder] Enabling DAL devices...
2024-11-04T13:43:54.537+0100 notice   [Polyrecorder] Enabled DAL devices.
2024-11-04T13:43:54.537+0100 debug    [Polyrecorder] Creating conductor with recorders. channels=2
2024-11-04T13:43:54.548+0100 debug    [CursorRecorder] Checking if cursor folder/files don't exist yet.
2024-11-04T13:43:54.548+0100 notice   [CursorRecorder] Checked cursor folder/files don't exist yet.
2024-11-04T13:43:54.548+0100 debug    [CursorRecorder] Creating display link. displayId=2
2024-11-04T13:43:54.550+0100 notice   [CursorRecorder] Created display link. displayId=2
2024-11-04T13:43:54.550+0100 debug    [InputRecorder] Checking input monitoring authorization status. id=channel-0-input
2024-11-04T13:43:54.559+0100 notice   [InputRecorder] Input monitoring is authorized. id=channel-0-input
2024-11-04T13:43:54.574+0100 debug    [DisplayRecorder: channel-1-display] Checking if displayID 2 is in Active Displays list id=channel-1-display
2024-11-04T13:43:54.578+0100 debug    [DisplayRecorder: channel-1-display] Creating DisplayRecorderOutput id=channel-1-display
2024-11-04T13:43:54.580+0100 notice   [DisplayRecorder: channel-1-display] Created DisplayRecorderOutput id=channel-1-display output=DisplayRecorderOutput(cropRect: Optional((0.0, 25.0, 1920.0, 1080.0)), recordBounds: (0.0, 25.0, 1920.0, 1080.0), displayScaleFactor: 2, displayRefreshRate: 60.0, minFrameDuration: CMTime(seconds:0.016666666666666666 timescale:60 value:1 flags:valid), recordingScale: 0.5, assetWriterSettings: polyrecorder.AssetWriterSettings(mediaType: __C.AVMediaType(_rawValue: vide), outputSettings: ["AVVideoHeightKey": 2160, "AVVideoWidthKey": 3840, "AVVideoCompressionPropertiesKey": {
    AllowFrameReordering = 1;
    AverageBitRate = 25000000;
    AverageNonDroppableFrameRate = 30;
    ExpectedFrameRate = 60;
    H264EntropyMode = CABAC;
    MaxKeyFrameInterval = 30;
    ProfileLevel = "H264_High_AutoLevel";
}, "AVVideoCodecKey": avc1, "AVVideoEncoderSpecificationKey": {
    EnableHardwareAcceleratedVideoEncoder = 1;
}, "AVVideoScalingModeKey": AVVideoScalingModeResizeAspect]))
2024-11-04T13:43:54.580+0100 info     [Polyrecorder] Created conductor with recorders. channels=2 recorders=3
2024-11-04T13:43:54.580+0100 debug    [Polyrecorder] Attaching recorder abortion handler.
2024-11-04T13:43:54.580+0100 notice   [Polyrecorder] Attached recorder abortion handler.
2024-11-04T13:43:54.580+0100 debug    [Polyrecorder] Installing signal handlers on process 15958.
2024-11-04T13:43:54.580+0100 notice   [Polyrecorder] Installed signal handlers on process 15958.
2024-11-04T13:43:54.580+0100 notice   [Polyrecorder] Setup finished.
2024-11-04T13:43:54.580+0100 debug    [Conductor] Starting recording.
2024-11-04T13:43:54.580+0100 debug    [Conductor] Starting latency critical activity.
2024-11-04T13:43:54.581+0100 notice   [Conductor] Started latency critical activity.
2024-11-04T13:43:54.581+0100 debug    [Conductor] Setting up all recorders. recorders=3
2024-11-04T13:43:54.582+0100 debug    [InputRecorder] Starting event monitor. id=channel-0-input
2024-11-04T13:43:54.582+0100 debug    [DisplayRecorder: channel-1-display] Accessing ShareableContent id=channel-1-display
2024-11-04T13:43:54.582+0100 info     [InputRecorder] Event monitor started. id=channel-0-input
2024-11-04T13:43:54.582+0100 notice   [InputRecorder] Setup complete id=channel-0-input
2024-11-04T13:43:54.582+0100 debug    [CursorRecorder] Creating cursor image directory. id=channel-0-cursor url=file:///var/folders/79/0y_fdswx35xgch3qfgbtjnth0000gn/T/Arc%202024-11-04%2013:43:54/cursors/
2024-11-04T13:43:54.582+0100 notice   [CursorRecorder] Created cursor image directory. id=channel-0-cursor url=file:///var/folders/79/0y_fdswx35xgch3qfgbtjnth0000gn/T/Arc%202024-11-04%2013:43:54/cursors/
2024-11-04T13:43:54.619+0100 debug    [CursorRecorder] Preloading system cursors. cursors=18 id=channel-0-cursor
2024-11-04T13:43:54.619+0100 notice   [CursorRecorder] Preloaded system cursors. cursors=18 id=channel-0-cursor
2024-11-04T13:43:54.619+0100 debug    [CursorRecorder] Configuring display link output handler. errorRateLimit=10.0 id=channel-0-cursor
2024-11-04T13:43:54.619+0100 info     [CursorRecorder] Display link output handler configured. errorRateLimit=10.0 id=channel-0-cursor
2024-11-04T13:43:54.619+0100 debug    [CursorRecorder] Setting current display on display link. displayId=2 id=channel-0-cursor
2024-11-04T13:43:54.619+0100 info     [CursorRecorder] Current display on display link set. displayId=2 id=channel-0-cursor
2024-11-04T13:43:54.619+0100 debug    [CursorRecorder] Starting display link. displayId=2 id=channel-0-cursor
2024-11-04T13:43:54.619+0100 notice   [CursorRecorder] Started display link. displayId=2 id=channel-0-cursor
2024-11-04T13:43:54.619+0100 notice   [CursorRecorder] Setup complete id=channel-0-cursor
2024-11-04T13:43:54.622+0100 notice   [DisplayRecorder: channel-1-display] Received ShareableContent attempt=1 id=channel-1-display restarted=false
2024-11-04T13:43:54.622+0100 debug    [DisplayRecorder: channel-1-display] Creating SCContentFilter from configuration id=channel-1-display
2024-11-04T13:43:54.622+0100 debug    [DisplayRecorder: channel-1-display] Creating SCStream id=channel-1-display streamConfig=SCStreamConfiguration sourceRect:(0.0, 25.0, 1920.0, 1080.0) width:3840 height:2160 queueDepth:8
2024-11-04T13:43:54.633+0100 notice   [CursorRecorder] Refresh rate of current display changed. currentDisplay=2 id=channel-0-cursor refreshRate=59 FPS
2024-11-04T13:43:54.671+0100 notice   [DisplayRecorder: channel-1-display] Created SCStream id=channel-1-display
2024-11-04T13:43:54.671+0100 debug    [DisplayRecorder: channel-1-display] Add StreamOutput to capture screen content id=channel-1-display
2024-11-04T13:43:54.671+0100 debug    [DisplayRecorder: channel-1-display] Enable verbose SCK logging id=channel-1-display
2024-11-04T13:43:54.671+0100 debug    [DisplayRecorder: channel-1-display] Start stream capture id=channel-1-display
2024-11-04T13:43:54.725+0100 notice   [DisplayRecorder: channel-1-display] Started stream capture id=channel-1-display
2024-11-04T13:43:54.725+0100 debug    [DisplayRecorder: channel-1-display] Waiting for ring buffer to have a frame id=channel-1-display
2024-11-04T13:43:54.742+0100 debug    [StreamCoordinator: channel-1-display] Stream did output sample buffer id=channel-1-display isValid=true
2024-11-04T13:43:54.742+0100 debug    [DisplayRecorder: channel-1-display] Checking delta of presentation time stamp to host time clock. framePTS=32395.185855416 hostTime=32395.187358875 id=channel-1-display
2024-11-04T13:43:54.742+0100 notice   [DisplayRecorder: channel-1-display] Trivial delta between presentation time stamp to host time clock, will trust frame PTS. framePTS=32395.185855416 hostTime=32395.187358875 hostTimeDelta=0.001503459 id=channel-1-display
2024-11-04T13:43:54.742+0100 notice   [DisplayRecorder: channel-1-display] Ring buffer has a frame id=channel-1-display
2024-11-04T13:43:54.742+0100 debug    [DisplayRecorder: channel-1-display] Disable verbose SCK logging id=channel-1-display
2024-11-04T13:43:54.742+0100 notice   [DisplayRecorder: channel-1-display] Setup complete id=channel-1-display
2024-11-04T13:43:54.742+0100 notice   [Conductor] Did setup all recorders. recorders=3
2024-11-04T13:43:54.742+0100 debug    [Conductor] Calling prepare on all recorders for session. recorders=3
2024-11-04T13:43:54.742+0100 debug    [DisplayRecorder: channel-1-display] Creating SessionWriter id=channel-1-display
2024-11-04T13:43:54.742+0100 notice   [InputRecorder] Preparing session. id=channel-0-input sessions=0
2024-11-04T13:43:54.742+0100 debug    [SessionWriter: channel-1-display-0] Creating AVAssetWriter id=channel-1-display
2024-11-04T13:43:54.744+0100 notice   [SessionWriter: channel-1-display-0] Created AVAssetWriter id=channel-1-display
2024-11-04T13:43:54.744+0100 debug    [SessionWriter: channel-1-display-0] Add AVAssetWriter.error observation id=channel-1-display
2024-11-04T13:43:54.744+0100 notice   [InputRecorder] Prepared session. id=channel-0-input sessions=1
2024-11-04T13:43:54.744+0100 notice   [SessionWriter: channel-1-display-0] Added AVAssetWriter.error observation id=channel-1-display
2024-11-04T13:43:54.744+0100 debug    [SessionWriter: channel-1-display-0] Creating AVAssetWriterInput id=channel-1-display mediaType=AVMediaType(_rawValue: vide) outputSettings=["AVVideoHeightKey": 2160, "AVVideoWidthKey": 3840, "AVVideoCompressionPropertiesKey": {
    AllowFrameReordering = 1;
    AverageBitRate = 25000000;
    AverageNonDroppableFrameRate = 30;
    ExpectedFrameRate = 60;
    H264EntropyMode = CABAC;
    MaxKeyFrameInterval = 30;
    ProfileLevel = "H264_High_AutoLevel";
}, "AVVideoCodecKey": avc1, "AVVideoEncoderSpecificationKey": {
    EnableHardwareAcceleratedVideoEncoder = 1;
}, "AVVideoScalingModeKey": AVVideoScalingModeResizeAspect]
2024-11-04T13:43:54.839+0100 debug    [SessionWriter: channel-1-display-0] Adding AVAssetWriterInput to AVAssetWriter. id=channel-1-display
2024-11-04T13:43:54.839+0100 notice   [SessionWriter: channel-1-display-0] Added AVAssetWriterInput to AVAssetWriter id=channel-1-display
2024-11-04T13:43:54.864+0100 debug    [DisplayRecorder: channel-1-display] Processing initial samples from buffer. bufferCount=3 id=channel-1-display
2024-11-04T13:43:54.864+0100 notice   [DisplayRecorder: channel-1-display] Processed initial samples from buffer. bufferCount=3 id=channel-1-display
2024-11-04T13:43:54.864+0100 notice   [DisplayRecorder: channel-1-display] Created SessionWriter id=channel-1-display
2024-11-04T13:43:54.864+0100 notice   [Conductor] Called prepare recorders for session. recorders=3
2024-11-04T13:43:54.864+0100 debug    [Conductor] Broadcasting over stdout that all recorders are prepared. recorders=3
2024-11-04T13:43:54.864+0100 notice   [Conductor] Broadcasted over stdout that all recorders are prepared. recorders=3
2024-11-04T13:43:55.266+0100 notice   [SignalHandler] Received SIGCONT.
2024-11-04T13:43:55.266+0100 debug    [Conductor] Resuming recording.
2024-11-04T13:43:55.266+0100 notice   [Conductor] Recording resumed. recordFrom=32395.711744750002
2024-11-04T13:43:55.285+0100 debug    [SessionWriter: channel-1-display-0] Start session on AVAssetWriter id=channel-1-display sessionStart=CMTime(seconds:32395.71174475 timescale:1000000000 value:32395711744750 flags:valid, hasBeenRounded)
2024-11-04T13:43:55.285+0100 notice   [SessionWriter: channel-1-display-0] Started session on AVAssetWriter id=channel-1-display sessionStart=CMTime(seconds:32395.71174475 timescale:1000000000 value:32395711744750 flags:valid, hasBeenRounded)
2024-11-04T13:43:55.285+0100 notice   [SessionWriter: channel-1-display-0] Appending first sample buffer duration=CMTime(seconds:nan timescale:0 value:0 flags:<empty>) id=channel-1-display newPresentationTime=CMTime(seconds:32395.71174475 timescale:1000000000 value:32395711744750 flags:valid, hasBeenRounded) originalDecodeTime=CMTime(seconds:nan timescale:0 value:0 flags:<empty>) originalPresentationTime=CMTime(seconds:32395.702550416 timescale:1000000000 value:32395702550416 flags:valid)
2024-11-04T13:43:55.290+0100 notice   [SessionWriter: channel-1-display-0] Appending second sample buffer duration=CMTime(seconds:nan timescale:0 value:0 flags:<empty>) id=channel-1-display newPresentationTime=CMTime(seconds:32395.735885541 timescale:1000000000 value:32395735885541 flags:valid) originalDecodeTime=CMTime(seconds:nan timescale:0 value:0 flags:<empty>) originalPresentationTime=CMTime(seconds:32395.735885541 timescale:1000000000 value:32395735885541 flags:valid)
2024-11-04T13:43:59.562+0100 debug    [StreamCoordinator: channel-1-display] SCFrameStatus summary for last 5 seconds id=channel-1-display summary=[("complete", 108), ("idle", 123)] total=231
2024-11-04T13:43:59.972+0100 debug    [InputRecorderSession] Generated mouse move events for cursor changes between mouse moves. after=32400.408622416 generatedEvents=1 id=channel-0-input session=0 untilIncluding=32400.4167865
2024-11-04T13:44:01.032+0100 debug    [InputRecorderSession] Generated mouse move events for cursor changes between mouse moves. after=32400.82059075 generatedEvents=1 id=channel-0-input session=0 untilIncluding=32401.476527541
2024-11-04T13:44:04.560+0100 debug    [StreamCoordinator: channel-1-display] SCFrameStatus summary for last 5 seconds id=channel-1-display summary=[("complete", 66), ("idle", 147)] total=213
2024-11-04T13:44:05.558+0100 debug    [InputRecorderSession] Generated mouse move events for cursor changes between mouse moves. after=32405.990995125 generatedEvents=1 id=channel-0-input session=0 untilIncluding=32405.999080041
2024-11-04T13:44:05.579+0100 debug    [InputRecorderSession] Generated mouse move events for cursor changes between mouse moves. after=32406.007360791 generatedEvents=1 id=channel-0-input session=0 untilIncluding=32406.015266125
2024-11-04T13:44:05.596+0100 debug    [InputRecorderSession] Generated mouse move events for cursor changes between mouse moves. after=32406.0234965 generatedEvents=1 id=channel-0-input session=0 untilIncluding=32406.031476458
2024-11-04T13:44:05.636+0100 debug    [InputRecorderSession] Generated mouse move events for cursor changes between mouse moves. after=32406.055748375 generatedEvents=1 id=channel-0-input session=0 untilIncluding=32406.063747791
2024-11-04T13:44:06.170+0100 debug    [InputRecorderSession] Generated mouse move events for cursor changes between mouse moves. after=32406.6046565 generatedEvents=1 id=channel-0-input session=0 untilIncluding=32406.612792833
2024-11-04T13:44:06.252+0100 debug    [InputRecorderSession] Generated mouse move events for cursor changes between mouse moves. after=32406.67768725 generatedEvents=1 id=channel-0-input session=0 untilIncluding=32406.685742541
2024-11-04T13:44:06.634+0100 debug    [InputRecorderSession] Generated mouse move events for cursor changes between mouse moves. after=32407.056579291 generatedEvents=1 id=channel-0-input session=0 untilIncluding=32407.06450225
2024-11-04T13:44:08.113+0100 debug    [InputRecorderSession] Generated mouse move events for cursor changes between mouse moves. after=32407.440374125 generatedEvents=1 id=channel-0-input session=0 untilIncluding=32408.558018541
2024-11-04T13:44:09.563+0100 debug    [StreamCoordinator: channel-1-display] SCFrameStatus summary for last 5 seconds id=channel-1-display summary=[("complete", 25), ("idle", 179)] total=204
2024-11-04T13:44:11.671+0100 debug    [InputRecorderSession] Generated mouse move events for cursor changes between mouse moves. after=32412.108440666 generatedEvents=1 id=channel-0-input session=0 untilIncluding=32412.116477625
2024-11-04T13:44:11.810+0100 debug    [InputRecorderSession] Generated mouse move events for cursor changes between mouse moves. after=32412.237425 generatedEvents=1 id=channel-0-input session=0 untilIncluding=32412.245403083
2024-11-04T13:44:14.025+0100 debug    [InputRecorderSession] Generated mouse move events for cursor changes between mouse moves. after=32414.457081291 generatedEvents=1 id=channel-0-input session=0 untilIncluding=32414.465235208
2024-11-04T13:44:14.414+0100 debug    [InputRecorderSession] Generated mouse move events for cursor changes between mouse moves. after=32414.844546958 generatedEvents=1 id=channel-0-input session=0 untilIncluding=32414.852714791
2024-11-04T13:44:14.564+0100 debug    [StreamCoordinator: channel-1-display] SCFrameStatus summary for last 5 seconds id=channel-1-display summary=[("complete", 25), ("idle", 173)] total=198
2024-11-04T13:44:16.830+0100 debug    [InputRecorderSession] Generated mouse move events for cursor changes between mouse moves. after=32415.111068458 generatedEvents=1 id=channel-0-input session=0 untilIncluding=32417.274725666
2024-11-04T13:44:17.161+0100 debug    [InputRecorderSession] Generated mouse move events for cursor changes between mouse moves. after=32417.589510583 generatedEvents=1 id=channel-0-input session=0 untilIncluding=32417.597565125
2024-11-04T13:44:19.559+0100 debug    [InputRecorderSession] Generated mouse move events for cursor changes between mouse moves. after=32419.995042916 generatedEvents=1 id=channel-0-input session=0 untilIncluding=32420.003264916
2024-11-04T13:44:19.563+0100 debug    [StreamCoordinator: channel-1-display] SCFrameStatus summary for last 5 seconds id=channel-1-display summary=[("complete", 48), ("idle", 161)] total=209
2024-11-04T13:44:20.488+0100 notice   [SignalHandler] Received SIGINT.
2024-11-04T13:44:20.488+0100 warning  [Conductor] Pausing the recording to be able to stop.
2024-11-04T13:44:20.488+0100 debug    [Conductor] Pausing recording.
2024-11-04T13:44:20.488+0100 notice   [Conductor] Recording paused. recordUntil=32420.933455375
2024-11-04T13:44:20.488+0100 debug    [Conductor] Stopping recording.
2024-11-04T13:44:20.488+0100 debug    [Conductor] Cleaning up recorders. recorders=3
2024-11-04T13:44:20.488+0100 debug    [CursorRecorder] Stopping display link. id=channel-0-cursor
2024-11-04T13:44:20.488+0100 debug    [InputRecorder] Stopping event monitor. id=channel-0-input
2024-11-04T13:44:20.488+0100 debug    [DisplayRecorder: channel-1-display] Completing all session writers id=channel-1-display sessionWriters.count=1
2024-11-04T13:44:20.488+0100 notice   [CursorRecorder] Stopped display link. id=channel-0-cursor
2024-11-04T13:44:20.488+0100 notice   [InputRecorder] Stopped eventTapForEvents. id=channel-0-input
2024-11-04T13:44:20.488+0100 debug    [SessionWriter: channel-1-display-0] Completing recording. id=channel-1-display
2024-11-04T13:44:20.488+0100 debug    [SessionWriter: channel-1-display-0] Waiting for final frames. id=channel-1-display
2024-11-04T13:44:20.488+0100 info     [InputRecorder] Event monitor stopped. id=channel-0-input
2024-11-04T13:44:20.489+0100 debug    [InputRecorder] Finishing sessions. id=channel-0-input
2024-11-04T13:44:20.489+0100 notice   [SessionWriter: channel-1-display-0] Newer item produced recently, waiting for another second. id=channel-1-display lastItemTime=CMTime(seconds:32420.153896208 timescale:1000000000 value:32420153896208 flags:valid) previousLastItemTime=CMTime(seconds:-inf timescale:0 value:0 flags:valid, negativeInfinity)
2024-11-04T13:44:20.489+0100 debug    [CursorRecorder] Writing cursor information to disk. count=18 id=channel-0-cursor url=file:///var/folders/79/0y_fdswx35xgch3qfgbtjnth0000gn/T/Arc%202024-11-04%2013:43:54/cursors.json
2024-11-04T13:44:20.489+0100 debug    [InputRecorderSession] Generating mouse move events for stationary cursor changes at end of session. id=channel-0-input session=0
2024-11-04T13:44:20.489+0100 notice   [InputRecorderSession] Generated mouse move events for stationary cursor changes at end of session. after=32420.664861125 generatedEvents=0 id=channel-0-input session=0 untilIncluding=32420.933455375
2024-11-04T13:44:20.489+0100 notice   [InputRecorder] Finished writers. id=channel-0-input
2024-11-04T13:44:20.489+0100 notice   [CursorRecorder] Cursor information written to disk. count=18 id=channel-0-cursor url=file:///var/folders/79/0y_fdswx35xgch3qfgbtjnth0000gn/T/Arc%202024-11-04%2013:43:54/cursors.json
2024-11-04T13:44:20.489+0100 debug    [CursorRecorder] Writing cursor images to disk. count=18 id=channel-0-cursor url=file:///var/folders/79/0y_fdswx35xgch3qfgbtjnth0000gn/T/Arc%202024-11-04%2013:43:54/cursors/
2024-11-04T13:44:20.502+0100 notice   [CursorRecorder] Cursor images are written to disk. count=18 id=channel-0-cursor url=file:///var/folders/79/0y_fdswx35xgch3qfgbtjnth0000gn/T/Arc%202024-11-04%2013:43:54/cursors/
2024-11-04T13:44:21.552+0100 warning  [SessionWriter: channel-1-display-0] Cancelling wait for final frames, no newer frame produced. id=channel-1-display lastItemTime=CMTime(seconds:32420.153896208 timescale:1000000000 value:32420153896208 flags:valid) previousLastItemTime=CMTime(seconds:32420.153896208 timescale:1000000000 value:32420153896208 flags:valid)
2024-11-04T13:44:21.552+0100 notice   [SessionWriter: channel-1-display-0] Waiting for final frames timed out. id=channel-1-display systemUptime=32421.997743791668
2024-11-04T13:44:21.552+0100 debug    [SessionWriter: channel-1-display-0] Finishing SessionBoundedRetimer. id=channel-1-display
2024-11-04T13:44:21.553+0100 notice   [SessionWriter: channel-1-display-0] Finished SessionBoundedRetimer. id=channel-1-display
2024-11-04T13:44:21.553+0100 debug    [SessionWriter: channel-1-display-0] Flushing all frames from backpressure buffer. id=channel-1-display itemsInBuffer=0
2024-11-04T13:44:21.553+0100 notice   [SessionWriter: channel-1-display-0] Flushed all frames from backpressure buffer. id=channel-1-display itemsInBuffer=0
2024-11-04T13:44:21.553+0100 debug    [SessionWriter: channel-1-display-0] End session on AVAssetWriter id=channel-1-display sessionEnd=CMTime(seconds:32420.933455375 timescale:1000000000 value:32420933455375 flags:valid)
2024-11-04T13:44:21.590+0100 notice   [SessionWriter: channel-1-display-0] End session on AVAssetWriter id=channel-1-display sessionEnd=CMTime(seconds:32420.933455375 timescale:1000000000 value:32420933455375 flags:valid)
2024-11-04T13:44:21.591+0100 debug    [SessionWriter: channel-1-display-0] Finishing writing to asset writer. id=channel-1-display
2024-11-04T13:44:21.597+0100 notice   [SessionWriter: channel-1-display-0] Finished writing to assset writer. id=channel-1-display
2024-11-04T13:44:21.597+0100 debug    [SessionWriter: channel-1-display-0] Finishing writing to metadata file. id=channel-1-display
2024-11-04T13:44:21.597+0100 notice   [SessionWriter: channel-1-display-0] Finished writing to metadata file. id=channel-1-display
2024-11-04T13:44:21.597+0100 notice   [SessionWriter: channel-1-display-0] Completed recording, returning metadata. framesProcessed (excluding initial Ring buffer)=277 id=channel-1-display
2024-11-04T13:44:21.597+0100 notice   [DisplayRecorder: channel-1-display] Completed all session writers id=channel-1-display sessionWriters.count=1
2024-11-04T13:44:21.597+0100 debug    [DisplayRecorder: channel-1-display] Stopping stream capture. id=channel-1-display
2024-11-04T13:44:21.604+0100 notice   [DisplayRecorder: channel-1-display] Stopped stream capture. id=channel-1-display
2024-11-04T13:44:21.604+0100 debug    [DisplayRecorder: channel-1-display] Clearing frame timeout. id=channel-1-display
2024-11-04T13:44:21.604+0100 notice   [DisplayRecorder: channel-1-display] Cleared frame timeout. id=channel-1-display
2024-11-04T13:44:21.604+0100 debug    [DisplayRecorder: channel-1-display] Returning Metadata from cleanup id=channel-1-display totalFramesProcessed=280
2024-11-04T13:44:21.604+0100 debug    [DisplayRecorder: channel-1-display] Checking if file is undamaged id=channel-1-display url=file:///var/folders/79/0y_fdswx35xgch3qfgbtjnth0000gn/T/Arc%202024-11-04%2013:43:54/channel-1-display-0.mp4
2024-11-04T13:44:21.606+0100 debug    [DisplayRecorder: channel-1-display] Loaded duration from file duration=CMTime(seconds:25.221666666666668 timescale:600 value:15133 flags:valid) id=channel-1-display url=file:///var/folders/79/0y_fdswx35xgch3qfgbtjnth0000gn/T/Arc%202024-11-04%2013:43:54/channel-1-display-0.mp4
2024-11-04T13:44:21.607+0100 notice   [Conductor] Finalized recorders. errors=0 metadataCount=3 recorders=3
2024-11-04T13:44:21.607+0100 debug    [Conductor] Writing metadata file. metadataCount=3
2024-11-04T13:44:21.608+0100 notice   [Conductor] Metadata file written. metadataCount=3
2024-11-04T13:44:21.608+0100 debug    [Conductor] Ending latency critical activity.
2024-11-04T13:44:21.608+0100 notice   [Conductor] Ended latency critical activity.
2024-11-04T13:44:21.608+0100 notice   [Conductor] Recording stopped. errorCount=0 metadataCount=3 recorders=3
2024-11-04T13:44:21.609+0100 notice   [Conductor] Stopped recording. sessions=[
from:     32395.712  2024-11-04T13:43:55.266+0100
until:    32420.933  2024-11-04T13:44:20.488+0100
duration: 25.222
]
2024-11-04T13:44:21.609+0100 notice   [Polyrecorder] Nominal recording ended.
