2024-03-26T15:47:19.391+0100 notice   [Polyrecorder] Polyrecorder started. appStart=23655.693904708336 modelIdentifier=Mac14,2 operatingSystem=Version 14.4.1 (Build 23E224) systemLaunch=2024-03-26 08:13:03 +0000 version=1.6.0
2024-03-26T15:47:19.391+0100 debug    [Polyrecorder] Accessing active displays
2024-03-26T15:47:19.434+0100 notice   [Polyrecorder] Active displays: [polyrecorder.DisplayDiscovery.Display(displayID: 1, bounds: polyrecorder.Bounds(x: 0.0, y: 0.0, width: 1470.0, height: 956.0), refreshRate: 60.0, isMain: true, isBuiltin: true), polyrecorder.DisplayDiscovery.Display(displayID: 2, bounds: polyrecorder.Bounds(x: -800.0, y: -1692.0, width: 3008.0, height: 1692.0), refreshRate: 60.0, isMain: false, isBuiltin: false)]
2024-03-26T15:47:19.434+0100 debug    [Polyrecorder] Validating configuration.
2024-03-26T15:47:19.435+0100 notice   [Polyrecorder] Configuration validated: {
  "logLevel" : "debug",
  "outputDirectory" : "\/var\/folders\/h9\/1mcmb7v94b70mh2143wlrlt40000gn\/T\/Arc 2024-03-26 15:47:19",
  "channels" : [
    {
      "captureKeyStrokes" : true,
      "type" : "input"
    },
    {
      "cropRect" : {
        "height" : 1018,
        "y" : 211,
        "x" : 1461,
        "yAxis" : "topBasedIncreasingDownwards",
        "width" : 1395
      },
      "displayId" : 2,
      "excludedWindowIds" : [
        3742,
        10687
      ],
      "type" : "display",
      "excludeFinderDesktopIcons" : false
    }
  ]
}
2024-03-26T15:47:19.436+0100 debug    [Polyrecorder] Creating output directory. url=file:///var/folders/h9/1mcmb7v94b70mh2143wlrlt40000gn/T/Arc%202024-03-26%2015:47:19
2024-03-26T15:47:19.437+0100 notice   [Polyrecorder] Created output directory. url=file:///var/folders/h9/1mcmb7v94b70mh2143wlrlt40000gn/T/Arc%202024-03-26%2015:47:19
2024-03-26T15:47:19.437+0100 debug    [Polyrecorder] Redirecting logs to file. url=file:///var/folders/h9/1mcmb7v94b70mh2143wlrlt40000gn/T/Arc%202024-03-26%2015:47:19/polyrecorder.log
2024-03-26T15:47:19.437+0100 notice   [Polyrecorder] Redirected logs to file. url=file:///var/folders/h9/1mcmb7v94b70mh2143wlrlt40000gn/T/Arc%202024-03-26%2015:47:19/polyrecorder.log
2024-03-26T15:47:19.437+0100 debug    [Polyrecorder] Attaching uncaught exception handler.
2024-03-26T15:47:19.437+0100 notice   [Polyrecorder] Attached uncaught exception handler.
2024-03-26T15:47:19.437+0100 debug    [Polyrecorder] Enabling DAL devices...
2024-03-26T15:47:19.452+0100 notice   [Polyrecorder] Enabled DAL devices.
2024-03-26T15:47:19.452+0100 debug    [Polyrecorder] Creating conductor with recorders. channels=2
2024-03-26T15:47:19.452+0100 debug    [CursorRecorder] Checking if cursor folder/files don't exist yet.
2024-03-26T15:47:19.452+0100 notice   [CursorRecorder] Checked cursor folder/files don't exist yet.
2024-03-26T15:47:19.452+0100 debug    [CursorRecorder] Creating display link. displayId=1
2024-03-26T15:47:19.454+0100 notice   [CursorRecorder] Created display link. displayId=1
2024-03-26T15:47:19.454+0100 debug    [InputRecorder] Checking input monitoring authorization status. id=channel-0-input
2024-03-26T15:47:19.463+0100 notice   [InputRecorder] Input monitoring is authorized. id=channel-0-input
2024-03-26T15:47:19.477+0100 debug    [DisplayRecorder: channel-1-display] Checking if displayID 2 is in Active Displays list id=channel-1-display
2024-03-26T15:47:19.479+0100 debug    [DisplayRecorder: channel-1-display] Creating DisplayRecorderOutput id=channel-1-display
2024-03-26T15:47:19.482+0100 notice   [DisplayRecorder: channel-1-display] Created DisplayRecorderOutput id=channel-1-display output=DisplayRecorderOutput(cropRect: Optional((1461.0, 211.0, 1395.0, 1018.0)), recordBounds: (661.0, -1481.0, 1395.0, 1018.0), displayScaleFactor: 2, displayRefreshRate: 60.0, minFrameDuration: CMTime(seconds:0.016666666666666666 timescale:60 value:1 flags:valid), recordingScale: 0.5, assetWriterSettings: polyrecorder.AssetWriterSettings(mediaType: __C.AVMediaType(_rawValue: vide), outputSettings: ["AVVideoWidthKey": 2790, "AVVideoEncoderSpecificationKey": {
    EnableHardwareAcceleratedVideoEncoder = 1;
}, "AVVideoScalingModeKey": AVVideoScalingModeResizeAspect, "AVVideoHeightKey": 2036, "AVVideoCompressionPropertiesKey": {
    AllowFrameReordering = 1;
    AverageBitRate = 19785346;
    AverageNonDroppableFrameRate = 30;
    ExpectedFrameRate = 60;
    H264EntropyMode = CABAC;
    MaxKeyFrameInterval = 30;
    ProfileLevel = "H264_High_AutoLevel";
}, "AVVideoCodecKey": avc1]))
2024-03-26T15:47:19.482+0100 info     [Polyrecorder] Created conductor with recorders. channels=2 recorders=3
2024-03-26T15:47:19.482+0100 debug    [Polyrecorder] Attaching recorder abortion handler.
2024-03-26T15:47:19.482+0100 notice   [Polyrecorder] Attached recorder abortion handler.
2024-03-26T15:47:19.482+0100 debug    [Polyrecorder] Installing signal handlers on process 38092.
2024-03-26T15:47:19.482+0100 notice   [Polyrecorder] Installed signal handlers on process 38092.
2024-03-26T15:47:19.482+0100 notice   [Polyrecorder] Setup finished.
2024-03-26T15:47:19.482+0100 debug    [Conductor] Starting recording.
2024-03-26T15:47:19.482+0100 debug    [Conductor] Starting latency critical activity.
2024-03-26T15:47:19.482+0100 notice   [Conductor] Started latency critical activity.
2024-03-26T15:47:19.482+0100 debug    [Conductor] Setting up all recorders. recorders=3
2024-03-26T15:47:19.482+0100 debug    [CursorRecorder] Creating cursor image directory. id=channel-0-cursor url=file:///var/folders/h9/1mcmb7v94b70mh2143wlrlt40000gn/T/Arc%202024-03-26%2015:47:19/cursors/
2024-03-26T15:47:19.482+0100 debug    [InputRecorder] Starting event monitor. id=channel-0-input
2024-03-26T15:47:19.482+0100 debug    [DisplayRecorder: channel-1-display] Accessing ShareableContent id=channel-1-display
2024-03-26T15:47:19.482+0100 info     [InputRecorder] Event monitor started. id=channel-0-input
2024-03-26T15:47:19.482+0100 notice   [InputRecorder] Setup complete id=channel-0-input
2024-03-26T15:47:19.483+0100 notice   [CursorRecorder] Created cursor image directory. id=channel-0-cursor url=file:///var/folders/h9/1mcmb7v94b70mh2143wlrlt40000gn/T/Arc%202024-03-26%2015:47:19/cursors/
2024-03-26T15:47:19.518+0100 notice   [DisplayRecorder: channel-1-display] Received ShareableContent attempt=1 id=channel-1-display
2024-03-26T15:47:19.518+0100 debug    [DisplayRecorder: channel-1-display] Creating SCContentFilter from configuration id=channel-1-display
2024-03-26T15:47:19.518+0100 debug    [DisplayRecorder: channel-1-display] Creating SCStream id=channel-1-display streamConfig=SCStreamConfiguration sourceRect:(1461.0, 211.0, 1395.0, 1018.0) width:2790 height:2036 queueDepth:8
2024-03-26T15:47:19.541+0100 debug    [CursorRecorder] Preloading system cursors. cursors=18 id=channel-0-cursor
2024-03-26T15:47:19.541+0100 notice   [CursorRecorder] Preloaded system cursors. cursors=18 id=channel-0-cursor
2024-03-26T15:47:19.541+0100 debug    [CursorRecorder] Configuring display link output handler. errorRateLimit=10.0 id=channel-0-cursor
2024-03-26T15:47:19.541+0100 info     [CursorRecorder] Display link output handler configured. errorRateLimit=10.0 id=channel-0-cursor
2024-03-26T15:47:19.541+0100 debug    [CursorRecorder] Setting current display on display link. displayId=1 id=channel-0-cursor
2024-03-26T15:47:19.545+0100 info     [CursorRecorder] Current display on display link set. displayId=1 id=channel-0-cursor
2024-03-26T15:47:19.545+0100 debug    [CursorRecorder] Starting display link. displayId=1 id=channel-0-cursor
2024-03-26T15:47:19.545+0100 notice   [CursorRecorder] Started display link. displayId=1 id=channel-0-cursor
2024-03-26T15:47:19.545+0100 notice   [CursorRecorder] Setup complete id=channel-0-cursor
2024-03-26T15:47:19.561+0100 notice   [DisplayRecorder: channel-1-display] Created SCStream id=channel-1-display
2024-03-26T15:47:19.561+0100 debug    [DisplayRecorder: channel-1-display] Add StreamOutput to capture screen content id=channel-1-display
2024-03-26T15:47:19.561+0100 debug    [DisplayRecorder: channel-1-display] Enable verbose SCK logging id=channel-1-display
2024-03-26T15:47:19.561+0100 debug    [DisplayRecorder: channel-1-display] Start stream capture id=channel-1-display
2024-03-26T15:47:19.564+0100 notice   [CursorRecorder] Refresh rate of current display changed. currentDisplay=1 id=channel-0-cursor refreshRate=60 FPS
2024-03-26T15:47:19.564+0100 debug    [CursorRecorder] Switching link to display containing mouse location. fromDisplay=1 id=channel-0-cursor toDisplay=2
2024-03-26T15:47:19.564+0100 notice   [CursorRecorder] Switched link to display containing mouse location. fromDisplay=1 id=channel-0-cursor toDisplay=2
2024-03-26T15:47:19.594+0100 notice   [CursorRecorder] Refresh rate of current display changed. currentDisplay=2 id=channel-0-cursor refreshRate=59 FPS
2024-03-26T15:47:19.631+0100 notice   [DisplayRecorder: channel-1-display] Started stream capture id=channel-1-display
2024-03-26T15:47:19.631+0100 debug    [DisplayRecorder: channel-1-display] Waiting for ring buffer to have a frame id=channel-1-display
2024-03-26T15:47:19.663+0100 debug    [StreamCoordinator: channel-1-display] Stream did output sample buffer id=channel-1-display isValid=true
2024-03-26T15:47:19.663+0100 debug    [DisplayRecorder: channel-1-display] Checking delta of presentation time stamp to host time clock. framePTS=23655.964416875 hostTime=23655.969866875 id=channel-1-display
2024-03-26T15:47:19.663+0100 notice   [DisplayRecorder: channel-1-display] Trivial delta between presentation time stamp to host time clock, will trust frame PTS. framePTS=23655.964416875 hostTime=23655.969866875 hostTimeDelta=0.00545 id=channel-1-display
2024-03-26T15:47:19.663+0100 notice   [DisplayRecorder: channel-1-display] Ring buffer has a frame id=channel-1-display
2024-03-26T15:47:19.663+0100 debug    [DisplayRecorder: channel-1-display] Disable verbose SCK logging id=channel-1-display
2024-03-26T15:47:19.663+0100 notice   [DisplayRecorder: channel-1-display] Setup complete id=channel-1-display
2024-03-26T15:47:19.663+0100 notice   [Conductor] Did setup all recorders. recorders=3
2024-03-26T15:47:19.663+0100 debug    [Conductor] Calling prepare on all recorders for session. recorders=3
2024-03-26T15:47:19.663+0100 debug    [DisplayRecorder: channel-1-display] Creating SessionWriter id=channel-1-display
2024-03-26T15:47:19.663+0100 notice   [InputRecorder] Preparing session. id=channel-0-input sessions=0
2024-03-26T15:47:19.663+0100 debug    [SessionWriter: channel-1-display-0] Creating AVAssetWriter id=channel-1-display
2024-03-26T15:47:19.664+0100 notice   [SessionWriter: channel-1-display-0] Created AVAssetWriter id=channel-1-display
2024-03-26T15:47:19.664+0100 debug    [SessionWriter: channel-1-display-0] Add AVAssetWriter.error observation id=channel-1-display
2024-03-26T15:47:19.664+0100 notice   [InputRecorder] Prepared session. id=channel-0-input sessions=1
2024-03-26T15:47:19.664+0100 notice   [SessionWriter: channel-1-display-0] Added AVAssetWriter.error observation id=channel-1-display
2024-03-26T15:47:19.664+0100 debug    [SessionWriter: channel-1-display-0] Creating AVAssetWriterInput id=channel-1-display mediaType=AVMediaType(_rawValue: vide) outputSettings=["AVVideoWidthKey": 2790, "AVVideoEncoderSpecificationKey": {
    EnableHardwareAcceleratedVideoEncoder = 1;
}, "AVVideoScalingModeKey": AVVideoScalingModeResizeAspect, "AVVideoHeightKey": 2036, "AVVideoCompressionPropertiesKey": {
    AllowFrameReordering = 1;
    AverageBitRate = 19785346;
    AverageNonDroppableFrameRate = 30;
    ExpectedFrameRate = 60;
    H264EntropyMode = CABAC;
    MaxKeyFrameInterval = 30;
    ProfileLevel = "H264_High_AutoLevel";
}, "AVVideoCodecKey": avc1]
2024-03-26T15:47:19.726+0100 debug    [SessionWriter: channel-1-display-0] Adding AVAssetWriterInput to AVAssetWriter. id=channel-1-display
2024-03-26T15:47:19.726+0100 notice   [SessionWriter: channel-1-display-0] Added AVAssetWriterInput to AVAssetWriter id=channel-1-display
2024-03-26T15:47:19.748+0100 debug    [DisplayRecorder: channel-1-display] Processing initial samples from buffer. bufferCount=3 id=channel-1-display
2024-03-26T15:47:19.748+0100 debug    [DisplayRecorder: channel-1-display] Processed initial samples from buffer. bufferCount=3 id=channel-1-display
2024-03-26T15:47:19.748+0100 notice   [DisplayRecorder: channel-1-display] Created SessionWriter id=channel-1-display
2024-03-26T15:47:19.748+0100 notice   [Conductor] Called prepare recorders for session. recorders=3
2024-03-26T15:47:19.748+0100 debug    [Conductor] Broadcasting over stdout that all recorders are prepared. recorders=3
2024-03-26T15:47:19.748+0100 notice   [Conductor] Broadcasted over stdout that all recorders are prepared. recorders=3
2024-03-26T15:47:20.153+0100 notice   [SignalHandler] Received SIGCONT.
2024-03-26T15:47:20.153+0100 debug    [Conductor] Resuming recording.
2024-03-26T15:47:20.153+0100 notice   [Conductor] Recording resumed. recordFrom=23656.45973066667
2024-03-26T15:47:20.293+0100 debug    [SessionWriter: channel-1-display-0] Start session on AVAssetWriter id=channel-1-display sessionStart=CMTime(seconds:23656.459730666 timescale:1000000000 value:23656459730666 flags:valid, hasBeenRounded)
2024-03-26T15:47:20.293+0100 notice   [SessionWriter: channel-1-display-0] Started session on AVAssetWriter id=channel-1-display sessionStart=CMTime(seconds:23656.459730666 timescale:1000000000 value:23656459730666 flags:valid, hasBeenRounded)
2024-03-26T15:47:20.293+0100 notice   [SessionWriter: channel-1-display-0] Appending first sample buffer duration=CMTime(seconds:nan timescale:0 value:0 flags:<empty>) id=channel-1-display newPresentationTime=CMTime(seconds:23656.459730666 timescale:1000000000 value:23656459730666 flags:valid, hasBeenRounded) originalDecodeTime=CMTime(seconds:nan timescale:0 value:0 flags:<empty>) originalPresentationTime=CMTime(seconds:23655.997751916 timescale:1000000000 value:23655997751916 flags:valid)
2024-03-26T15:47:20.298+0100 notice   [SessionWriter: channel-1-display-0] Appending second sample buffer duration=CMTime(seconds:nan timescale:0 value:0 flags:<empty>) id=channel-1-display newPresentationTime=CMTime(seconds:23656.597782791 timescale:1000000000 value:23656597782791 flags:valid) originalDecodeTime=CMTime(seconds:nan timescale:0 value:0 flags:<empty>) originalPresentationTime=CMTime(seconds:23656.597782791 timescale:1000000000 value:23656597782791 flags:valid)
2024-03-26T15:47:21.501+0100 debug    [InputRecorderSession] Generated mouse move events for cursor changes between mouse moves. after=23657.786361125 generatedEvents=1 id=channel-0-input session=0 untilIncluding=23657.794832708
2024-03-26T15:47:22.909+0100 debug    [InputRecorderSession] Generated mouse move events for cursor changes between mouse moves. after=23657.903872875 generatedEvents=1 id=channel-0-input session=0 untilIncluding=23659.215635125
2024-03-26T15:47:23.062+0100 debug    [InputRecorderSession] Generated mouse move events for cursor changes between mouse moves. after=23659.355205875 generatedEvents=1 id=channel-0-input session=0 untilIncluding=23659.3636675
2024-03-26T15:47:23.226+0100 debug    [InputRecorderSession] Generated mouse move events for cursor changes between mouse moves. after=23659.519631375 generatedEvents=1 id=channel-0-input session=0 untilIncluding=23659.528801
2024-03-26T15:47:23.502+0100 debug    [InputRecorderSession] Generated mouse move events for cursor changes between mouse moves. after=23659.536123333 generatedEvents=1 id=channel-0-input session=0 untilIncluding=23659.807531875
2024-03-26T15:47:23.892+0100 debug    [InputRecorderSession] Generated mouse move events for cursor changes between mouse moves. after=23660.184798916 generatedEvents=1 id=channel-0-input session=0 untilIncluding=23660.193142125
2024-03-26T15:47:23.935+0100 debug    [InputRecorderSession] Generated mouse move events for cursor changes between mouse moves. after=23660.218020125 generatedEvents=1 id=channel-0-input session=0 untilIncluding=23660.225981125
2024-03-26T15:47:23.975+0100 debug    [InputRecorderSession] Generated mouse move events for cursor changes between mouse moves. after=23660.267365 generatedEvents=1 id=channel-0-input session=0 untilIncluding=23660.275131208
2024-03-26T15:47:23.996+0100 debug    [InputRecorderSession] Generated mouse move events for cursor changes between mouse moves. after=23660.284176875 generatedEvents=1 id=channel-0-input session=0 untilIncluding=23660.291483791
2024-03-26T15:47:24.037+0100 debug    [InputRecorderSession] Generated mouse move events for cursor changes between mouse moves. after=23660.307925166 generatedEvents=1 id=channel-0-input session=0 untilIncluding=23660.326635
2024-03-26T15:47:24.421+0100 debug    [InputRecorderSession] Generated mouse move events for cursor changes between mouse moves. after=23660.718722875 generatedEvents=1 id=channel-0-input session=0 untilIncluding=23660.726939583
2024-03-26T15:47:26.037+0100 debug    [InputRecorderSession] Generated mouse move events for cursor changes between mouse moves. after=23662.308034916 generatedEvents=1 id=channel-0-input session=0 untilIncluding=23662.323132083
2024-03-26T15:47:27.296+0100 debug    [InputRecorderSession] Generated mouse move events for cursor changes between mouse moves. after=23663.580849958 generatedEvents=1 id=channel-0-input session=0 untilIncluding=23663.593986375
2024-03-26T15:47:27.354+0100 warning  [InputRecorderSession] Input event occured after last cursor capture, falling back to last known cursor. attempt=3 eventOccured=23663.593986375 id=channel-0-input lastCapture=23663.59034441667 maxAttempts=3 session=0
2024-03-26T15:47:28.675+0100 debug    [InputRecorderSession] Generated mouse move events for cursor changes between mouse moves. after=23664.973338291 generatedEvents=1 id=channel-0-input session=0 untilIncluding=23664.976359625
2024-03-26T15:47:28.692+0100 debug    [InputRecorderSession] Generated mouse move events for cursor changes between mouse moves. after=23664.98953225 generatedEvents=1 id=channel-0-input session=0 untilIncluding=23664.992841208
2024-03-26T15:47:28.712+0100 debug    [InputRecorderSession] Generated mouse move events for cursor changes between mouse moves. after=23665.005945125 generatedEvents=1 id=channel-0-input session=0 untilIncluding=23665.009467708
2024-03-26T15:47:29.912+0100 debug    [InputRecorderSession] Generated mouse move events for cursor changes between mouse moves. after=23666.175541833 generatedEvents=1 id=channel-0-input session=0 untilIncluding=23666.201599375
2024-03-26T15:47:31.071+0100 debug    [InputRecorderSession] Generated mouse move events for cursor changes between mouse moves. after=23667.366142541 generatedEvents=1 id=channel-0-input session=0 untilIncluding=23667.374341291
2024-03-26T15:47:31.437+0100 debug    [InputRecorderSession] Generated mouse move events for cursor changes between mouse moves. after=23667.719354416 generatedEvents=1 id=channel-0-input session=0 untilIncluding=23667.727407916
2024-03-26T15:47:31.437+0100 debug    [InputRecorderSession] Generated mouse move events for cursor changes between mouse moves. after=23667.735682375 generatedEvents=1 id=channel-0-input session=0 untilIncluding=23667.743950458
2024-03-26T15:47:32.538+0100 debug    [InputRecorderSession] Generated mouse move events for cursor changes between mouse moves. after=23667.768464916 generatedEvents=1 id=channel-0-input session=0 untilIncluding=23668.844618
2024-03-26T15:47:32.621+0100 debug    [InputRecorderSession] Generated mouse move events for cursor changes between mouse moves. after=23668.904793708 generatedEvents=1 id=channel-0-input session=0 untilIncluding=23668.910266875
2024-03-26T15:47:32.621+0100 debug    [InputRecorderSession] Generated mouse move events for cursor changes between mouse moves. after=23668.910266875 generatedEvents=1 id=channel-0-input session=0 untilIncluding=23668.923119625
2024-03-26T15:47:32.642+0100 debug    [InputRecorderSession] Generated mouse move events for cursor changes between mouse moves. after=23668.939173958 generatedEvents=1 id=channel-0-input session=0 untilIncluding=23668.942933125
2024-03-26T15:47:32.664+0100 debug    [InputRecorderSession] Generated mouse move events for cursor changes between mouse moves. after=23668.955851833 generatedEvents=1 id=channel-0-input session=0 untilIncluding=23668.959346541
2024-03-26T15:47:32.705+0100 debug    [InputRecorderSession] Generated mouse move events for cursor changes between mouse moves. after=23668.989932416 generatedEvents=1 id=channel-0-input session=0 untilIncluding=23668.992294208
2024-03-26T15:47:32.725+0100 debug    [InputRecorderSession] Generated mouse move events for cursor changes between mouse moves. after=23669.020744791 generatedEvents=1 id=channel-0-input session=0 untilIncluding=23669.025042791
2024-03-26T15:47:32.745+0100 debug    [InputRecorderSession] Generated mouse move events for cursor changes between mouse moves. after=23669.037578458 generatedEvents=1 id=channel-0-input session=0 untilIncluding=23669.041311458
2024-03-26T15:47:32.904+0100 debug    [InputRecorderSession] Generated mouse move events for cursor changes between mouse moves. after=23669.189330666 generatedEvents=1 id=channel-0-input session=0 untilIncluding=23669.197595166
2024-03-26T15:47:33.158+0100 debug    [InputRecorderSession] Generated mouse move events for cursor changes between mouse moves. after=23669.452486583 generatedEvents=1 id=channel-0-input session=0 untilIncluding=23669.460733583
2024-03-26T15:47:33.304+0100 debug    [InputRecorderSession] Generated mouse move events for cursor changes between mouse moves. after=23669.600207625 generatedEvents=1 id=channel-0-input session=0 untilIncluding=23669.608406458
2024-03-26T15:47:33.346+0100 debug    [InputRecorderSession] Generated mouse move events for cursor changes between mouse moves. after=23669.634809541 generatedEvents=1 id=channel-0-input session=0 untilIncluding=23669.641740333
2024-03-26T15:47:33.367+0100 debug    [InputRecorderSession] Generated mouse move events for cursor changes between mouse moves. after=23669.641740333 generatedEvents=1 id=channel-0-input session=0 untilIncluding=23669.660142416
2024-03-26T15:47:33.482+0100 debug    [InputRecorderSession] Generated mouse move events for cursor changes between mouse moves. after=23669.772794041 generatedEvents=1 id=channel-0-input session=0 untilIncluding=23669.780836333
2024-03-26T15:47:33.590+0100 debug    [InputRecorderSession] Generated mouse move events for cursor changes between mouse moves. after=23669.887679708 generatedEvents=1 id=channel-0-input session=0 untilIncluding=23669.89606775
2024-03-26T15:47:33.650+0100 debug    [InputRecorderSession] Generated mouse move events for cursor changes between mouse moves. after=23669.936741041 generatedEvents=1 id=channel-0-input session=0 untilIncluding=23669.945055416
2024-03-26T15:47:34.437+0100 debug    [InputRecorderSession] Generated mouse move events for cursor changes between mouse moves. after=23670.043473708 generatedEvents=2 id=channel-0-input session=0 untilIncluding=23670.742262666
2024-03-26T15:47:34.913+0100 notice   [SignalHandler] Received SIGINT.
2024-03-26T15:47:34.913+0100 warning  [Conductor] Pausing the recording to be able to stop.
2024-03-26T15:47:34.914+0100 debug    [Conductor] Pausing recording.
2024-03-26T15:47:34.914+0100 notice   [Conductor] Recording paused. recordUntil=23671.220655833335
2024-03-26T15:47:34.914+0100 debug    [Conductor] Stopping recording.
2024-03-26T15:47:34.914+0100 debug    [Conductor] Cleaning up recorders. recorders=3
2024-03-26T15:47:34.914+0100 debug    [CursorRecorder] Stopping display link. id=channel-0-cursor
2024-03-26T15:47:34.914+0100 debug    [InputRecorder] Stopping event monitor. id=channel-0-input
2024-03-26T15:47:34.914+0100 notice   [CursorRecorder] Stopped display link. id=channel-0-cursor
2024-03-26T15:47:34.914+0100 debug    [DisplayRecorder: channel-1-display] Completing all session writers id=channel-1-display sessionWriters.count=1
2024-03-26T15:47:34.914+0100 debug    [SessionWriter: channel-1-display-0] Completing recording. id=channel-1-display
2024-03-26T15:47:34.914+0100 debug    [SessionWriter: channel-1-display-0] Waiting for final frames. id=channel-1-display
2024-03-26T15:47:34.914+0100 notice   [SessionWriter: channel-1-display-0] Newer item produced recently, waiting for another second. id=channel-1-display lastItemTime=CMTime(seconds:23670.515169083 timescale:1000000000 value:23670515169083 flags:valid) previousLastItemTime=CMTime(seconds:-inf timescale:0 value:0 flags:valid, negativeInfinity)
2024-03-26T15:47:34.915+0100 info     [InputRecorder] Event monitor stopped. id=channel-0-input
2024-03-26T15:47:34.915+0100 debug    [InputRecorder] Stopping cursor change monitor. id=channel-0-input
2024-03-26T15:47:34.915+0100 info     [InputRecorder] Cursor change monitor stopped. id=channel-0-input
2024-03-26T15:47:34.915+0100 debug    [InputRecorder] Finishing sessions. id=channel-0-input
2024-03-26T15:47:34.915+0100 debug    [InputRecorderSession] Generating mouse move events for stationary cursor changes at end of session. id=channel-0-input session=0
2024-03-26T15:47:34.915+0100 notice   [InputRecorderSession] Generated mouse move events for stationary cursor changes at end of session. after=23670.774701 generatedEvents=0 id=channel-0-input session=0 untilIncluding=23671.220655833335
2024-03-26T15:47:34.915+0100 debug    [CursorRecorder] Writing cursor information to disk. count=18 id=channel-0-cursor url=file:///var/folders/h9/1mcmb7v94b70mh2143wlrlt40000gn/T/Arc%202024-03-26%2015:47:19/cursors.json
2024-03-26T15:47:34.916+0100 notice   [InputRecorder] Finished writers. id=channel-0-input
2024-03-26T15:47:34.917+0100 notice   [CursorRecorder] Cursor information written to disk. count=18 id=channel-0-cursor url=file:///var/folders/h9/1mcmb7v94b70mh2143wlrlt40000gn/T/Arc%202024-03-26%2015:47:19/cursors.json
2024-03-26T15:47:34.918+0100 debug    [CursorRecorder] Writing cursor images to disk. count=18 id=channel-0-cursor url=file:///var/folders/h9/1mcmb7v94b70mh2143wlrlt40000gn/T/Arc%202024-03-26%2015:47:19/cursors/
2024-03-26T15:47:34.936+0100 notice   [CursorRecorder] Cursor images are written to disk. count=18 id=channel-0-cursor url=file:///var/folders/h9/1mcmb7v94b70mh2143wlrlt40000gn/T/Arc%202024-03-26%2015:47:19/cursors/
2024-03-26T15:47:35.979+0100 warning  [SessionWriter: channel-1-display-0] Cancelling wait for final frames, no newer frame produced. id=channel-1-display lastItemTime=CMTime(seconds:23670.515169083 timescale:1000000000 value:23670515169083 flags:valid) previousLastItemTime=CMTime(seconds:23670.515169083 timescale:1000000000 value:23670515169083 flags:valid)
2024-03-26T15:47:35.979+0100 notice   [SessionWriter: channel-1-display-0] Waiting for final frames timed out. id=channel-1-display systemUptime=23672.285746541667
2024-03-26T15:47:35.979+0100 debug    [SessionWriter: channel-1-display-0] Finishing SessionBuffer. id=channel-1-display
2024-03-26T15:47:35.979+0100 notice   [SessionWriter: channel-1-display-0] Reporting previous times duration=CMTime(seconds:nan timescale:0 value:0 flags:<empty>) id=channel-1-display newPresentationTime=CMTime(seconds:23670.515169083 timescale:1000000000 value:23670515169083 flags:valid) originalDecodeTime=CMTime(seconds:nan timescale:0 value:0 flags:<empty>) originalPresentationTime=CMTime(seconds:23670.515169083 timescale:1000000000 value:23670515169083 flags:valid)
2024-03-26T15:47:35.979+0100 notice   [SessionWriter: channel-1-display-0] Appending last sample buffer duration=CMTime(seconds:nan timescale:0 value:0 flags:<empty>) id=channel-1-display newPresentationTime=CMTime(seconds:23671.220655833 timescale:1000000000 value:23671220655833 flags:valid, hasBeenRounded) originalDecodeTime=CMTime(seconds:nan timescale:0 value:0 flags:<empty>) originalPresentationTime=CMTime(seconds:23670.515169083 timescale:1000000000 value:23670515169083 flags:valid)
2024-03-26T15:47:35.979+0100 notice   [SessionWriter: channel-1-display-0] Finished SessionBuffer. id=channel-1-display
2024-03-26T15:47:35.979+0100 debug    [SessionWriter: channel-1-display-0] Flushing all frames from backpressure buffer. id=channel-1-display itemsInBuffer=0
2024-03-26T15:47:35.979+0100 notice   [SessionWriter: channel-1-display-0] Flushed all frames from backpressure buffer. id=channel-1-display itemsInBuffer=0
2024-03-26T15:47:35.979+0100 debug    [SessionWriter: channel-1-display-0] End session on AVAssetWriter id=channel-1-display sessionEnd=CMTime(seconds:23671.220655833 timescale:1000000000 value:23671220655833 flags:valid, hasBeenRounded)
2024-03-26T15:47:36.007+0100 notice   [SessionWriter: channel-1-display-0] End session on AVAssetWriter id=channel-1-display sessionEnd=CMTime(seconds:23671.220655833 timescale:1000000000 value:23671220655833 flags:valid, hasBeenRounded)
2024-03-26T15:47:36.007+0100 debug    [SessionWriter: channel-1-display-0] Finishing writing to asset writer. id=channel-1-display
2024-03-26T15:47:36.012+0100 notice   [SessionWriter: channel-1-display-0] Finished writing to assset writer. id=channel-1-display
2024-03-26T15:47:36.012+0100 debug    [SessionWriter: channel-1-display-0] Finishing writing to metadata file. id=channel-1-display
2024-03-26T15:47:36.012+0100 notice   [SessionWriter: channel-1-display-0] Finished writing to metadata file. id=channel-1-display
2024-03-26T15:47:36.012+0100 notice   [SessionWriter: channel-1-display-0] Completed recording, returning metadata. framesProcessed (excluding initial Ring buffer)=282 id=channel-1-display
2024-03-26T15:47:36.013+0100 notice   [DisplayRecorder: channel-1-display] Completed all session writers id=channel-1-display sessionWriters.count=1
2024-03-26T15:47:36.013+0100 debug    [DisplayRecorder: channel-1-display] Stopping stream capture. id=channel-1-display
2024-03-26T15:47:36.021+0100 notice   [DisplayRecorder: channel-1-display] Stopped stream capture. id=channel-1-display
2024-03-26T15:47:36.021+0100 debug    [DisplayRecorder: channel-1-display] Clearing frame timeout. id=channel-1-display
2024-03-26T15:47:36.021+0100 notice   [DisplayRecorder: channel-1-display] Cleared frame timeout. id=channel-1-display
2024-03-26T15:47:36.021+0100 debug    [DisplayRecorder: channel-1-display] Returning Metadata from cleanup id=channel-1-display totalFramesProcessed=282
2024-03-26T15:47:36.021+0100 debug    [DisplayRecorder: channel-1-display] Checking if file is undamaged id=channel-1-display url=file:///var/folders/h9/1mcmb7v94b70mh2143wlrlt40000gn/T/Arc%202024-03-26%2015:47:19/channel-1-display-0.mp4
2024-03-26T15:47:36.024+0100 debug    [DisplayRecorder: channel-1-display] Loaded duration from file duration=CMTime(seconds:14.761666666666667 timescale:600 value:8857 flags:valid) id=channel-1-display url=file:///var/folders/h9/1mcmb7v94b70mh2143wlrlt40000gn/T/Arc%202024-03-26%2015:47:19/channel-1-display-0.mp4
2024-03-26T15:47:36.024+0100 notice   [Conductor] Finalized recorders. errors=0 metadataCount=3 recorders=3
2024-03-26T15:47:36.024+0100 debug    [Conductor] Writing metadata file. metadataCount=3
2024-03-26T15:47:36.025+0100 notice   [Conductor] Metadata file written. metadataCount=3
2024-03-26T15:47:36.025+0100 debug    [Conductor] Ending latency critical activity.
2024-03-26T15:47:36.025+0100 notice   [Conductor] Ended latency critical activity.
2024-03-26T15:47:36.025+0100 notice   [Conductor] Recording stopped. errorCount=0 metadataCount=3 recorders=3
2024-03-26T15:47:36.026+0100 notice   [Conductor] Stopped recording. sessions=[
from:     23656.460  2024-03-26T15:47:20.153+0100
until:    23671.221  2024-03-26T15:47:34.914+0100
duration: 14.761
]
2024-03-26T15:47:36.026+0100 notice   [Polyrecorder] Nominal recording ended.
