2024-03-26T14:12:48.719+0100 notice   [Polyrecorder] Polyrecorder started. appStart=17985.064109333336 modelIdentifier=Mac14,2 operatingSystem=Version 14.4.1 (Build 23E224) systemLaunch=2024-03-26 08:13:03 +0000 version=1.6.0
2024-03-26T14:12:48.719+0100 debug    [Polyrecorder] Accessing active displays
2024-03-26T14:12:48.766+0100 notice   [Polyrecorder] Active displays: [polyrecorder.DisplayDiscovery.Display(displayID: 1, bounds: polyrecorder.Bounds(x: 0.0, y: 0.0, width: 1470.0, height: 956.0), refreshRate: 60.0, isMain: true, isBuiltin: true), polyrecorder.DisplayDiscovery.Display(displayID: 2, bounds: polyrecorder.Bounds(x: -800.0, y: -1692.0, width: 3008.0, height: 1692.0), refreshRate: 60.0, isMain: false, isBuiltin: false)]
2024-03-26T14:12:48.766+0100 debug    [Polyrecorder] Validating configuration.
2024-03-26T14:12:48.766+0100 notice   [Polyrecorder] Configuration validated: {
  "channels" : [
    {
      "captureKeyStrokes" : true,
      "type" : "input"
    },
    {
      "excludedWindowIds" : [
        4811,
        3742
      ],
      "type" : "display",
      "excludeFinderDesktopIcons" : false,
      "displayId" : 2,
      "cropRect" : {
        "yAxis" : "topBasedIncreasingDownwards",
        "width" : 1395,
        "y" : 239,
        "height" : 1018,
        "x" : 1387
      }
    }
  ],
  "outputDirectory" : "\/var\/folders\/h9\/1mcmb7v94b70mh2143wlrlt40000gn\/T\/Arc 2024-03-26 14:12:48",
  "logLevel" : "debug"
}
2024-03-26T14:12:48.766+0100 debug    [Polyrecorder] Creating output directory. url=file:///var/folders/h9/1mcmb7v94b70mh2143wlrlt40000gn/T/Arc%202024-03-26%2014:12:48
2024-03-26T14:12:48.767+0100 notice   [Polyrecorder] Created output directory. url=file:///var/folders/h9/1mcmb7v94b70mh2143wlrlt40000gn/T/Arc%202024-03-26%2014:12:48
2024-03-26T14:12:48.767+0100 debug    [Polyrecorder] Redirecting logs to file. url=file:///var/folders/h9/1mcmb7v94b70mh2143wlrlt40000gn/T/Arc%202024-03-26%2014:12:48/polyrecorder.log
2024-03-26T14:12:48.767+0100 notice   [Polyrecorder] Redirected logs to file. url=file:///var/folders/h9/1mcmb7v94b70mh2143wlrlt40000gn/T/Arc%202024-03-26%2014:12:48/polyrecorder.log
2024-03-26T14:12:48.767+0100 debug    [Polyrecorder] Attaching uncaught exception handler.
2024-03-26T14:12:48.767+0100 notice   [Polyrecorder] Attached uncaught exception handler.
2024-03-26T14:12:48.767+0100 debug    [Polyrecorder] Enabling DAL devices...
2024-03-26T14:12:48.799+0100 notice   [Polyrecorder] Enabled DAL devices.
2024-03-26T14:12:48.799+0100 debug    [Polyrecorder] Creating conductor with recorders. channels=2
2024-03-26T14:12:48.799+0100 debug    [CursorRecorder] Checking if cursor folder/files don't exist yet.
2024-03-26T14:12:48.799+0100 notice   [CursorRecorder] Checked cursor folder/files don't exist yet.
2024-03-26T14:12:48.800+0100 debug    [CursorRecorder] Creating display link. displayId=1
2024-03-26T14:12:48.801+0100 notice   [CursorRecorder] Created display link. displayId=1
2024-03-26T14:12:48.801+0100 debug    [InputRecorder] Checking input monitoring authorization status. id=channel-0-input
2024-03-26T14:12:48.811+0100 notice   [InputRecorder] Input monitoring is authorized. id=channel-0-input
2024-03-26T14:12:48.827+0100 debug    [DisplayRecorder: channel-1-display] Checking if displayID 2 is in Active Displays list id=channel-1-display
2024-03-26T14:12:48.828+0100 debug    [DisplayRecorder: channel-1-display] Creating DisplayRecorderOutput id=channel-1-display
2024-03-26T14:12:48.837+0100 notice   [DisplayRecorder: channel-1-display] Created DisplayRecorderOutput id=channel-1-display output=DisplayRecorderOutput(cropRect: Optional((1387.0, 239.0, 1395.0, 1018.0)), recordBounds: (587.0, -1453.0, 1395.0, 1018.0), displayScaleFactor: 2, displayRefreshRate: 60.0, minFrameDuration: CMTime(seconds:0.016666666666666666 timescale:60 value:1 flags:valid), recordingScale: 0.5, assetWriterSettings: polyrecorder.AssetWriterSettings(mediaType: __C.AVMediaType(_rawValue: vide), outputSettings: ["AVVideoWidthKey": 2790, "AVVideoCompressionPropertiesKey": {
    AllowFrameReordering = 1;
    AverageBitRate = 19785346;
    AverageNonDroppableFrameRate = 30;
    ExpectedFrameRate = 60;
    H264EntropyMode = CABAC;
    MaxKeyFrameInterval = 30;
    ProfileLevel = "H264_High_AutoLevel";
}, "AVVideoEncoderSpecificationKey": {
    EnableHardwareAcceleratedVideoEncoder = 1;
}, "AVVideoCodecKey": avc1, "AVVideoHeightKey": 2036, "AVVideoScalingModeKey": AVVideoScalingModeResizeAspect]))
2024-03-26T14:12:48.837+0100 info     [Polyrecorder] Created conductor with recorders. channels=2 recorders=3
2024-03-26T14:12:48.837+0100 debug    [Polyrecorder] Attaching recorder abortion handler.
2024-03-26T14:12:48.837+0100 notice   [Polyrecorder] Attached recorder abortion handler.
2024-03-26T14:12:48.837+0100 debug    [Polyrecorder] Installing signal handlers on process 20337.
2024-03-26T14:12:48.837+0100 notice   [Polyrecorder] Installed signal handlers on process 20337.
2024-03-26T14:12:48.837+0100 notice   [Polyrecorder] Setup finished.
2024-03-26T14:12:48.838+0100 debug    [Conductor] Starting recording.
2024-03-26T14:12:48.838+0100 debug    [Conductor] Starting latency critical activity.
2024-03-26T14:12:48.839+0100 notice   [Conductor] Started latency critical activity.
2024-03-26T14:12:48.839+0100 debug    [Conductor] Setting up all recorders. recorders=3
2024-03-26T14:12:48.839+0100 debug    [InputRecorder] Starting event monitor. id=channel-0-input
2024-03-26T14:12:48.839+0100 info     [InputRecorder] Event monitor started. id=channel-0-input
2024-03-26T14:12:48.839+0100 notice   [InputRecorder] Setup complete id=channel-0-input
2024-03-26T14:12:48.839+0100 debug    [CursorRecorder] Creating cursor image directory. id=channel-0-cursor url=file:///var/folders/h9/1mcmb7v94b70mh2143wlrlt40000gn/T/Arc%202024-03-26%2014:12:48/cursors/
2024-03-26T14:12:48.839+0100 debug    [DisplayRecorder: channel-1-display] Accessing ShareableContent id=channel-1-display
2024-03-26T14:12:48.839+0100 notice   [CursorRecorder] Created cursor image directory. id=channel-0-cursor url=file:///var/folders/h9/1mcmb7v94b70mh2143wlrlt40000gn/T/Arc%202024-03-26%2014:12:48/cursors/
2024-03-26T14:12:48.884+0100 debug    [CursorRecorder] Preloading system cursors. cursors=18 id=channel-0-cursor
2024-03-26T14:12:48.884+0100 notice   [CursorRecorder] Preloaded system cursors. cursors=18 id=channel-0-cursor
2024-03-26T14:12:48.884+0100 debug    [CursorRecorder] Configuring display link output handler. errorRateLimit=10.0 id=channel-0-cursor
2024-03-26T14:12:48.884+0100 info     [CursorRecorder] Display link output handler configured. errorRateLimit=10.0 id=channel-0-cursor
2024-03-26T14:12:48.884+0100 debug    [CursorRecorder] Setting current display on display link. displayId=1 id=channel-0-cursor
2024-03-26T14:12:48.884+0100 info     [CursorRecorder] Current display on display link set. displayId=1 id=channel-0-cursor
2024-03-26T14:12:48.884+0100 debug    [CursorRecorder] Starting display link. displayId=1 id=channel-0-cursor
2024-03-26T14:12:48.884+0100 notice   [CursorRecorder] Started display link. displayId=1 id=channel-0-cursor
2024-03-26T14:12:48.884+0100 notice   [CursorRecorder] Setup complete id=channel-0-cursor
2024-03-26T14:12:48.886+0100 notice   [DisplayRecorder: channel-1-display] Received ShareableContent attempt=1 id=channel-1-display
2024-03-26T14:12:48.886+0100 debug    [DisplayRecorder: channel-1-display] Creating SCContentFilter from configuration id=channel-1-display
2024-03-26T14:12:48.887+0100 debug    [DisplayRecorder: channel-1-display] Creating SCStream id=channel-1-display streamConfig=SCStreamConfiguration sourceRect:(1387.0, 239.0, 1395.0, 1018.0) width:2790 height:2036 queueDepth:8
2024-03-26T14:12:48.905+0100 notice   [CursorRecorder] Refresh rate of current display changed. currentDisplay=1 id=channel-0-cursor refreshRate=60 FPS
2024-03-26T14:12:48.908+0100 debug    [CursorRecorder] Switching link to display containing mouse location. fromDisplay=1 id=channel-0-cursor toDisplay=2
2024-03-26T14:12:48.908+0100 notice   [CursorRecorder] Switched link to display containing mouse location. fromDisplay=1 id=channel-0-cursor toDisplay=2
2024-03-26T14:12:48.931+0100 notice   [CursorRecorder] Refresh rate of current display changed. currentDisplay=2 id=channel-0-cursor refreshRate=59 FPS
2024-03-26T14:12:48.934+0100 notice   [DisplayRecorder: channel-1-display] Created SCStream id=channel-1-display
2024-03-26T14:12:48.934+0100 debug    [DisplayRecorder: channel-1-display] Add StreamOutput to capture screen content id=channel-1-display
2024-03-26T14:12:48.934+0100 debug    [DisplayRecorder: channel-1-display] Enable verbose SCK logging id=channel-1-display
2024-03-26T14:12:48.934+0100 debug    [DisplayRecorder: channel-1-display] Start stream capture id=channel-1-display
2024-03-26T14:12:48.989+0100 notice   [DisplayRecorder: channel-1-display] Started stream capture id=channel-1-display
2024-03-26T14:12:48.989+0100 debug    [DisplayRecorder: channel-1-display] Waiting for ring buffer to have a frame id=channel-1-display
2024-03-26T14:12:49.008+0100 debug    [StreamCoordinator: channel-1-display] Stream did output sample buffer id=channel-1-display isValid=true
2024-03-26T14:12:49.009+0100 debug    [DisplayRecorder: channel-1-display] Checking delta of presentation time stamp to host time clock. framePTS=17985.353428916 hostTime=17985.356857166 id=channel-1-display
2024-03-26T14:12:49.009+0100 notice   [DisplayRecorder: channel-1-display] Trivial delta between presentation time stamp to host time clock, will trust frame PTS. framePTS=17985.353428916 hostTime=17985.356857166 hostTimeDelta=0.00342825 id=channel-1-display
2024-03-26T14:12:49.009+0100 notice   [DisplayRecorder: channel-1-display] Ring buffer has a frame id=channel-1-display
2024-03-26T14:12:49.009+0100 debug    [DisplayRecorder: channel-1-display] Disable verbose SCK logging id=channel-1-display
2024-03-26T14:12:49.009+0100 notice   [DisplayRecorder: channel-1-display] Setup complete id=channel-1-display
2024-03-26T14:12:49.009+0100 notice   [Conductor] Did setup all recorders. recorders=3
2024-03-26T14:12:49.009+0100 debug    [Conductor] Calling prepare on all recorders for session. recorders=3
2024-03-26T14:12:49.009+0100 notice   [InputRecorder] Preparing session. id=channel-0-input sessions=0
2024-03-26T14:12:49.009+0100 debug    [DisplayRecorder: channel-1-display] Creating SessionWriter id=channel-1-display
2024-03-26T14:12:49.009+0100 debug    [SessionWriter: channel-1-display-0] Creating AVAssetWriter id=channel-1-display
2024-03-26T14:12:49.010+0100 notice   [InputRecorder] Prepared session. id=channel-0-input sessions=1
2024-03-26T14:12:49.012+0100 notice   [SessionWriter: channel-1-display-0] Created AVAssetWriter id=channel-1-display
2024-03-26T14:12:49.012+0100 debug    [SessionWriter: channel-1-display-0] Add AVAssetWriter.error observation id=channel-1-display
2024-03-26T14:12:49.013+0100 notice   [SessionWriter: channel-1-display-0] Added AVAssetWriter.error observation id=channel-1-display
2024-03-26T14:12:49.013+0100 debug    [SessionWriter: channel-1-display-0] Creating AVAssetWriterInput id=channel-1-display mediaType=AVMediaType(_rawValue: vide) outputSettings=["AVVideoWidthKey": 2790, "AVVideoCompressionPropertiesKey": {
    AllowFrameReordering = 1;
    AverageBitRate = 19785346;
    AverageNonDroppableFrameRate = 30;
    ExpectedFrameRate = 60;
    H264EntropyMode = CABAC;
    MaxKeyFrameInterval = 30;
    ProfileLevel = "H264_High_AutoLevel";
}, "AVVideoEncoderSpecificationKey": {
    EnableHardwareAcceleratedVideoEncoder = 1;
}, "AVVideoCodecKey": avc1, "AVVideoHeightKey": 2036, "AVVideoScalingModeKey": AVVideoScalingModeResizeAspect]
2024-03-26T14:12:49.103+0100 debug    [SessionWriter: channel-1-display-0] Adding AVAssetWriterInput to AVAssetWriter. id=channel-1-display
2024-03-26T14:12:49.103+0100 notice   [SessionWriter: channel-1-display-0] Added AVAssetWriterInput to AVAssetWriter id=channel-1-display
2024-03-26T14:12:49.135+0100 debug    [DisplayRecorder: channel-1-display] Processing initial samples from buffer. bufferCount=3 id=channel-1-display
2024-03-26T14:12:49.135+0100 debug    [DisplayRecorder: channel-1-display] Processed initial samples from buffer. bufferCount=3 id=channel-1-display
2024-03-26T14:12:49.135+0100 notice   [DisplayRecorder: channel-1-display] Created SessionWriter id=channel-1-display
2024-03-26T14:12:49.136+0100 notice   [Conductor] Called prepare recorders for session. recorders=3
2024-03-26T14:12:49.136+0100 debug    [Conductor] Broadcasting over stdout that all recorders are prepared. recorders=3
2024-03-26T14:12:49.136+0100 notice   [Conductor] Broadcasted over stdout that all recorders are prepared. recorders=3
2024-03-26T14:12:49.539+0100 notice   [SignalHandler] Received SIGCONT.
2024-03-26T14:12:49.539+0100 debug    [Conductor] Resuming recording.
2024-03-26T14:12:49.539+0100 notice   [Conductor] Recording resumed. recordFrom=17985.887238791667
2024-03-26T14:12:49.555+0100 debug    [SessionWriter: channel-1-display-0] Start session on AVAssetWriter id=channel-1-display sessionStart=CMTime(seconds:17985.887238791 timescale:1000000000 value:17985887238791 flags:valid, hasBeenRounded)
2024-03-26T14:12:49.556+0100 notice   [SessionWriter: channel-1-display-0] Started session on AVAssetWriter id=channel-1-display sessionStart=CMTime(seconds:17985.887238791 timescale:1000000000 value:17985887238791 flags:valid, hasBeenRounded)
2024-03-26T14:12:49.556+0100 notice   [SessionWriter: channel-1-display-0] Appending first sample buffer duration=CMTime(seconds:nan timescale:0 value:0 flags:<empty>) id=channel-1-display newPresentationTime=CMTime(seconds:17985.887238791 timescale:1000000000 value:17985887238791 flags:valid, hasBeenRounded) originalDecodeTime=CMTime(seconds:nan timescale:0 value:0 flags:<empty>) originalPresentationTime=CMTime(seconds:17985.870121583 timescale:1000000000 value:17985870121583 flags:valid)
2024-03-26T14:12:49.562+0100 notice   [SessionWriter: channel-1-display-0] Appending second sample buffer duration=CMTime(seconds:nan timescale:0 value:0 flags:<empty>) id=channel-1-display newPresentationTime=CMTime(seconds:17985.903456625 timescale:1000000000 value:17985903456625 flags:valid) originalDecodeTime=CMTime(seconds:nan timescale:0 value:0 flags:<empty>) originalPresentationTime=CMTime(seconds:17985.903456625 timescale:1000000000 value:17985903456625 flags:valid)
2024-03-26T14:12:52.086+0100 debug    [InputRecorderSession] Generated mouse move events for cursor changes between mouse moves. after=17988.428395666 generatedEvents=1 id=channel-0-input session=0 untilIncluding=17988.434073958
2024-03-26T14:12:52.107+0100 debug    [InputRecorderSession] Generated mouse move events for cursor changes between mouse moves. after=17988.445199666 generatedEvents=1 id=channel-0-input session=0 untilIncluding=17988.450336291
2024-03-26T14:12:52.443+0100 debug    [InputRecorderSession] Generated mouse move events for cursor changes between mouse moves. after=17988.778685125 generatedEvents=1 id=channel-0-input session=0 untilIncluding=17988.786927458
2024-03-26T14:12:53.451+0100 debug    [InputRecorderSession] Generated mouse move events for cursor changes between mouse moves. after=17989.777556375 generatedEvents=1 id=channel-0-input session=0 untilIncluding=17989.780542916
2024-03-26T14:12:53.628+0100 debug    [InputRecorderSession] Generated mouse move events for cursor changes between mouse moves. after=17989.961544375 generatedEvents=1 id=channel-0-input session=0 untilIncluding=17989.969517291
2024-03-26T14:12:55.814+0100 debug    [InputRecorderSession] Generated mouse move events for cursor changes between mouse moves. after=17990.248583291 generatedEvents=1 id=channel-0-input session=0 untilIncluding=17992.161827166
2024-03-26T14:12:56.922+0100 debug    [InputRecorderSession] Generated mouse move events for cursor changes between mouse moves. after=17993.262166208 generatedEvents=1 id=channel-0-input session=0 untilIncluding=17993.270335916
2024-03-26T14:12:58.492+0100 debug    [InputRecorderSession] Generated mouse move events for cursor changes between mouse moves. after=17994.825748583 generatedEvents=1 id=channel-0-input session=0 untilIncluding=17994.83046425
2024-03-26T14:12:59.530+0100 debug    [InputRecorderSession] Generated mouse move events for cursor changes between mouse moves. after=17995.859765208 generatedEvents=1 id=channel-0-input session=0 untilIncluding=17995.86501925
2024-03-26T14:13:01.183+0100 debug    [InputRecorderSession] Generated mouse move events for cursor changes between mouse moves. after=17996.062153083 generatedEvents=1 id=channel-0-input session=0 untilIncluding=17997.530780916
2024-03-26T14:13:01.889+0100 debug    [InputRecorderSession] Generated mouse move events for cursor changes between mouse moves. after=17998.221586291 generatedEvents=1 id=channel-0-input session=0 untilIncluding=17998.229792166
2024-03-26T14:13:03.675+0100 notice   [SignalHandler] Received SIGINT.
2024-03-26T14:13:03.676+0100 warning  [Conductor] Pausing the recording to be able to stop.
2024-03-26T14:13:03.676+0100 debug    [Conductor] Pausing recording.
2024-03-26T14:13:03.676+0100 notice   [Conductor] Recording paused. recordUntil=18000.02484929167
2024-03-26T14:13:03.676+0100 debug    [Conductor] Stopping recording.
2024-03-26T14:13:03.676+0100 debug    [Conductor] Cleaning up recorders. recorders=3
2024-03-26T14:13:03.677+0100 debug    [CursorRecorder] Stopping display link. id=channel-0-cursor
2024-03-26T14:13:03.678+0100 debug    [InputRecorder] Stopping event monitor. id=channel-0-input
2024-03-26T14:13:03.678+0100 notice   [CursorRecorder] Stopped display link. id=channel-0-cursor
2024-03-26T14:13:03.678+0100 info     [InputRecorder] Event monitor stopped. id=channel-0-input
2024-03-26T14:13:03.678+0100 debug    [InputRecorder] Stopping cursor change monitor. id=channel-0-input
2024-03-26T14:13:03.678+0100 info     [InputRecorder] Cursor change monitor stopped. id=channel-0-input
2024-03-26T14:13:03.678+0100 debug    [InputRecorder] Finishing sessions. id=channel-0-input
2024-03-26T14:13:03.678+0100 debug    [InputRecorderSession] Generating mouse move events for stationary cursor changes at end of session. id=channel-0-input session=0
2024-03-26T14:13:03.678+0100 notice   [InputRecorderSession] Generated mouse move events for stationary cursor changes at end of session. after=17998.254394791 generatedEvents=0 id=channel-0-input session=0 untilIncluding=18000.02484929167
2024-03-26T14:13:03.678+0100 debug    [CursorRecorder] Writing cursor information to disk. count=18 id=channel-0-cursor url=file:///var/folders/h9/1mcmb7v94b70mh2143wlrlt40000gn/T/Arc%202024-03-26%2014:12:48/cursors.json
2024-03-26T14:13:03.679+0100 debug    [DisplayRecorder: channel-1-display] Completing all session writers id=channel-1-display sessionWriters.count=1
2024-03-26T14:13:03.679+0100 debug    [SessionWriter: channel-1-display-0] Completing recording. id=channel-1-display
2024-03-26T14:13:03.679+0100 debug    [SessionWriter: channel-1-display-0] Waiting for final frames. id=channel-1-display
2024-03-26T14:13:03.679+0100 notice   [SessionWriter: channel-1-display-0] Newer item produced recently, waiting for another second. id=channel-1-display lastItemTime=CMTime(seconds:18000.020839 timescale:1000000000 value:18000020839000 flags:valid) previousLastItemTime=CMTime(seconds:-inf timescale:0 value:0 flags:valid, negativeInfinity)
2024-03-26T14:13:03.679+0100 notice   [InputRecorder] Finished writers. id=channel-0-input
2024-03-26T14:13:03.680+0100 notice   [CursorRecorder] Cursor information written to disk. count=18 id=channel-0-cursor url=file:///var/folders/h9/1mcmb7v94b70mh2143wlrlt40000gn/T/Arc%202024-03-26%2014:12:48/cursors.json
2024-03-26T14:13:03.680+0100 debug    [CursorRecorder] Writing cursor images to disk. count=18 id=channel-0-cursor url=file:///var/folders/h9/1mcmb7v94b70mh2143wlrlt40000gn/T/Arc%202024-03-26%2014:12:48/cursors/
2024-03-26T14:13:03.695+0100 notice   [CursorRecorder] Cursor images are written to disk. count=18 id=channel-0-cursor url=file:///var/folders/h9/1mcmb7v94b70mh2143wlrlt40000gn/T/Arc%202024-03-26%2014:12:48/cursors/
2024-03-26T14:13:03.708+0100 notice   [SessionWriter: channel-1-display-0] Reporting previous times duration=CMTime(seconds:nan timescale:0 value:0 flags:<empty>) id=channel-1-display newPresentationTime=CMTime(seconds:18000.020839 timescale:1000000000 value:18000020839000 flags:valid) originalDecodeTime=CMTime(seconds:nan timescale:0 value:0 flags:<empty>) originalPresentationTime=CMTime(seconds:18000.020839 timescale:1000000000 value:18000020839000 flags:valid)
2024-03-26T14:13:03.708+0100 notice   [SessionWriter: channel-1-display-0] Appending last sample buffer duration=CMTime(seconds:nan timescale:0 value:0 flags:<empty>) id=channel-1-display newPresentationTime=CMTime(seconds:18000.024849291 timescale:1000000000 value:18000024849291 flags:valid, hasBeenRounded) originalDecodeTime=CMTime(seconds:nan timescale:0 value:0 flags:<empty>) originalPresentationTime=CMTime(seconds:18000.020839 timescale:1000000000 value:18000020839000 flags:valid)
2024-03-26T14:13:04.745+0100 notice   [SessionWriter: channel-1-display-0] Waiting for final frames completed. id=channel-1-display systemUptime=18001.09364391667
2024-03-26T14:13:04.745+0100 debug    [SessionWriter: channel-1-display-0] Finishing SessionBuffer. id=channel-1-display
2024-03-26T14:13:04.745+0100 notice   [SessionWriter: channel-1-display-0] Finished SessionBuffer. id=channel-1-display
2024-03-26T14:13:04.745+0100 debug    [SessionWriter: channel-1-display-0] Flushing all frames from backpressure buffer. id=channel-1-display itemsInBuffer=0
2024-03-26T14:13:04.745+0100 notice   [SessionWriter: channel-1-display-0] Flushed all frames from backpressure buffer. id=channel-1-display itemsInBuffer=0
2024-03-26T14:13:04.745+0100 debug    [SessionWriter: channel-1-display-0] End session on AVAssetWriter id=channel-1-display sessionEnd=CMTime(seconds:18000.024849291 timescale:1000000000 value:18000024849291 flags:valid, hasBeenRounded)
2024-03-26T14:13:04.746+0100 notice   [SessionWriter: channel-1-display-0] End session on AVAssetWriter id=channel-1-display sessionEnd=CMTime(seconds:18000.024849291 timescale:1000000000 value:18000024849291 flags:valid, hasBeenRounded)
2024-03-26T14:13:04.746+0100 debug    [SessionWriter: channel-1-display-0] Finishing writing to asset writer. id=channel-1-display
2024-03-26T14:13:04.750+0100 notice   [SessionWriter: channel-1-display-0] Finished writing to assset writer. id=channel-1-display
2024-03-26T14:13:04.750+0100 debug    [SessionWriter: channel-1-display-0] Finishing writing to metadata file. id=channel-1-display
2024-03-26T14:13:04.750+0100 notice   [SessionWriter: channel-1-display-0] Finished writing to metadata file. id=channel-1-display
2024-03-26T14:13:04.750+0100 notice   [SessionWriter: channel-1-display-0] Completed recording, returning metadata. framesProcessed (excluding initial Ring buffer)=549 id=channel-1-display
2024-03-26T14:13:04.751+0100 notice   [DisplayRecorder: channel-1-display] Completed all session writers id=channel-1-display sessionWriters.count=1
2024-03-26T14:13:04.751+0100 debug    [DisplayRecorder: channel-1-display] Stopping stream capture. id=channel-1-display
2024-03-26T14:13:04.755+0100 notice   [DisplayRecorder: channel-1-display] Stopped stream capture. id=channel-1-display
2024-03-26T14:13:04.755+0100 debug    [DisplayRecorder: channel-1-display] Clearing frame timeout. id=channel-1-display
2024-03-26T14:13:04.755+0100 notice   [DisplayRecorder: channel-1-display] Cleared frame timeout. id=channel-1-display
2024-03-26T14:13:04.755+0100 debug    [DisplayRecorder: channel-1-display] Returning Metadata from cleanup id=channel-1-display totalFramesProcessed=553
2024-03-26T14:13:04.755+0100 debug    [DisplayRecorder: channel-1-display] Checking if file is undamaged id=channel-1-display url=file:///var/folders/h9/1mcmb7v94b70mh2143wlrlt40000gn/T/Arc%202024-03-26%2014:12:48/channel-1-display-0.mp4
2024-03-26T14:13:04.763+0100 debug    [DisplayRecorder: channel-1-display] Loaded duration from file duration=CMTime(seconds:14.138333333333334 timescale:600 value:8483 flags:valid) id=channel-1-display url=file:///var/folders/h9/1mcmb7v94b70mh2143wlrlt40000gn/T/Arc%202024-03-26%2014:12:48/channel-1-display-0.mp4
2024-03-26T14:13:04.763+0100 notice   [Conductor] Finalized recorders. errors=0 metadataCount=3 recorders=3
2024-03-26T14:13:04.763+0100 debug    [Conductor] Writing metadata file. metadataCount=3
2024-03-26T14:13:04.763+0100 notice   [Conductor] Metadata file written. metadataCount=3
2024-03-26T14:13:04.763+0100 debug    [Conductor] Ending latency critical activity.
2024-03-26T14:13:04.764+0100 notice   [Conductor] Ended latency critical activity.
2024-03-26T14:13:04.764+0100 notice   [Conductor] Recording stopped. errorCount=0 metadataCount=3 recorders=3
2024-03-26T14:13:04.764+0100 notice   [Conductor] Stopped recording. sessions=[
from:     17985.887  2024-03-26T14:12:49.539+0100
until:    18000.025  2024-03-26T14:13:03.677+0100
duration: 14.138
]
2024-03-26T14:13:04.764+0100 notice   [Polyrecorder] Nominal recording ended.
