2024-11-04T13:06:30.619+0100 notice   [Polyrecorder] Polyrecorder started. appStart=30151.07055866667 modelIdentifier=Mac14,2 operatingSystem=Version 15.1 (Build 24B83) systemLaunch=2024-11-04 03:43:59 +0000 version=1.10.1
2024-11-04T13:06:30.619+0100 notice   [polyrecorder] Connect RecordKit logger to Polyrecorder logger rkLogLevel=debug
2024-11-04T13:06:30.619+0100 debug    [Polyrecorder] Accessing active displays
2024-11-04T13:06:30.653+0100 notice   [Polyrecorder] Active displays: [polyrecorder.DisplayDiscovery.Display(displayID: 2, bounds: polyrecorder.Bounds(x: 0.0, y: 0.0, width: 3008.0, height: 1692.0), refreshRate: 60.0, isMain: true, isBuiltin: false), polyrecorder.DisplayDiscovery.Display(displayID: 1, bounds: polyrecorder.Bounds(x: 617.0, y: 1692.0, width: 1710.0, height: 1112.0), refreshRate: 60.0, isMain: false, isBuiltin: true)]
2024-11-04T13:06:30.653+0100 debug    [Polyrecorder] Validating configuration.
2024-11-04T13:06:30.653+0100 notice   [Polyrecorder] Configuration validated: {
  "logLevel" : "debug",
  "channels" : [
    {
      "captureKeyStrokes" : true,
      "type" : "input"
    },
    {
      "displayId" : 2,
      "cropRect" : {
        "x" : 0,
        "y" : 25,
        "height" : 1080,
        "width" : 1920,
        "yAxis" : "topBasedIncreasingDownwards"
      },
      "excludedWindowIds" : [
        2628,
        2629,
        2606,
        2624
      ],
      "excludeFinderDesktopIcons" : false,
      "type" : "display"
    }
  ],
  "outputDirectory" : "\/var\/folders\/79\/0y_fdswx35xgch3qfgbtjnth0000gn\/T\/Arc 2024-11-04 13:06:30"
}
2024-11-04T13:06:30.654+0100 debug    [Polyrecorder] Creating output directory. url=file:///var/folders/79/0y_fdswx35xgch3qfgbtjnth0000gn/T/Arc%202024-11-04%2013:06:30
2024-11-04T13:06:30.654+0100 notice   [Polyrecorder] Created output directory. url=file:///var/folders/79/0y_fdswx35xgch3qfgbtjnth0000gn/T/Arc%202024-11-04%2013:06:30
2024-11-04T13:06:30.654+0100 debug    [Polyrecorder] Redirecting logs to file. url=file:///var/folders/79/0y_fdswx35xgch3qfgbtjnth0000gn/T/Arc%202024-11-04%2013:06:30/polyrecorder.log
2024-11-04T13:06:30.654+0100 notice   [Polyrecorder] Redirected logs to file. url=file:///var/folders/79/0y_fdswx35xgch3qfgbtjnth0000gn/T/Arc%202024-11-04%2013:06:30/polyrecorder.log
2024-11-04T13:06:30.654+0100 debug    [Polyrecorder] Attaching uncaught exception handler.
2024-11-04T13:06:30.654+0100 notice   [Polyrecorder] Attached uncaught exception handler.
2024-11-04T13:06:30.654+0100 debug    [Polyrecorder] Enabling DAL devices...
2024-11-04T13:06:30.674+0100 notice   [Polyrecorder] Enabled DAL devices.
2024-11-04T13:06:30.674+0100 debug    [Polyrecorder] Creating conductor with recorders. channels=2
2024-11-04T13:06:30.675+0100 debug    [CursorRecorder] Checking if cursor folder/files don't exist yet.
2024-11-04T13:06:30.675+0100 notice   [CursorRecorder] Checked cursor folder/files don't exist yet.
2024-11-04T13:06:30.675+0100 debug    [CursorRecorder] Creating display link. displayId=2
2024-11-04T13:06:30.677+0100 notice   [CursorRecorder] Created display link. displayId=2
2024-11-04T13:06:30.677+0100 debug    [InputRecorder] Checking input monitoring authorization status. id=channel-0-input
2024-11-04T13:06:30.686+0100 notice   [InputRecorder] Input monitoring is authorized. id=channel-0-input
2024-11-04T13:06:30.699+0100 debug    [DisplayRecorder: channel-1-display] Checking if displayID 2 is in Active Displays list id=channel-1-display
2024-11-04T13:06:30.699+0100 debug    [DisplayRecorder: channel-1-display] Creating DisplayRecorderOutput id=channel-1-display
2024-11-04T13:06:30.703+0100 notice   [DisplayRecorder: channel-1-display] Created DisplayRecorderOutput id=channel-1-display output=DisplayRecorderOutput(cropRect: Optional((0.0, 25.0, 1920.0, 1080.0)), recordBounds: (0.0, 25.0, 1920.0, 1080.0), displayScaleFactor: 2, displayRefreshRate: 60.0, minFrameDuration: CMTime(seconds:0.016666666666666666 timescale:60 value:1 flags:valid), recordingScale: 0.5, assetWriterSettings: polyrecorder.AssetWriterSettings(mediaType: __C.AVMediaType(_rawValue: vide), outputSettings: ["AVVideoCompressionPropertiesKey": {
    AllowFrameReordering = 1;
    AverageBitRate = 25000000;
    AverageNonDroppableFrameRate = 30;
    ExpectedFrameRate = 60;
    H264EntropyMode = CABAC;
    MaxKeyFrameInterval = 30;
    ProfileLevel = "H264_High_AutoLevel";
}, "AVVideoHeightKey": 2160, "AVVideoWidthKey": 3840, "AVVideoScalingModeKey": AVVideoScalingModeResizeAspect, "AVVideoCodecKey": avc1, "AVVideoEncoderSpecificationKey": {
    EnableHardwareAcceleratedVideoEncoder = 1;
}]))
2024-11-04T13:06:30.703+0100 info     [Polyrecorder] Created conductor with recorders. channels=2 recorders=3
2024-11-04T13:06:30.703+0100 debug    [Polyrecorder] Attaching recorder abortion handler.
2024-11-04T13:06:30.703+0100 notice   [Polyrecorder] Attached recorder abortion handler.
2024-11-04T13:06:30.703+0100 debug    [Polyrecorder] Installing signal handlers on process 11924.
2024-11-04T13:06:30.703+0100 notice   [Polyrecorder] Installed signal handlers on process 11924.
2024-11-04T13:06:30.703+0100 notice   [Polyrecorder] Setup finished.
2024-11-04T13:06:30.703+0100 debug    [Conductor] Starting recording.
2024-11-04T13:06:30.703+0100 debug    [Conductor] Starting latency critical activity.
2024-11-04T13:06:30.704+0100 notice   [Conductor] Started latency critical activity.
2024-11-04T13:06:30.704+0100 debug    [Conductor] Setting up all recorders. recorders=3
2024-11-04T13:06:30.704+0100 debug    [InputRecorder] Starting event monitor. id=channel-0-input
2024-11-04T13:06:30.704+0100 info     [InputRecorder] Event monitor started. id=channel-0-input
2024-11-04T13:06:30.704+0100 debug    [DisplayRecorder: channel-1-display] Accessing ShareableContent id=channel-1-display
2024-11-04T13:06:30.704+0100 debug    [CursorRecorder] Creating cursor image directory. id=channel-0-cursor url=file:///var/folders/79/0y_fdswx35xgch3qfgbtjnth0000gn/T/Arc%202024-11-04%2013:06:30/cursors/
2024-11-04T13:06:30.704+0100 notice   [InputRecorder] Setup complete id=channel-0-input
2024-11-04T13:06:30.704+0100 notice   [CursorRecorder] Created cursor image directory. id=channel-0-cursor url=file:///var/folders/79/0y_fdswx35xgch3qfgbtjnth0000gn/T/Arc%202024-11-04%2013:06:30/cursors/
2024-11-04T13:06:30.745+0100 debug    [CursorRecorder] Preloading system cursors. cursors=18 id=channel-0-cursor
2024-11-04T13:06:30.745+0100 notice   [CursorRecorder] Preloaded system cursors. cursors=18 id=channel-0-cursor
2024-11-04T13:06:30.745+0100 debug    [CursorRecorder] Configuring display link output handler. errorRateLimit=10.0 id=channel-0-cursor
2024-11-04T13:06:30.745+0100 info     [CursorRecorder] Display link output handler configured. errorRateLimit=10.0 id=channel-0-cursor
2024-11-04T13:06:30.745+0100 debug    [CursorRecorder] Setting current display on display link. displayId=2 id=channel-0-cursor
2024-11-04T13:06:30.746+0100 info     [CursorRecorder] Current display on display link set. displayId=2 id=channel-0-cursor
2024-11-04T13:06:30.746+0100 debug    [CursorRecorder] Starting display link. displayId=2 id=channel-0-cursor
2024-11-04T13:06:30.746+0100 notice   [CursorRecorder] Started display link. displayId=2 id=channel-0-cursor
2024-11-04T13:06:30.746+0100 notice   [CursorRecorder] Setup complete id=channel-0-cursor
2024-11-04T13:06:30.748+0100 notice   [DisplayRecorder: channel-1-display] Received ShareableContent attempt=1 id=channel-1-display restarted=false
2024-11-04T13:06:30.748+0100 debug    [DisplayRecorder: channel-1-display] Creating SCContentFilter from configuration id=channel-1-display
2024-11-04T13:06:30.748+0100 debug    [DisplayRecorder: channel-1-display] Creating SCStream id=channel-1-display streamConfig=SCStreamConfiguration sourceRect:(0.0, 25.0, 1920.0, 1080.0) width:3840 height:2160 queueDepth:8
2024-11-04T13:06:30.764+0100 notice   [CursorRecorder] Refresh rate of current display changed. currentDisplay=2 id=channel-0-cursor refreshRate=59 FPS
2024-11-04T13:06:30.798+0100 notice   [DisplayRecorder: channel-1-display] Created SCStream id=channel-1-display
2024-11-04T13:06:30.798+0100 debug    [DisplayRecorder: channel-1-display] Add StreamOutput to capture screen content id=channel-1-display
2024-11-04T13:06:30.798+0100 debug    [DisplayRecorder: channel-1-display] Enable verbose SCK logging id=channel-1-display
2024-11-04T13:06:30.798+0100 debug    [DisplayRecorder: channel-1-display] Start stream capture id=channel-1-display
2024-11-04T13:06:30.855+0100 notice   [DisplayRecorder: channel-1-display] Started stream capture id=channel-1-display
2024-11-04T13:06:30.855+0100 debug    [DisplayRecorder: channel-1-display] Waiting for ring buffer to have a frame id=channel-1-display
2024-11-04T13:06:30.872+0100 debug    [StreamCoordinator: channel-1-display] Stream did output sample buffer id=channel-1-display isValid=true
2024-11-04T13:06:30.872+0100 debug    [DisplayRecorder: channel-1-display] Checking delta of presentation time stamp to host time clock. framePTS=30151.329829958 hostTime=30151.33086275 id=channel-1-display
2024-11-04T13:06:30.872+0100 notice   [DisplayRecorder: channel-1-display] Trivial delta between presentation time stamp to host time clock, will trust frame PTS. framePTS=30151.329829958 hostTime=30151.33086275 hostTimeDelta=0.001032792 id=channel-1-display
2024-11-04T13:06:30.872+0100 notice   [DisplayRecorder: channel-1-display] Ring buffer has a frame id=channel-1-display
2024-11-04T13:06:30.872+0100 debug    [DisplayRecorder: channel-1-display] Disable verbose SCK logging id=channel-1-display
2024-11-04T13:06:30.872+0100 notice   [DisplayRecorder: channel-1-display] Setup complete id=channel-1-display
2024-11-04T13:06:30.872+0100 notice   [Conductor] Did setup all recorders. recorders=3
2024-11-04T13:06:30.872+0100 debug    [Conductor] Calling prepare on all recorders for session. recorders=3
2024-11-04T13:06:30.872+0100 debug    [DisplayRecorder: channel-1-display] Creating SessionWriter id=channel-1-display
2024-11-04T13:06:30.872+0100 notice   [InputRecorder] Preparing session. id=channel-0-input sessions=0
2024-11-04T13:06:30.873+0100 debug    [SessionWriter: channel-1-display-0] Creating AVAssetWriter id=channel-1-display
2024-11-04T13:06:30.873+0100 notice   [SessionWriter: channel-1-display-0] Created AVAssetWriter id=channel-1-display
2024-11-04T13:06:30.873+0100 debug    [SessionWriter: channel-1-display-0] Add AVAssetWriter.error observation id=channel-1-display
2024-11-04T13:06:30.874+0100 notice   [SessionWriter: channel-1-display-0] Added AVAssetWriter.error observation id=channel-1-display
2024-11-04T13:06:30.874+0100 notice   [InputRecorder] Prepared session. id=channel-0-input sessions=1
2024-11-04T13:06:30.874+0100 debug    [SessionWriter: channel-1-display-0] Creating AVAssetWriterInput id=channel-1-display mediaType=AVMediaType(_rawValue: vide) outputSettings=["AVVideoCompressionPropertiesKey": {
    AllowFrameReordering = 1;
    AverageBitRate = 25000000;
    AverageNonDroppableFrameRate = 30;
    ExpectedFrameRate = 60;
    H264EntropyMode = CABAC;
    MaxKeyFrameInterval = 30;
    ProfileLevel = "H264_High_AutoLevel";
}, "AVVideoHeightKey": 2160, "AVVideoWidthKey": 3840, "AVVideoScalingModeKey": AVVideoScalingModeResizeAspect, "AVVideoCodecKey": avc1, "AVVideoEncoderSpecificationKey": {
    EnableHardwareAcceleratedVideoEncoder = 1;
}]
2024-11-04T13:06:30.963+0100 debug    [SessionWriter: channel-1-display-0] Adding AVAssetWriterInput to AVAssetWriter. id=channel-1-display
2024-11-04T13:06:30.963+0100 notice   [SessionWriter: channel-1-display-0] Added AVAssetWriterInput to AVAssetWriter id=channel-1-display
2024-11-04T13:06:30.987+0100 debug    [DisplayRecorder: channel-1-display] Processing initial samples from buffer. bufferCount=3 id=channel-1-display
2024-11-04T13:06:30.987+0100 notice   [DisplayRecorder: channel-1-display] Processed initial samples from buffer. bufferCount=3 id=channel-1-display
2024-11-04T13:06:30.987+0100 notice   [DisplayRecorder: channel-1-display] Created SessionWriter id=channel-1-display
2024-11-04T13:06:30.987+0100 notice   [Conductor] Called prepare recorders for session. recorders=3
2024-11-04T13:06:30.987+0100 debug    [Conductor] Broadcasting over stdout that all recorders are prepared. recorders=3
2024-11-04T13:06:30.987+0100 notice   [Conductor] Broadcasted over stdout that all recorders are prepared. recorders=3
2024-11-04T13:06:31.393+0100 notice   [SignalHandler] Received SIGCONT.
2024-11-04T13:06:31.393+0100 debug    [Conductor] Resuming recording.
2024-11-04T13:06:31.393+0100 notice   [Conductor] Recording resumed. recordFrom=30151.851910583337
2024-11-04T13:06:31.402+0100 debug    [SessionWriter: channel-1-display-0] Start session on AVAssetWriter id=channel-1-display sessionStart=CMTime(seconds:30151.851910583 timescale:1000000000 value:30151851910583 flags:valid, hasBeenRounded)
2024-11-04T13:06:31.402+0100 notice   [SessionWriter: channel-1-display-0] Started session on AVAssetWriter id=channel-1-display sessionStart=CMTime(seconds:30151.851910583 timescale:1000000000 value:30151851910583 flags:valid, hasBeenRounded)
2024-11-04T13:06:31.402+0100 notice   [SessionWriter: channel-1-display-0] Appending first sample buffer duration=CMTime(seconds:nan timescale:0 value:0 flags:<empty>) id=channel-1-display newPresentationTime=CMTime(seconds:30151.851910583 timescale:1000000000 value:30151851910583 flags:valid, hasBeenRounded) originalDecodeTime=CMTime(seconds:nan timescale:0 value:0 flags:<empty>) originalPresentationTime=CMTime(seconds:30151.846525875 timescale:1000000000 value:30151846525875 flags:valid)
2024-11-04T13:06:31.408+0100 notice   [SessionWriter: channel-1-display-0] Appending second sample buffer duration=CMTime(seconds:nan timescale:0 value:0 flags:<empty>) id=channel-1-display newPresentationTime=CMTime(seconds:30151.8631935 timescale:1000000000 value:30151863193500 flags:valid) originalDecodeTime=CMTime(seconds:nan timescale:0 value:0 flags:<empty>) originalPresentationTime=CMTime(seconds:30151.8631935 timescale:1000000000 value:30151863193500 flags:valid)
2024-11-04T13:06:35.489+0100 debug    [InputRecorderSession] Generated mouse move events for cursor changes between mouse moves. after=30155.934613625 generatedEvents=1 id=channel-0-input session=0 untilIncluding=30155.942591291
2024-11-04T13:06:35.507+0100 debug    [InputRecorderSession] Generated mouse move events for cursor changes between mouse moves. after=30155.950714208 generatedEvents=1 id=channel-0-input session=0 untilIncluding=30155.958767375
2024-11-04T13:06:35.691+0100 debug    [StreamCoordinator: channel-1-display] SCFrameStatus summary for last 5 seconds id=channel-1-display summary=[("complete", 110), ("idle", 121)] total=231
2024-11-04T13:06:35.799+0100 debug    [InputRecorderSession] Generated mouse move events for cursor changes between mouse moves. after=30155.958767375 generatedEvents=1 id=channel-0-input session=0 untilIncluding=30156.257320458
2024-11-04T13:06:36.416+0100 debug    [InputRecorderSession] Generated mouse move events for cursor changes between mouse moves. after=30156.854934125 generatedEvents=1 id=channel-0-input session=0 untilIncluding=30156.863004
2024-11-04T13:06:37.165+0100 debug    [InputRecorderSession] Generated mouse move events for cursor changes between mouse moves. after=30157.604942041 generatedEvents=1 id=channel-0-input session=0 untilIncluding=30157.613056208
2024-11-04T13:06:40.691+0100 debug    [StreamCoordinator: channel-1-display] SCFrameStatus summary for last 5 seconds id=channel-1-display summary=[("complete", 57), ("idle", 149)] total=206
2024-11-04T13:06:40.863+0100 debug    [InputRecorderSession] Generated mouse move events for cursor changes between mouse moves. after=30161.30268525 generatedEvents=1 id=channel-0-input session=0 untilIncluding=30161.310781916
2024-11-04T13:06:41.224+0100 debug    [InputRecorderSession] Generated mouse move events for cursor changes between mouse moves. after=30161.66589575 generatedEvents=1 id=channel-0-input session=0 untilIncluding=30161.6736505
2024-11-04T13:06:45.097+0100 debug    [InputRecorderSession] Generated mouse move events for cursor changes between mouse moves. after=30161.907745625 generatedEvents=1 id=channel-0-input session=0 untilIncluding=30165.555057083
2024-11-04T13:06:45.691+0100 debug    [StreamCoordinator: channel-1-display] SCFrameStatus summary for last 5 seconds id=channel-1-display summary=[("complete", 186), ("idle", 68)] total=254
2024-11-04T13:06:46.137+0100 notice   [SignalHandler] Received SIGINT.
2024-11-04T13:06:46.137+0100 warning  [Conductor] Pausing the recording to be able to stop.
2024-11-04T13:06:46.137+0100 debug    [Conductor] Pausing recording.
2024-11-04T13:06:46.137+0100 notice   [Conductor] Recording paused. recordUntil=30166.595454083334
2024-11-04T13:06:46.137+0100 debug    [Conductor] Stopping recording.
2024-11-04T13:06:46.137+0100 debug    [Conductor] Cleaning up recorders. recorders=3
2024-11-04T13:06:46.137+0100 debug    [CursorRecorder] Stopping display link. id=channel-0-cursor
2024-11-04T13:06:46.137+0100 debug    [InputRecorder] Stopping event monitor. id=channel-0-input
2024-11-04T13:06:46.137+0100 debug    [DisplayRecorder: channel-1-display] Completing all session writers id=channel-1-display sessionWriters.count=1
2024-11-04T13:06:46.137+0100 notice   [InputRecorder] Stopped eventTapForEvents. id=channel-0-input
2024-11-04T13:06:46.137+0100 notice   [CursorRecorder] Stopped display link. id=channel-0-cursor
2024-11-04T13:06:46.137+0100 info     [InputRecorder] Event monitor stopped. id=channel-0-input
2024-11-04T13:06:46.137+0100 debug    [InputRecorder] Finishing sessions. id=channel-0-input
2024-11-04T13:06:46.137+0100 debug    [InputRecorderSession] Generating mouse move events for stationary cursor changes at end of session. id=channel-0-input session=0
2024-11-04T13:06:46.137+0100 debug    [SessionWriter: channel-1-display-0] Completing recording. id=channel-1-display
2024-11-04T13:06:46.137+0100 debug    [SessionWriter: channel-1-display-0] Waiting for final frames. id=channel-1-display
2024-11-04T13:06:46.137+0100 notice   [InputRecorderSession] Generated mouse move events for stationary cursor changes at end of session. after=30166.519561541 generatedEvents=0 id=channel-0-input session=0 untilIncluding=30166.595454083334
2024-11-04T13:06:46.137+0100 debug    [CursorRecorder] Writing cursor information to disk. count=18 id=channel-0-cursor url=file:///var/folders/79/0y_fdswx35xgch3qfgbtjnth0000gn/T/Arc%202024-11-04%2013:06:30/cursors.json
2024-11-04T13:06:46.137+0100 notice   [SessionWriter: channel-1-display-0] Newer item produced recently, waiting for another second. id=channel-1-display lastItemTime=CMTime(seconds:30166.580692166 timescale:1000000000 value:30166580692166 flags:valid) previousLastItemTime=CMTime(seconds:-inf timescale:0 value:0 flags:valid, negativeInfinity)
2024-11-04T13:06:46.138+0100 notice   [InputRecorder] Finished writers. id=channel-0-input
2024-11-04T13:06:46.138+0100 notice   [CursorRecorder] Cursor information written to disk. count=18 id=channel-0-cursor url=file:///var/folders/79/0y_fdswx35xgch3qfgbtjnth0000gn/T/Arc%202024-11-04%2013:06:30/cursors.json
2024-11-04T13:06:46.138+0100 debug    [CursorRecorder] Writing cursor images to disk. count=18 id=channel-0-cursor url=file:///var/folders/79/0y_fdswx35xgch3qfgbtjnth0000gn/T/Arc%202024-11-04%2013:06:30/cursors/
2024-11-04T13:06:46.156+0100 notice   [CursorRecorder] Cursor images are written to disk. count=18 id=channel-0-cursor url=file:///var/folders/79/0y_fdswx35xgch3qfgbtjnth0000gn/T/Arc%202024-11-04%2013:06:30/cursors/
2024-11-04T13:06:47.197+0100 notice   [SessionWriter: channel-1-display-0] Waiting for final frames completed. id=channel-1-display systemUptime=30167.655349333334
2024-11-04T13:06:47.197+0100 debug    [SessionWriter: channel-1-display-0] Finishing SessionBoundedRetimer. id=channel-1-display
2024-11-04T13:06:47.197+0100 notice   [SessionWriter: channel-1-display-0] Finished SessionBoundedRetimer. id=channel-1-display
2024-11-04T13:06:47.197+0100 debug    [SessionWriter: channel-1-display-0] Flushing all frames from backpressure buffer. id=channel-1-display itemsInBuffer=0
2024-11-04T13:06:47.197+0100 notice   [SessionWriter: channel-1-display-0] Flushed all frames from backpressure buffer. id=channel-1-display itemsInBuffer=0
2024-11-04T13:06:47.197+0100 debug    [SessionWriter: channel-1-display-0] End session on AVAssetWriter id=channel-1-display sessionEnd=CMTime(seconds:30166.595454083 timescale:1000000000 value:30166595454083 flags:valid, hasBeenRounded)
2024-11-04T13:06:47.198+0100 notice   [SessionWriter: channel-1-display-0] End session on AVAssetWriter id=channel-1-display sessionEnd=CMTime(seconds:30166.595454083 timescale:1000000000 value:30166595454083 flags:valid, hasBeenRounded)
2024-11-04T13:06:47.198+0100 debug    [SessionWriter: channel-1-display-0] Finishing writing to asset writer. id=channel-1-display
2024-11-04T13:06:47.204+0100 notice   [SessionWriter: channel-1-display-0] Finished writing to assset writer. id=channel-1-display
2024-11-04T13:06:47.204+0100 debug    [SessionWriter: channel-1-display-0] Finishing writing to metadata file. id=channel-1-display
2024-11-04T13:06:47.204+0100 notice   [SessionWriter: channel-1-display-0] Finished writing to metadata file. id=channel-1-display
2024-11-04T13:06:47.204+0100 notice   [SessionWriter: channel-1-display-0] Completed recording, returning metadata. framesProcessed (excluding initial Ring buffer)=436 id=channel-1-display
2024-11-04T13:06:47.204+0100 notice   [DisplayRecorder: channel-1-display] Completed all session writers id=channel-1-display sessionWriters.count=1
2024-11-04T13:06:47.204+0100 debug    [DisplayRecorder: channel-1-display] Stopping stream capture. id=channel-1-display
2024-11-04T13:06:47.211+0100 notice   [DisplayRecorder: channel-1-display] Stopped stream capture. id=channel-1-display
2024-11-04T13:06:47.211+0100 debug    [DisplayRecorder: channel-1-display] Clearing frame timeout. id=channel-1-display
2024-11-04T13:06:47.211+0100 notice   [DisplayRecorder: channel-1-display] Cleared frame timeout. id=channel-1-display
2024-11-04T13:06:47.211+0100 debug    [DisplayRecorder: channel-1-display] Returning Metadata from cleanup id=channel-1-display totalFramesProcessed=438
2024-11-04T13:06:47.211+0100 debug    [DisplayRecorder: channel-1-display] Checking if file is undamaged id=channel-1-display url=file:///var/folders/79/0y_fdswx35xgch3qfgbtjnth0000gn/T/Arc%202024-11-04%2013:06:30/channel-1-display-0.mp4
2024-11-04T13:06:47.214+0100 debug    [DisplayRecorder: channel-1-display] Loaded duration from file duration=CMTime(seconds:14.743333333333334 timescale:600 value:8846 flags:valid) id=channel-1-display url=file:///var/folders/79/0y_fdswx35xgch3qfgbtjnth0000gn/T/Arc%202024-11-04%2013:06:30/channel-1-display-0.mp4
2024-11-04T13:06:47.214+0100 notice   [Conductor] Finalized recorders. errors=0 metadataCount=3 recorders=3
2024-11-04T13:06:47.214+0100 debug    [Conductor] Writing metadata file. metadataCount=3
2024-11-04T13:06:47.216+0100 notice   [Conductor] Metadata file written. metadataCount=3
2024-11-04T13:06:47.216+0100 debug    [Conductor] Ending latency critical activity.
2024-11-04T13:06:47.216+0100 notice   [Conductor] Ended latency critical activity.
2024-11-04T13:06:47.216+0100 notice   [Conductor] Recording stopped. errorCount=0 metadataCount=3 recorders=3
2024-11-04T13:06:47.217+0100 notice   [Conductor] Stopped recording. sessions=[
from:     30151.852  2024-11-04T13:06:31.393+0100
until:    30166.595  2024-11-04T13:06:46.137+0100
duration: 14.744
]
2024-11-04T13:06:47.217+0100 notice   [Polyrecorder] Nominal recording ended.
