2024-11-04T13:17:36.924+0100 notice   [Polyrecorder] Polyrecorder started. appStart=30817.379890375003 modelIdentifier=Mac14,2 operatingSystem=Version 15.1 (Build 24B83) systemLaunch=2024-11-04 03:43:59 +0000 version=1.10.1
2024-11-04T13:17:36.924+0100 notice   [polyrecorder] Connect RecordKit logger to Polyrecorder logger rkLogLevel=debug
2024-11-04T13:17:36.924+0100 debug    [Polyrecorder] Accessing active displays
2024-11-04T13:17:36.954+0100 notice   [Polyrecorder] Active displays: [polyrecorder.DisplayDiscovery.Display(displayID: 2, bounds: polyrecorder.Bounds(x: 0.0, y: 0.0, width: 3008.0, height: 1692.0), refreshRate: 60.0, isMain: true, isBuiltin: false), polyrecorder.DisplayDiscovery.Display(displayID: 1, bounds: polyrecorder.Bounds(x: 617.0, y: 1692.0, width: 1710.0, height: 1112.0), refreshRate: 60.0, isMain: false, isBuiltin: true)]
2024-11-04T13:17:36.954+0100 debug    [Polyrecorder] Validating configuration.
2024-11-04T13:17:36.955+0100 notice   [Polyrecorder] Configuration validated: {
  "channels" : [
    {
      "captureKeyStrokes" : true,
      "type" : "input"
    },
    {
      "cropRect" : {
        "yAxis" : "topBasedIncreasingDownwards",
        "y" : 25,
        "width" : 1920,
        "x" : 0,
        "height" : 1080
      },
      "type" : "display",
      "displayId" : 2,
      "excludedWindowIds" : [
        2807,
        2748,
        2806,
        2606
      ],
      "excludeFinderDesktopIcons" : false
    }
  ],
  "logLevel" : "debug",
  "outputDirectory" : "\/var\/folders\/79\/0y_fdswx35xgch3qfgbtjnth0000gn\/T\/Arc 2024-11-04 13:17:36"
}
2024-11-04T13:17:36.955+0100 debug    [Polyrecorder] Creating output directory. url=file:///var/folders/79/0y_fdswx35xgch3qfgbtjnth0000gn/T/Arc%202024-11-04%2013:17:36
2024-11-04T13:17:36.955+0100 notice   [Polyrecorder] Created output directory. url=file:///var/folders/79/0y_fdswx35xgch3qfgbtjnth0000gn/T/Arc%202024-11-04%2013:17:36
2024-11-04T13:17:36.955+0100 debug    [Polyrecorder] Redirecting logs to file. url=file:///var/folders/79/0y_fdswx35xgch3qfgbtjnth0000gn/T/Arc%202024-11-04%2013:17:36/polyrecorder.log
2024-11-04T13:17:36.955+0100 notice   [Polyrecorder] Redirected logs to file. url=file:///var/folders/79/0y_fdswx35xgch3qfgbtjnth0000gn/T/Arc%202024-11-04%2013:17:36/polyrecorder.log
2024-11-04T13:17:36.955+0100 debug    [Polyrecorder] Attaching uncaught exception handler.
2024-11-04T13:17:36.955+0100 notice   [Polyrecorder] Attached uncaught exception handler.
2024-11-04T13:17:36.955+0100 debug    [Polyrecorder] Enabling DAL devices...
2024-11-04T13:17:36.978+0100 notice   [Polyrecorder] Enabled DAL devices.
2024-11-04T13:17:36.978+0100 debug    [Polyrecorder] Creating conductor with recorders. channels=2
2024-11-04T13:17:36.978+0100 debug    [CursorRecorder] Checking if cursor folder/files don't exist yet.
2024-11-04T13:17:36.978+0100 notice   [CursorRecorder] Checked cursor folder/files don't exist yet.
2024-11-04T13:17:36.978+0100 debug    [CursorRecorder] Creating display link. displayId=2
2024-11-04T13:17:36.980+0100 notice   [CursorRecorder] Created display link. displayId=2
2024-11-04T13:17:36.980+0100 debug    [InputRecorder] Checking input monitoring authorization status. id=channel-0-input
2024-11-04T13:17:36.989+0100 notice   [InputRecorder] Input monitoring is authorized. id=channel-0-input
2024-11-04T13:17:37.002+0100 debug    [DisplayRecorder: channel-1-display] Checking if displayID 2 is in Active Displays list id=channel-1-display
2024-11-04T13:17:37.002+0100 debug    [DisplayRecorder: channel-1-display] Creating DisplayRecorderOutput id=channel-1-display
2024-11-04T13:17:37.005+0100 notice   [DisplayRecorder: channel-1-display] Created DisplayRecorderOutput id=channel-1-display output=DisplayRecorderOutput(cropRect: Optional((0.0, 25.0, 1920.0, 1080.0)), recordBounds: (0.0, 25.0, 1920.0, 1080.0), displayScaleFactor: 2, displayRefreshRate: 60.0, minFrameDuration: CMTime(seconds:0.016666666666666666 timescale:60 value:1 flags:valid), recordingScale: 0.5, assetWriterSettings: polyrecorder.AssetWriterSettings(mediaType: __C.AVMediaType(_rawValue: vide), outputSettings: ["AVVideoEncoderSpecificationKey": {
    EnableHardwareAcceleratedVideoEncoder = 1;
}, "AVVideoCodecKey": avc1, "AVVideoCompressionPropertiesKey": {
    AllowFrameReordering = 1;
    AverageBitRate = 25000000;
    AverageNonDroppableFrameRate = 30;
    ExpectedFrameRate = 60;
    H264EntropyMode = CABAC;
    MaxKeyFrameInterval = 30;
    ProfileLevel = "H264_High_AutoLevel";
}, "AVVideoWidthKey": 3840, "AVVideoHeightKey": 2160, "AVVideoScalingModeKey": AVVideoScalingModeResizeAspect]))
2024-11-04T13:17:37.005+0100 info     [Polyrecorder] Created conductor with recorders. channels=2 recorders=3
2024-11-04T13:17:37.005+0100 debug    [Polyrecorder] Attaching recorder abortion handler.
2024-11-04T13:17:37.005+0100 notice   [Polyrecorder] Attached recorder abortion handler.
2024-11-04T13:17:37.005+0100 debug    [Polyrecorder] Installing signal handlers on process 12514.
2024-11-04T13:17:37.005+0100 notice   [Polyrecorder] Installed signal handlers on process 12514.
2024-11-04T13:17:37.005+0100 notice   [Polyrecorder] Setup finished.
2024-11-04T13:17:37.005+0100 debug    [Conductor] Starting recording.
2024-11-04T13:17:37.005+0100 debug    [Conductor] Starting latency critical activity.
2024-11-04T13:17:37.006+0100 notice   [Conductor] Started latency critical activity.
2024-11-04T13:17:37.006+0100 debug    [Conductor] Setting up all recorders. recorders=3
2024-11-04T13:17:37.006+0100 debug    [InputRecorder] Starting event monitor. id=channel-0-input
2024-11-04T13:17:37.006+0100 info     [InputRecorder] Event monitor started. id=channel-0-input
2024-11-04T13:17:37.006+0100 notice   [InputRecorder] Setup complete id=channel-0-input
2024-11-04T13:17:37.006+0100 debug    [CursorRecorder] Creating cursor image directory. id=channel-0-cursor url=file:///var/folders/79/0y_fdswx35xgch3qfgbtjnth0000gn/T/Arc%202024-11-04%2013:17:36/cursors/
2024-11-04T13:17:37.006+0100 debug    [DisplayRecorder: channel-1-display] Accessing ShareableContent id=channel-1-display
2024-11-04T13:17:37.006+0100 notice   [CursorRecorder] Created cursor image directory. id=channel-0-cursor url=file:///var/folders/79/0y_fdswx35xgch3qfgbtjnth0000gn/T/Arc%202024-11-04%2013:17:36/cursors/
2024-11-04T13:17:37.048+0100 debug    [CursorRecorder] Preloading system cursors. cursors=18 id=channel-0-cursor
2024-11-04T13:17:37.048+0100 notice   [CursorRecorder] Preloaded system cursors. cursors=18 id=channel-0-cursor
2024-11-04T13:17:37.048+0100 debug    [CursorRecorder] Configuring display link output handler. errorRateLimit=10.0 id=channel-0-cursor
2024-11-04T13:17:37.048+0100 info     [CursorRecorder] Display link output handler configured. errorRateLimit=10.0 id=channel-0-cursor
2024-11-04T13:17:37.048+0100 debug    [CursorRecorder] Setting current display on display link. displayId=2 id=channel-0-cursor
2024-11-04T13:17:37.048+0100 info     [CursorRecorder] Current display on display link set. displayId=2 id=channel-0-cursor
2024-11-04T13:17:37.048+0100 debug    [CursorRecorder] Starting display link. displayId=2 id=channel-0-cursor
2024-11-04T13:17:37.048+0100 notice   [CursorRecorder] Started display link. displayId=2 id=channel-0-cursor
2024-11-04T13:17:37.048+0100 notice   [CursorRecorder] Setup complete id=channel-0-cursor
2024-11-04T13:17:37.053+0100 notice   [DisplayRecorder: channel-1-display] Received ShareableContent attempt=1 id=channel-1-display restarted=false
2024-11-04T13:17:37.053+0100 debug    [DisplayRecorder: channel-1-display] Creating SCContentFilter from configuration id=channel-1-display
2024-11-04T13:17:37.054+0100 debug    [DisplayRecorder: channel-1-display] Creating SCStream id=channel-1-display streamConfig=SCStreamConfiguration sourceRect:(0.0, 25.0, 1920.0, 1080.0) width:3840 height:2160 queueDepth:8
2024-11-04T13:17:37.064+0100 notice   [CursorRecorder] Refresh rate of current display changed. currentDisplay=2 id=channel-0-cursor refreshRate=59 FPS
2024-11-04T13:17:37.099+0100 notice   [DisplayRecorder: channel-1-display] Created SCStream id=channel-1-display
2024-11-04T13:17:37.100+0100 debug    [DisplayRecorder: channel-1-display] Add StreamOutput to capture screen content id=channel-1-display
2024-11-04T13:17:37.100+0100 debug    [DisplayRecorder: channel-1-display] Enable verbose SCK logging id=channel-1-display
2024-11-04T13:17:37.100+0100 debug    [DisplayRecorder: channel-1-display] Start stream capture id=channel-1-display
2024-11-04T13:17:37.155+0100 notice   [DisplayRecorder: channel-1-display] Started stream capture id=channel-1-display
2024-11-04T13:17:37.156+0100 debug    [DisplayRecorder: channel-1-display] Waiting for ring buffer to have a frame id=channel-1-display
2024-11-04T13:17:37.175+0100 debug    [StreamCoordinator: channel-1-display] Stream did output sample buffer id=channel-1-display isValid=true
2024-11-04T13:17:37.176+0100 debug    [DisplayRecorder: channel-1-display] Checking delta of presentation time stamp to host time clock. framePTS=30817.632599291 hostTime=30817.636727208 id=channel-1-display
2024-11-04T13:17:37.176+0100 notice   [DisplayRecorder: channel-1-display] Trivial delta between presentation time stamp to host time clock, will trust frame PTS. framePTS=30817.632599291 hostTime=30817.636727208 hostTimeDelta=0.004127917 id=channel-1-display
2024-11-04T13:17:37.176+0100 notice   [DisplayRecorder: channel-1-display] Ring buffer has a frame id=channel-1-display
2024-11-04T13:17:37.176+0100 debug    [DisplayRecorder: channel-1-display] Disable verbose SCK logging id=channel-1-display
2024-11-04T13:17:37.176+0100 notice   [DisplayRecorder: channel-1-display] Setup complete id=channel-1-display
2024-11-04T13:17:37.176+0100 notice   [Conductor] Did setup all recorders. recorders=3
2024-11-04T13:17:37.176+0100 debug    [Conductor] Calling prepare on all recorders for session. recorders=3
2024-11-04T13:17:37.176+0100 debug    [DisplayRecorder: channel-1-display] Creating SessionWriter id=channel-1-display
2024-11-04T13:17:37.176+0100 notice   [InputRecorder] Preparing session. id=channel-0-input sessions=0
2024-11-04T13:17:37.176+0100 debug    [SessionWriter: channel-1-display-0] Creating AVAssetWriter id=channel-1-display
2024-11-04T13:17:37.177+0100 notice   [SessionWriter: channel-1-display-0] Created AVAssetWriter id=channel-1-display
2024-11-04T13:17:37.177+0100 debug    [SessionWriter: channel-1-display-0] Add AVAssetWriter.error observation id=channel-1-display
2024-11-04T13:17:37.178+0100 notice   [SessionWriter: channel-1-display-0] Added AVAssetWriter.error observation id=channel-1-display
2024-11-04T13:17:37.178+0100 debug    [SessionWriter: channel-1-display-0] Creating AVAssetWriterInput id=channel-1-display mediaType=AVMediaType(_rawValue: vide) outputSettings=["AVVideoEncoderSpecificationKey": {
    EnableHardwareAcceleratedVideoEncoder = 1;
}, "AVVideoCodecKey": avc1, "AVVideoCompressionPropertiesKey": {
    AllowFrameReordering = 1;
    AverageBitRate = 25000000;
    AverageNonDroppableFrameRate = 30;
    ExpectedFrameRate = 60;
    H264EntropyMode = CABAC;
    MaxKeyFrameInterval = 30;
    ProfileLevel = "H264_High_AutoLevel";
}, "AVVideoWidthKey": 3840, "AVVideoHeightKey": 2160, "AVVideoScalingModeKey": AVVideoScalingModeResizeAspect]
2024-11-04T13:17:37.178+0100 notice   [InputRecorder] Prepared session. id=channel-0-input sessions=1
2024-11-04T13:17:37.268+0100 debug    [SessionWriter: channel-1-display-0] Adding AVAssetWriterInput to AVAssetWriter. id=channel-1-display
2024-11-04T13:17:37.268+0100 notice   [SessionWriter: channel-1-display-0] Added AVAssetWriterInput to AVAssetWriter id=channel-1-display
2024-11-04T13:17:37.290+0100 debug    [DisplayRecorder: channel-1-display] Processing initial samples from buffer. bufferCount=3 id=channel-1-display
2024-11-04T13:17:37.290+0100 notice   [DisplayRecorder: channel-1-display] Processed initial samples from buffer. bufferCount=3 id=channel-1-display
2024-11-04T13:17:37.290+0100 notice   [DisplayRecorder: channel-1-display] Created SessionWriter id=channel-1-display
2024-11-04T13:17:37.290+0100 notice   [Conductor] Called prepare recorders for session. recorders=3
2024-11-04T13:17:37.290+0100 debug    [Conductor] Broadcasting over stdout that all recorders are prepared. recorders=3
2024-11-04T13:17:37.290+0100 notice   [Conductor] Broadcasted over stdout that all recorders are prepared. recorders=3
2024-11-04T13:17:37.695+0100 notice   [SignalHandler] Received SIGCONT.
2024-11-04T13:17:37.695+0100 debug    [Conductor] Resuming recording.
2024-11-04T13:17:37.695+0100 notice   [Conductor] Recording resumed. recordFrom=30818.156364083334
2024-11-04T13:17:37.696+0100 debug    [SessionWriter: channel-1-display-0] Start session on AVAssetWriter id=channel-1-display sessionStart=CMTime(seconds:30818.156364083 timescale:1000000000 value:30818156364083 flags:valid, hasBeenRounded)
2024-11-04T13:17:37.697+0100 notice   [SessionWriter: channel-1-display-0] Started session on AVAssetWriter id=channel-1-display sessionStart=CMTime(seconds:30818.156364083 timescale:1000000000 value:30818156364083 flags:valid, hasBeenRounded)
2024-11-04T13:17:37.697+0100 notice   [SessionWriter: channel-1-display-0] Appending first sample buffer duration=CMTime(seconds:nan timescale:0 value:0 flags:<empty>) id=channel-1-display newPresentationTime=CMTime(seconds:30818.156364083 timescale:1000000000 value:30818156364083 flags:valid, hasBeenRounded) originalDecodeTime=CMTime(seconds:nan timescale:0 value:0 flags:<empty>) originalPresentationTime=CMTime(seconds:30818.115959375 timescale:1000000000 value:30818115959375 flags:valid)
2024-11-04T13:17:37.703+0100 notice   [SessionWriter: channel-1-display-0] Appending second sample buffer duration=CMTime(seconds:nan timescale:0 value:0 flags:<empty>) id=channel-1-display newPresentationTime=CMTime(seconds:30818.165962208 timescale:1000000000 value:30818165962208 flags:valid) originalDecodeTime=CMTime(seconds:nan timescale:0 value:0 flags:<empty>) originalPresentationTime=CMTime(seconds:30818.165962208 timescale:1000000000 value:30818165962208 flags:valid)
2024-11-04T13:17:40.067+0100 debug    [InputRecorderSession] Generated mouse move events for cursor changes between mouse moves. after=30819.607730375 generatedEvents=1 id=channel-0-input session=0 untilIncluding=30820.528093791
2024-11-04T13:17:41.994+0100 debug    [StreamCoordinator: channel-1-display] SCFrameStatus summary for last 5 seconds id=channel-1-display summary=[("complete", 115), ("idle", 123)] total=238
2024-11-04T13:17:42.580+0100 debug    [InputRecorderSession] Generated mouse move events for cursor changes between mouse moves. after=30823.022883958 generatedEvents=1 id=channel-0-input session=0 untilIncluding=30823.030516416
2024-11-04T13:17:44.604+0100 debug    [InputRecorderSession] Generated mouse move events for cursor changes between mouse moves. after=30825.056902625 generatedEvents=1 id=channel-0-input session=0 untilIncluding=30825.06503275
2024-11-04T13:17:45.920+0100 debug    [InputRecorderSession] Generated mouse move events for cursor changes between mouse moves. after=30826.373189083 generatedEvents=1 id=channel-0-input session=0 untilIncluding=30826.381275333
2024-11-04T13:17:46.994+0100 debug    [StreamCoordinator: channel-1-display] SCFrameStatus summary for last 5 seconds id=channel-1-display summary=[("complete", 99), ("idle", 129)] total=228
2024-11-04T13:17:51.175+0100 notice   [SignalHandler] Received SIGINT.
2024-11-04T13:17:51.176+0100 warning  [Conductor] Pausing the recording to be able to stop.
2024-11-04T13:17:51.176+0100 debug    [Conductor] Pausing recording.
2024-11-04T13:17:51.176+0100 notice   [Conductor] Recording paused. recordUntil=30831.636849375
2024-11-04T13:17:51.176+0100 debug    [Conductor] Stopping recording.
2024-11-04T13:17:51.176+0100 debug    [Conductor] Cleaning up recorders. recorders=3
2024-11-04T13:17:51.176+0100 debug    [CursorRecorder] Stopping display link. id=channel-0-cursor
2024-11-04T13:17:51.176+0100 debug    [InputRecorder] Stopping event monitor. id=channel-0-input
2024-11-04T13:17:51.176+0100 debug    [DisplayRecorder: channel-1-display] Completing all session writers id=channel-1-display sessionWriters.count=1
2024-11-04T13:17:51.176+0100 notice   [CursorRecorder] Stopped display link. id=channel-0-cursor
2024-11-04T13:17:51.176+0100 notice   [InputRecorder] Stopped eventTapForEvents. id=channel-0-input
2024-11-04T13:17:51.176+0100 debug    [SessionWriter: channel-1-display-0] Completing recording. id=channel-1-display
2024-11-04T13:17:51.176+0100 debug    [SessionWriter: channel-1-display-0] Waiting for final frames. id=channel-1-display
2024-11-04T13:17:51.176+0100 debug    [CursorRecorder] Writing cursor information to disk. count=18 id=channel-0-cursor url=file:///var/folders/79/0y_fdswx35xgch3qfgbtjnth0000gn/T/Arc%202024-11-04%2013:17:36/cursors.json
2024-11-04T13:17:51.176+0100 notice   [SessionWriter: channel-1-display-0] Newer item produced recently, waiting for another second. id=channel-1-display lastItemTime=CMTime(seconds:30829.466587041 timescale:1000000000 value:30829466587041 flags:valid) previousLastItemTime=CMTime(seconds:-inf timescale:0 value:0 flags:valid, negativeInfinity)
2024-11-04T13:17:51.176+0100 info     [InputRecorder] Event monitor stopped. id=channel-0-input
2024-11-04T13:17:51.176+0100 debug    [InputRecorder] Finishing sessions. id=channel-0-input
2024-11-04T13:17:51.176+0100 debug    [InputRecorderSession] Generating mouse move events for stationary cursor changes at end of session. id=channel-0-input session=0
2024-11-04T13:17:51.176+0100 notice   [InputRecorderSession] Generated mouse move events for stationary cursor changes at end of session. after=30831.388891541 generatedEvents=0 id=channel-0-input session=0 untilIncluding=30831.636849375
2024-11-04T13:17:51.177+0100 notice   [InputRecorder] Finished writers. id=channel-0-input
2024-11-04T13:17:51.178+0100 notice   [CursorRecorder] Cursor information written to disk. count=18 id=channel-0-cursor url=file:///var/folders/79/0y_fdswx35xgch3qfgbtjnth0000gn/T/Arc%202024-11-04%2013:17:36/cursors.json
2024-11-04T13:17:51.178+0100 debug    [CursorRecorder] Writing cursor images to disk. count=18 id=channel-0-cursor url=file:///var/folders/79/0y_fdswx35xgch3qfgbtjnth0000gn/T/Arc%202024-11-04%2013:17:36/cursors/
2024-11-04T13:17:51.197+0100 notice   [CursorRecorder] Cursor images are written to disk. count=18 id=channel-0-cursor url=file:///var/folders/79/0y_fdswx35xgch3qfgbtjnth0000gn/T/Arc%202024-11-04%2013:17:36/cursors/
2024-11-04T13:17:51.994+0100 debug    [StreamCoordinator: channel-1-display] SCFrameStatus summary for last 5 seconds id=channel-1-display summary=[("complete", 28), ("idle", 195)] total=223
2024-11-04T13:17:52.242+0100 notice   [SessionWriter: channel-1-display-0] Waiting for final frames completed. id=channel-1-display systemUptime=30832.70287616667
2024-11-04T13:17:52.242+0100 debug    [SessionWriter: channel-1-display-0] Finishing SessionBoundedRetimer. id=channel-1-display
2024-11-04T13:17:52.242+0100 notice   [SessionWriter: channel-1-display-0] Finished SessionBoundedRetimer. id=channel-1-display
2024-11-04T13:17:52.242+0100 debug    [SessionWriter: channel-1-display-0] Flushing all frames from backpressure buffer. id=channel-1-display itemsInBuffer=0
2024-11-04T13:17:52.242+0100 notice   [SessionWriter: channel-1-display-0] Flushed all frames from backpressure buffer. id=channel-1-display itemsInBuffer=0
2024-11-04T13:17:52.242+0100 debug    [SessionWriter: channel-1-display-0] End session on AVAssetWriter id=channel-1-display sessionEnd=CMTime(seconds:30831.636849375 timescale:1000000000 value:30831636849375 flags:valid)
2024-11-04T13:17:52.243+0100 notice   [SessionWriter: channel-1-display-0] End session on AVAssetWriter id=channel-1-display sessionEnd=CMTime(seconds:30831.636849375 timescale:1000000000 value:30831636849375 flags:valid)
2024-11-04T13:17:52.243+0100 debug    [SessionWriter: channel-1-display-0] Finishing writing to asset writer. id=channel-1-display
2024-11-04T13:17:52.249+0100 notice   [SessionWriter: channel-1-display-0] Finished writing to assset writer. id=channel-1-display
2024-11-04T13:17:52.249+0100 debug    [SessionWriter: channel-1-display-0] Finishing writing to metadata file. id=channel-1-display
2024-11-04T13:17:52.249+0100 notice   [SessionWriter: channel-1-display-0] Finished writing to metadata file. id=channel-1-display
2024-11-04T13:17:52.249+0100 notice   [SessionWriter: channel-1-display-0] Completed recording, returning metadata. framesProcessed (excluding initial Ring buffer)=240 id=channel-1-display
2024-11-04T13:17:52.249+0100 notice   [DisplayRecorder: channel-1-display] Completed all session writers id=channel-1-display sessionWriters.count=1
2024-11-04T13:17:52.249+0100 debug    [DisplayRecorder: channel-1-display] Stopping stream capture. id=channel-1-display
2024-11-04T13:17:52.256+0100 notice   [DisplayRecorder: channel-1-display] Stopped stream capture. id=channel-1-display
2024-11-04T13:17:52.256+0100 debug    [DisplayRecorder: channel-1-display] Clearing frame timeout. id=channel-1-display
2024-11-04T13:17:52.256+0100 notice   [DisplayRecorder: channel-1-display] Cleared frame timeout. id=channel-1-display
2024-11-04T13:17:52.256+0100 debug    [DisplayRecorder: channel-1-display] Returning Metadata from cleanup id=channel-1-display totalFramesProcessed=242
2024-11-04T13:17:52.257+0100 debug    [DisplayRecorder: channel-1-display] Checking if file is undamaged id=channel-1-display url=file:///var/folders/79/0y_fdswx35xgch3qfgbtjnth0000gn/T/Arc%202024-11-04%2013:17:36/channel-1-display-0.mp4
2024-11-04T13:17:52.259+0100 debug    [DisplayRecorder: channel-1-display] Loaded duration from file duration=CMTime(seconds:13.48 timescale:600 value:8088 flags:valid) id=channel-1-display url=file:///var/folders/79/0y_fdswx35xgch3qfgbtjnth0000gn/T/Arc%202024-11-04%2013:17:36/channel-1-display-0.mp4
2024-11-04T13:17:52.259+0100 notice   [Conductor] Finalized recorders. errors=0 metadataCount=3 recorders=3
2024-11-04T13:17:52.259+0100 debug    [Conductor] Writing metadata file. metadataCount=3
2024-11-04T13:17:52.261+0100 notice   [Conductor] Metadata file written. metadataCount=3
2024-11-04T13:17:52.261+0100 debug    [Conductor] Ending latency critical activity.
2024-11-04T13:17:52.261+0100 notice   [Conductor] Ended latency critical activity.
2024-11-04T13:17:52.261+0100 notice   [Conductor] Recording stopped. errorCount=0 metadataCount=3 recorders=3
2024-11-04T13:17:52.262+0100 notice   [Conductor] Stopped recording. sessions=[
from:     30818.156  2024-11-04T13:17:37.695+0100
until:    30831.637  2024-11-04T13:17:51.176+0100
duration: 13.480
]
2024-11-04T13:17:52.262+0100 notice   [Polyrecorder] Nominal recording ended.
